{"uid":"1347da80f7612009","name":"Verify individual product details #2","historyId":"529692005ff768914883db8850675a23","time":{"start":1758775676099,"stop":1758775687359,"duration":11260},"description":"","status":"failed","statusMessage":"Element not found {.card-title[0]}\r\nExpected: visible\r\nScreenshot: file:/E:/Courses/Amalitech%20GTP/Projects/demoblazeProjectPlaywright/target/screenshots/1758775685393.2.png\r\nPage source: file:/E:/Courses/Amalitech%20GTP/Projects/demoblazeProjectPlaywright/target/screenshots/1758775685393.2.html\r\nTimeout: 4 s.\r\nCaused by: NoSuchElementException: no such element: Unable to locate element: {\"method\":\"css selector\",\"selector\":\".card-title\"}","statusTrace":"Element not found {.card-title[0]}\r\nExpected: visible\r\nScreenshot: file:/E:/Courses/Amalitech%20GTP/Projects/demoblazeProjectPlaywright/target/screenshots/1758775685393.2.png\r\nPage source: file:/E:/Courses/Amalitech%20GTP/Projects/demoblazeProjectPlaywright/target/screenshots/1758775685393.2.html\r\nTimeout: 4 s.\r\nCaused by: NoSuchElementException: no such element: Unable to locate element: {\"method\":\"css selector\",\"selector\":\".card-title\"}\r\n\tat com.codeborne.selenide.impl.CollectionElement.createElementNotFoundError(CollectionElement.java:58)\r\n\tat com.codeborne.selenide.impl.WebElementSource.handleError(WebElementSource.java:140)\r\n\tat com.codeborne.selenide.impl.WebElementSource.checkConditionAndReturnElement(WebElementSource.java:123)\r\n\tat com.codeborne.selenide.impl.WebElementSource.findAndAssertElementIsClickable(WebElementSource.java:169)\r\n\tat com.codeborne.selenide.commands.Click.findElement(Click.java:53)\r\n\tat com.codeborne.selenide.commands.Click.execute(Click.java:39)\r\n\tat com.codeborne.selenide.FluentCommand.execute(FluentCommand.java:27)\r\n\tat com.codeborne.selenide.FluentCommand.execute(FluentCommand.java:19)\r\n\tat com.codeborne.selenide.commands.Commands.execute(Commands.java:160)\r\n\tat com.codeborne.selenide.impl.SelenideElementProxy.dispatchAndRetry(SelenideElementProxy.java:131)\r\n\tat com.codeborne.selenide.impl.SelenideElementProxy.invoke(SelenideElementProxy.java:83)\r\n\tat jdk.proxy2/jdk.proxy2.$Proxy25.click(Unknown Source)\r\n\tat pages.HomePage.clickProduct(HomePage.java:119)\r\n\tat pages.HomePage.clickOnFirstProduct(HomePage.java:170)\r\n\tat stepDefinitions.HomePageSteps.i_click_on_product(HomePageSteps.java:99)\r\n\tat âœ½.I click on \"Nexus 6\" product(file:///E:/Courses/Amalitech%20GTP/Projects/demoblazeProjectPlaywright/src/test/resources/features/HomePage.feature:44)\r\nCaused by: org.openqa.selenium.NoSuchElementException: no such element: Unable to locate element: {\"method\":\"css selector\",\"selector\":\".card-title\"}\n  (Session info: chrome=140.0.7339.185)\nFor documentation on this error, please visit: https://www.selenium.dev/documentation/webdriver/troubleshooting/errors#no-such-element-exception\nBuild info: version: '4.35.0', revision: '1c58e5028b'\nSystem info: os.name: 'Windows 11', os.arch: 'amd64', os.version: '10.0', java.version: '23.0.2'\nDriver info: org.openqa.selenium.chrome.ChromeDriver\nCommand: [4723efdae6719dc54cd9b4ebfb8db431, findElement {value=.card-title, using=css selector}]\nCapabilities {acceptInsecureCerts: true, browserName: chrome, browserVersion: 140.0.7339.185, chrome: {chromedriverVersion: 140.0.7339.207 (17230b545fd..., userDataDir: C:\\Users\\EMMANU~1\\AppData\\L...}, fedcm:accounts: true, goog:chromeOptions: {debuggerAddress: localhost:4250}, networkConnectionEnabled: false, pageLoadStrategy: normal, platformName: windows, proxy: Proxy(), se:cdp: ws://localhost:4250/devtool..., se:cdpVersion: 140.0.7339.185, setWindowRect: true, strictFileInteractability: false, timeouts: {implicit: 0, pageLoad: 300000, script: 30000}, unhandledPromptBehavior: accept, webauthn:extension:credBlob: true, webauthn:extension:largeBlob: true, webauthn:extension:minPinLength: true, webauthn:extension:prf: true, webauthn:virtualAuthenticators: true}\nSession ID: 4723efdae6719dc54cd9b4ebfb8db431\r\n\tat java.base/java.lang.reflect.Constructor.newInstanceWithCaller(Constructor.java:501)\r\n\tat java.base/java.lang.reflect.Constructor.newInstance(Constructor.java:485)\r\n\tat org.openqa.selenium.remote.ErrorCodec.decode(ErrorCodec.java:167)\r\n\tat org.openqa.selenium.remote.codec.w3c.W3CHttpResponseCodec.decode(W3CHttpResponseCodec.java:138)\r\n\tat org.openqa.selenium.remote.codec.w3c.W3CHttpResponseCodec.decode(W3CHttpResponseCodec.java:50)\r\n\tat org.openqa.selenium.remote.HttpCommandExecutor.execute(HttpCommandExecutor.java:215)\r\n\tat org.openqa.selenium.remote.service.DriverCommandExecutor.invokeExecute(DriverCommandExecutor.java:216)\r\n\tat org.openqa.selenium.remote.service.DriverCommandExecutor.execute(DriverCommandExecutor.java:174)\r\n\tat org.openqa.selenium.remote.RemoteWebDriver.execute(RemoteWebDriver.java:557)\r\n\tat org.openqa.selenium.remote.ElementLocation$ElementFinder$2.findElement(ElementLocation.java:165)\r\n\tat org.openqa.selenium.remote.ElementLocation.findElement(ElementLocation.java:59)\r\n\tat org.openqa.selenium.remote.RemoteWebDriver.findElement(RemoteWebDriver.java:380)\r\n\tat org.openqa.selenium.remote.RemoteWebDriver.findElement(RemoteWebDriver.java:374)\r\n\tat com.codeborne.selenide.impl.WebElementSelector.findElement(WebElementSelector.java:67)\r\n\tat com.codeborne.selenide.impl.WebElementSelector.findElement(WebElementSelector.java:38)\r\n\tat com.codeborne.selenide.impl.WebElementSelector.findElement(WebElementSelector.java:29)\r\n\tat com.codeborne.selenide.impl.BySelectorCollection.getElement(BySelectorCollection.java:40)\r\n\tat com.codeborne.selenide.impl.CollectionElement.getWebElement(CollectionElement.java:42)\r\n\tat com.codeborne.selenide.impl.WebElementSource.checkConditionAndReturnElement(WebElementSource.java:112)\r\n\tat com.codeborne.selenide.impl.WebElementSource.findAndAssertElementIsClickable(WebElementSource.java:169)\r\n\tat com.codeborne.selenide.commands.Click.findElement(Click.java:53)\r\n\tat com.codeborne.selenide.commands.Click.execute(Click.java:39)\r\n\tat com.codeborne.selenide.FluentCommand.execute(FluentCommand.java:27)\r\n\tat com.codeborne.selenide.FluentCommand.execute(FluentCommand.java:19)\r\n\tat com.codeborne.selenide.commands.Commands.execute(Commands.java:160)\r\n\tat com.codeborne.selenide.impl.SelenideElementProxy.dispatchAndRetry(SelenideElementProxy.java:131)\r\n\tat com.codeborne.selenide.impl.SelenideElementProxy.invoke(SelenideElementProxy.java:83)\r\n\tat jdk.proxy2/jdk.proxy2.$Proxy25.click(Unknown Source)\r\n\tat pages.HomePage.clickProduct(HomePage.java:119)\r\n\tat pages.HomePage.clickOnFirstProduct(HomePage.java:170)\r\n\tat stepDefinitions.HomePageSteps.i_click_on_product(HomePageSteps.java:99)\r\n\tat java.base/java.lang.reflect.Method.invoke(Method.java:580)\r\n\tat io.cucumber.java.Invoker.doInvoke(Invoker.java:66)\r\n\tat io.cucumber.java.Invoker.invoke(Invoker.java:24)\r\n\tat io.cucumber.java.AbstractGlueDefinition.invokeMethod(AbstractGlueDefinition.java:47)\r\n\tat io.cucumber.java.JavaStepDefinition.execute(JavaStepDefinition.java:29)\r\n\tat io.cucumber.core.runner.CoreStepDefinition.execute(CoreStepDefinition.java:66)\r\n\tat io.cucumber.core.runner.PickleStepDefinitionMatch.runStep(PickleStepDefinitionMatch.java:63)\r\n\tat io.cucumber.core.runner.ExecutionMode$1.execute(ExecutionMode.java:10)\r\n\tat io.cucumber.core.runner.TestStep.executeStep(TestStep.java:84)\r\n\tat io.cucumber.core.runner.TestStep.run(TestStep.java:56)\r\n\tat io.cucumber.core.runner.PickleStepTestStep.run(PickleStepTestStep.java:51)\r\n\tat io.cucumber.core.runner.TestCase.run(TestCase.java:84)\r\n\tat io.cucumber.core.runner.Runner.runPickle(Runner.java:75)\r\n\tat io.cucumber.junit.PickleRunners$NoStepDescriptions.lambda$run$0(PickleRunners.java:151)\r\n\tat io.cucumber.core.runtime.CucumberExecutionContext.lambda$runTestCase$5(CucumberExecutionContext.java:137)\r\n\tat io.cucumber.core.runtime.RethrowingThrowableCollector.executeAndThrow(RethrowingThrowableCollector.java:23)\r\n\tat io.cucumber.core.runtime.CucumberExecutionContext.runTestCase(CucumberExecutionContext.java:137)\r\n\tat io.cucumber.junit.PickleRunners$NoStepDescriptions.run(PickleRunners.java:148)\r\n\tat io.cucumber.junit.FeatureRunner.runChild(FeatureRunner.java:144)\r\n\tat io.cucumber.junit.FeatureRunner.runChild(FeatureRunner.java:28)\r\n\tat io.cucumber.junit.FeatureRunner.run(FeatureRunner.java:137)\r\n\tat io.cucumber.junit.Cucumber.runChild(Cucumber.java:196)\r\n\tat io.cucumber.junit.Cucumber.runChild(Cucumber.java:89)\r\n\tat io.cucumber.core.runtime.CucumberExecutionContext.lambda$runFeatures$6(CucumberExecutionContext.java:148)\r\n\tat io.cucumber.core.runtime.CucumberExecutionContext.execute(CucumberExecutionContext.java:163)\r\n\tat io.cucumber.core.runtime.CucumberExecutionContext.runFeatures(CucumberExecutionContext.java:146)\r\n\tat io.cucumber.junit.Cucumber$StartAndFinishTestRun.evaluate(Cucumber.java:226)\r\n","flaky":false,"newFailed":false,"newBroken":false,"newPassed":false,"retriesCount":0,"retriesStatusChange":false,"beforeStages":[],"afterStages":[],"labels":[{"name":"junit.platform.uniqueid","value":"[engine:junit-vintage]/[runner:runners.CucumberTestRunner]/[test:rO0ABXNyAClpby5jdWN1bWJlci5qdW5pdC5GZWF0dXJlUnVubmVyJEZlYXR1cmVJZAAAAAAAAAABAgABTAADdXJpdAAOTGphdmEvbmV0L1VSSTt4cHNyAAxqYXZhLm5ldC5VUkmsAXguQ55JqwMAAUwABnN0cmluZ3QAEkxqYXZhL2xhbmcvU3RyaW5nO3hwdABzZmlsZTovLy9FOi9Db3Vyc2VzL0FtYWxpdGVjaCUyMEdUUC9Qcm9qZWN0cy9kZW1vYmxhemVQcm9qZWN0UGxheXdyaWdodC9zcmMvdGVzdC9yZXNvdXJjZXMvZmVhdHVyZXMvSG9tZVBhZ2UuZmVhdHVyZXg=]/[test:rO0ABXNyAChpby5jdWN1bWJlci5qdW5pdC5QaWNrbGVSdW5uZXJzJFBpY2tsZUlkAAAAAAAAAAECAAJJAApwaWNrbGVMaW5lTAADdXJpdAAOTGphdmEvbmV0L1VSSTt4cAAAADdzcgAMamF2YS5uZXQuVVJJrAF4LkOeSasDAAFMAAZzdHJpbmd0ABJMamF2YS9sYW5nL1N0cmluZzt4cHQAc2ZpbGU6Ly8vRTovQ291cnNlcy9BbWFsaXRlY2glMjBHVFAvUHJvamVjdHMvZGVtb2JsYXplUHJvamVjdFBsYXl3cmlnaHQvc3JjL3Rlc3QvcmVzb3VyY2VzL2ZlYXR1cmVzL0hvbWVQYWdlLmZlYXR1cmV4]"},{"name":"host","value":"EMMANUEL-LAPTOP"},{"name":"thread","value":"6524@EMMANUEL-LAPTOP.main(1)"},{"name":"framework","value":"junit-platform"},{"name":"language","value":"java"},{"name":"resultFormat","value":"allure2"}],"parameters":[],"links":[],"hidden":false,"retry":false,"extra":{"severity":"normal","retries":[],"categories":[{"name":"Product defects","matchedStatuses":[],"flaky":false}],"tags":[]},"source":"1347da80f7612009.json","parameterValues":[]}