{"uid":"24585c1be28a4f4d","name":"Validate order form with different data combinations #1","historyId":"9da0701bb79719d328310bbd83ec758f","time":{"start":1758894981317,"stop":1758895003049,"duration":21732},"description":"","status":"failed","statusMessage":"Alert not found\nScreenshot: file:/app/target/screenshots/1758895001605.4.png\nPage source: file:/app/target/screenshots/1758895001605.4.html\nTimeout: 4 s.\nCaused by: TimeoutException: Expected condition failed: waiting for alert to be present (tried for 4 second(s) with 200 milliseconds interval)","statusTrace":"Alert not found\nScreenshot: file:/app/target/screenshots/1758895001605.4.png\nPage source: file:/app/target/screenshots/1758895001605.4.html\nTimeout: 4 s.\nCaused by: TimeoutException: Expected condition failed: waiting for alert to be present (tried for 4 second(s) with 200 milliseconds interval)\n\tat com.codeborne.selenide.SelenideTargetLocator.alertNotFoundError(SelenideTargetLocator.java:308)\n\tat com.codeborne.selenide.SelenideTargetLocator.alert(SelenideTargetLocator.java:182)\n\tat com.codeborne.selenide.SelenideTargetLocator.alert(SelenideTargetLocator.java:172)\n\tat stepDefinitions.OrderPlacementSteps.i_should_see_appropriate_response_for_order(OrderPlacementSteps.java:162)\n\tat âœ½.I should see appropriate response for order \"valid_order\"(file:///app/src/test/resources/features/OrderPlacement.feature:59)\nCaused by: org.openqa.selenium.TimeoutException: Expected condition failed: waiting for alert to be present (tried for 4 second(s) with 200 milliseconds interval)\nBuild info: version: '4.35.0', revision: '1c58e5028b'\nSystem info: os.name: 'Linux', os.arch: 'amd64', os.version: '6.6.87.2-microsoft-standard-WSL2', java.version: '21'\nDriver info: driver.version: unknown\n\tat org.openqa.selenium.support.ui.FluentWait.timeoutException(FluentWait.java:265)\n\tat org.openqa.selenium.support.ui.FluentWait.until(FluentWait.java:228)\n\tat com.codeborne.selenide.SelenideTargetLocator.alert(SelenideTargetLocator.java:179)\n\tat com.codeborne.selenide.SelenideTargetLocator.alert(SelenideTargetLocator.java:172)\n\tat stepDefinitions.OrderPlacementSteps.i_should_see_appropriate_response_for_order(OrderPlacementSteps.java:162)\n\tat java.base/java.lang.reflect.Method.invoke(Method.java:580)\n\tat io.cucumber.java.Invoker.doInvoke(Invoker.java:66)\n\tat io.cucumber.java.Invoker.invoke(Invoker.java:24)\n\tat io.cucumber.java.AbstractGlueDefinition.invokeMethod(AbstractGlueDefinition.java:47)\n\tat io.cucumber.java.JavaStepDefinition.execute(JavaStepDefinition.java:29)\n\tat io.cucumber.core.runner.CoreStepDefinition.execute(CoreStepDefinition.java:66)\n\tat io.cucumber.core.runner.PickleStepDefinitionMatch.runStep(PickleStepDefinitionMatch.java:63)\n\tat io.cucumber.core.runner.ExecutionMode$1.execute(ExecutionMode.java:10)\n\tat io.cucumber.core.runner.TestStep.executeStep(TestStep.java:84)\n\tat io.cucumber.core.runner.TestStep.run(TestStep.java:56)\n\tat io.cucumber.core.runner.PickleStepTestStep.run(PickleStepTestStep.java:51)\n\tat io.cucumber.core.runner.TestCase.run(TestCase.java:84)\n\tat io.cucumber.core.runner.Runner.runPickle(Runner.java:75)\n\tat io.cucumber.junit.PickleRunners$NoStepDescriptions.lambda$run$0(PickleRunners.java:151)\n\tat io.cucumber.core.runtime.CucumberExecutionContext.lambda$runTestCase$5(CucumberExecutionContext.java:137)\n\tat io.cucumber.core.runtime.RethrowingThrowableCollector.executeAndThrow(RethrowingThrowableCollector.java:23)\n\tat io.cucumber.core.runtime.CucumberExecutionContext.runTestCase(CucumberExecutionContext.java:137)\n\tat io.cucumber.junit.PickleRunners$NoStepDescriptions.run(PickleRunners.java:148)\n\tat io.cucumber.junit.FeatureRunner.runChild(FeatureRunner.java:144)\n\tat io.cucumber.junit.FeatureRunner.runChild(FeatureRunner.java:28)\n\tat io.cucumber.junit.FeatureRunner.run(FeatureRunner.java:137)\n\tat io.cucumber.junit.Cucumber.runChild(Cucumber.java:196)\n\tat io.cucumber.junit.Cucumber.runChild(Cucumber.java:89)\n\tat io.cucumber.core.runtime.CucumberExecutionContext.lambda$runFeatures$6(CucumberExecutionContext.java:148)\n\tat io.cucumber.core.runtime.CucumberExecutionContext.execute(CucumberExecutionContext.java:163)\n\tat io.cucumber.core.runtime.CucumberExecutionContext.runFeatures(CucumberExecutionContext.java:146)\n\tat io.cucumber.junit.Cucumber$StartAndFinishTestRun.evaluate(Cucumber.java:226)\n","flaky":false,"newFailed":false,"newBroken":false,"newPassed":false,"retriesCount":14,"retriesStatusChange":true,"beforeStages":[],"afterStages":[],"labels":[{"name":"junit.platform.uniqueid","value":"[engine:junit-vintage]/[runner:runners.CucumberTestRunner]/[test:rO0ABXNyAClpby5jdWN1bWJlci5qdW5pdC5GZWF0dXJlUnVubmVyJEZlYXR1cmVJZAAAAAAAAAABAgABTAADdXJpdAAOTGphdmEvbmV0L1VSSTt4cHNyAAxqYXZhLm5ldC5VUkmsAXguQ55JqwMAAUwABnN0cmluZ3QAEkxqYXZhL2xhbmcvU3RyaW5nO3hwdAA%2BZmlsZTovLy9hcHAvc3JjL3Rlc3QvcmVzb3VyY2VzL2ZlYXR1cmVzL09yZGVyUGxhY2VtZW50LmZlYXR1cmV4]/[test:rO0ABXNyAChpby5jdWN1bWJlci5qdW5pdC5QaWNrbGVSdW5uZXJzJFBpY2tsZUlkAAAAAAAAAAECAAJJAApwaWNrbGVMaW5lTAADdXJpdAAOTGphdmEvbmV0L1VSSTt4cAAAAD9zcgAMamF2YS5uZXQuVVJJrAF4LkOeSasDAAFMAAZzdHJpbmd0ABJMamF2YS9sYW5nL1N0cmluZzt4cHQAPmZpbGU6Ly8vYXBwL3NyYy90ZXN0L3Jlc291cmNlcy9mZWF0dXJlcy9PcmRlclBsYWNlbWVudC5mZWF0dXJleA==]"},{"name":"host","value":"3a121e775a8c"},{"name":"thread","value":"99@3a121e775a8c.main(1)"},{"name":"framework","value":"junit-platform"},{"name":"language","value":"java"},{"name":"resultFormat","value":"allure2"}],"parameters":[],"links":[],"hidden":false,"retry":false,"extra":{"severity":"normal","retries":[{"uid":"79ee509b9600d600","status":"broken","statusDetails":"unknown error: net::ERR_NAME_NOT_RESOLVED\n  (Session info: chrome=140.0.7339.207)\nBuild info: version: '4.35.0', revision: '1c58e5028b'\nSystem info: os.name: 'Linux', os.arch: 'amd64', os.version: '6.6.87.2-microsoft-standard-WSL2', java.version: '21'\nDriver info: org.openqa.selenium.chrome.ChromeDriver\nCommand: [fcae814c454b6205aab31c1c9645f160, get {url=https://www.demoblaze.com/index.html}]\nselenide.url: https://www.demoblaze.com/index.html\nCapabilities {acceptInsecureCerts: true, browserName: chrome, browserVersion: 140.0.7339.207, chrome: {chromedriverVersion: 140.0.7339.207 (17230b545fd..., userDataDir: /tmp/chrome-user-data-17588...}, fedcm:accounts: true, goog:chromeOptions: {debuggerAddress: localhost:9222}, networkConnectionEnabled: false, pageLoadStrategy: normal, platformName: linux, proxy: Proxy(), se:cdp: ws://localhost:9222/devtool..., se:cdpVersion: 140.0.7339.207, setWindowRect: true, strictFileInteractability: false, timeouts: {implicit: 0, pageLoad: 300000, script: 30000}, unhandledPromptBehavior: accept, webauthn:extension:credBlob: true, webauthn:extension:largeBlob: true, webauthn:extension:minPinLength: true, webauthn:extension:prf: true, webauthn:virtualAuthenticators: true}\nselenide.baseUrl: http://localhost:8080\nSession ID: fcae814c454b6205aab31c1c9645f160","time":{"start":1758886083858,"stop":1758886086417,"duration":2559}},{"uid":"e90237a5e9d9044b","status":"failed","statusDetails":"Alert not found\nScreenshot: file:/app/target/screenshots/1758882305280.4.png\nPage source: file:/app/target/screenshots/1758882305280.4.html\nTimeout: 4 s.\nCaused by: TimeoutException: Expected condition failed: waiting for alert to be present (tried for 4 second(s) with 200 milliseconds interval)","time":{"start":1758882294443,"stop":1758882305783,"duration":11340}},{"uid":"19b1d859d7ab02ef","status":"failed","statusDetails":"Alert not found\nScreenshot: file:/app/target/screenshots/1758879819424.4.png\nPage source: file:/app/target/screenshots/1758879819424.4.html\nTimeout: 4 s.\nCaused by: TimeoutException: Expected condition failed: waiting for alert to be present (tried for 4 second(s) with 200 milliseconds interval)","time":{"start":1758879803116,"stop":1758879820739,"duration":17623}},{"uid":"14eebe63cdadc363","status":"failed","statusDetails":"Alert not found\nScreenshot: file:/app/target/screenshots/1758877637165.3.png\nPage source: file:/app/target/screenshots/1758877637165.3.html\nTimeout: 4 s.\nCaused by: TimeoutException: Expected condition failed: waiting for alert to be present (tried for 4 second(s) with 200 milliseconds interval)","time":{"start":1758877626658,"stop":1758877637749,"duration":11091}},{"uid":"7eb6e927ba54de74","status":"failed","statusDetails":"Alert not found\nScreenshot: file:/app/target/screenshots/1758874827076.4.png\nPage source: file:/app/target/screenshots/1758874827076.4.html\nTimeout: 4 s.\nCaused by: TimeoutException: Expected condition failed: waiting for alert to be present (tried for 4 second(s) with 200 milliseconds interval)","time":{"start":1758874816660,"stop":1758874827556,"duration":10896}},{"uid":"fc58e0dc1cb5b1d9","status":"failed","statusDetails":"Alert not found\nScreenshot: file:/app/target/screenshots/1758873553571.3.png\nPage source: file:/app/target/screenshots/1758873553571.3.html\nTimeout: 4 s.\nCaused by: TimeoutException: Expected condition failed: waiting for alert to be present (tried for 4 second(s) with 200 milliseconds interval)","time":{"start":1758873542373,"stop":1758873554361,"duration":11988}},{"uid":"ab2a124fc7854085","status":"failed","statusDetails":"Alert not found\nScreenshot: file:/app/target/screenshots/1758865595178.3.png\nPage source: file:/app/target/screenshots/1758865595178.3.html\nTimeout: 4 s.\nCaused by: TimeoutException: Expected condition failed: waiting for alert to be present (tried for 4 second(s) with 200 milliseconds interval)","time":{"start":1758865586122,"stop":1758865595753,"duration":9631}},{"uid":"6663d3bb9b4804ef","status":"failed","statusDetails":"Alert not found\nScreenshot: file:/app/target/screenshots/1758862798250.3.png\nPage source: file:/app/target/screenshots/1758862798250.3.html\nTimeout: 4 s.\nCaused by: TimeoutException: Expected condition failed: waiting for alert to be present (tried for 4 second(s) with 200 milliseconds interval)","time":{"start":1758862787579,"stop":1758862798795,"duration":11216}},{"uid":"cde94d27a2d0370c","status":"failed","statusDetails":"Alert not found\nScreenshot: file:/app/target/screenshots/1758861077440.3.png\nPage source: file:/app/target/screenshots/1758861077440.3.html\nTimeout: 4 s.\nCaused by: TimeoutException: Expected condition failed: waiting for alert to be present (tried for 4 second(s) with 200 milliseconds interval)","time":{"start":1758861055103,"stop":1758861079604,"duration":24501}},{"uid":"79ba4cb5ef1448f0","status":"failed","statusDetails":"Alert not found\nScreenshot: file:/app/target/screenshots/1758859641532.3.png\nPage source: file:/app/target/screenshots/1758859641532.3.html\nTimeout: 4 s.\nCaused by: TimeoutException: Expected condition failed: waiting for alert to be present (tried for 4 second(s) with 200 milliseconds interval)","time":{"start":1758859630501,"stop":1758859642014,"duration":11513}},{"uid":"d489f96aa8b1a8b2","status":"failed","statusDetails":"Alert not found\nScreenshot: file:/app/target/screenshots/1758782436474.3.png\nPage source: file:/app/target/screenshots/1758782436474.3.html\nTimeout: 4 s.\nCaused by: TimeoutException: Expected condition failed: waiting for alert to be present (tried for 4 second(s) with 200 milliseconds interval)","time":{"start":1758782424608,"stop":1758782437001,"duration":12393}},{"uid":"e0e4744184fba1dd","status":"failed","statusDetails":"Alert not found\nScreenshot: file:/app/target/screenshots/1758781879038.3.png\nPage source: file:/app/target/screenshots/1758781879038.3.html\nTimeout: 4 s.\nCaused by: TimeoutException: Expected condition failed: waiting for alert to be present (tried for 4 second(s) with 200 milliseconds interval)","time":{"start":1758781869377,"stop":1758781879438,"duration":10061}},{"uid":"6af520bdae929e6f","status":"failed","statusDetails":"Alert not found\nScreenshot: file:/app/target/screenshots/1758780665260.4.png\nPage source: file:/app/target/screenshots/1758780665260.4.html\nTimeout: 4 s.\nCaused by: TimeoutException: Expected condition failed: waiting for alert to be present (tried for 4 second(s) with 200 milliseconds interval)","time":{"start":1758780655362,"stop":1758780665708,"duration":10346}},{"uid":"2d15ca4e4edda5","status":"failed","statusDetails":"Alert not found\nScreenshot: file:/app/target/screenshots/1758779791063.3.png\nPage source: file:/app/target/screenshots/1758779791063.3.html\nTimeout: 4 s.\nCaused by: TimeoutException: Expected condition failed: waiting for alert to be present (tried for 4 second(s) with 200 milliseconds interval)","time":{"start":1758779781628,"stop":1758779791490,"duration":9862}}],"categories":[{"name":"Product defects","matchedStatuses":[],"flaky":false}],"history":{"statistic":{"failed":12,"broken":0,"skipped":0,"passed":0,"unknown":0,"total":12},"items":[{"uid":"84eddc087029fbc0","reportUrl":"http://172.31.95.175:8080/job/demoblazeProjectSelenide/25/allure/#testresult/84eddc087029fbc0","status":"failed","statusDetails":"Alert not found\nScreenshot: file:/app/target/screenshots/1758882305280.4.png\nPage source: file:/app/target/screenshots/1758882305280.4.html\nTimeout: 4 s.\nCaused by: TimeoutException: Expected condition failed: waiting for alert to be present (tried for 4 second(s) with 200 milliseconds interval)","time":{"start":1758882294443,"stop":1758882305783,"duration":11340}},{"uid":"6e9e62457224f4b2","reportUrl":"http://172.31.95.175:8080/job/demoblazeProjectSelenide/24/allure/#testresult/6e9e62457224f4b2","status":"failed","statusDetails":"Alert not found\nScreenshot: file:/app/target/screenshots/1758879819424.4.png\nPage source: file:/app/target/screenshots/1758879819424.4.html\nTimeout: 4 s.\nCaused by: TimeoutException: Expected condition failed: waiting for alert to be present (tried for 4 second(s) with 200 milliseconds interval)","time":{"start":1758879803116,"stop":1758879820739,"duration":17623}},{"uid":"d2cd8b900937fa87","reportUrl":"http://172.31.95.175:8080/job/demoblazeProjectSelenide/23/allure/#testresult/d2cd8b900937fa87","status":"failed","statusDetails":"Alert not found\nScreenshot: file:/app/target/screenshots/1758877637165.3.png\nPage source: file:/app/target/screenshots/1758877637165.3.html\nTimeout: 4 s.\nCaused by: TimeoutException: Expected condition failed: waiting for alert to be present (tried for 4 second(s) with 200 milliseconds interval)","time":{"start":1758877626658,"stop":1758877637749,"duration":11091}},{"uid":"753d02d424050f8c","reportUrl":"http://172.31.95.175:8080/job/demoblazeProjectSelenide/21/allure/#testresult/753d02d424050f8c","status":"failed","statusDetails":"Alert not found\nScreenshot: file:/app/target/screenshots/1758874827076.4.png\nPage source: file:/app/target/screenshots/1758874827076.4.html\nTimeout: 4 s.\nCaused by: TimeoutException: Expected condition failed: waiting for alert to be present (tried for 4 second(s) with 200 milliseconds interval)","time":{"start":1758874816660,"stop":1758874827556,"duration":10896}},{"uid":"60044d11c534cfe4","reportUrl":"http://172.31.95.175:8080/job/demoblazeProjectSelenide/20/allure/#testresult/60044d11c534cfe4","status":"failed","statusDetails":"Alert not found\nScreenshot: file:/app/target/screenshots/1758873553571.3.png\nPage source: file:/app/target/screenshots/1758873553571.3.html\nTimeout: 4 s.\nCaused by: TimeoutException: Expected condition failed: waiting for alert to be present (tried for 4 second(s) with 200 milliseconds interval)","time":{"start":1758873542373,"stop":1758873554361,"duration":11988}},{"uid":"fee4243032c8d96e","reportUrl":"http://172.31.95.175:8080/job/demoblazeProjectSelenide/19/allure/#testresult/fee4243032c8d96e","status":"failed","statusDetails":"Alert not found\nScreenshot: file:/app/target/screenshots/1758873553571.3.png\nPage source: file:/app/target/screenshots/1758873553571.3.html\nTimeout: 4 s.\nCaused by: TimeoutException: Expected condition failed: waiting for alert to be present (tried for 4 second(s) with 200 milliseconds interval)","time":{"start":1758873542373,"stop":1758873554361,"duration":11988}},{"uid":"c8083b6297deeb75","reportUrl":"http://172.31.95.175:8080/job/demoblazeProjectSelenide/18/allure/#testresult/c8083b6297deeb75","status":"failed","statusDetails":"Alert not found\nScreenshot: file:/app/target/screenshots/1758865595178.3.png\nPage source: file:/app/target/screenshots/1758865595178.3.html\nTimeout: 4 s.\nCaused by: TimeoutException: Expected condition failed: waiting for alert to be present (tried for 4 second(s) with 200 milliseconds interval)","time":{"start":1758865586122,"stop":1758865595753,"duration":9631}},{"uid":"6bc28c3d7198a032","reportUrl":"http://172.31.95.175:8080/job/demoblazeProjectSelenide/17/allure/#testresult/6bc28c3d7198a032","status":"failed","statusDetails":"Alert not found\nScreenshot: file:/app/target/screenshots/1758862798250.3.png\nPage source: file:/app/target/screenshots/1758862798250.3.html\nTimeout: 4 s.\nCaused by: TimeoutException: Expected condition failed: waiting for alert to be present (tried for 4 second(s) with 200 milliseconds interval)","time":{"start":1758862787579,"stop":1758862798795,"duration":11216}},{"uid":"833acb55a13e511c","reportUrl":"http://172.31.95.175:8080/job/demoblazeProjectSelenide/16/allure/#testresult/833acb55a13e511c","status":"failed","statusDetails":"Alert not found\nScreenshot: file:/app/target/screenshots/1758861175992.5.png\nPage source: file:/app/target/screenshots/1758861175992.5.html\nTimeout: 4 s.\nCaused by: TimeoutException: Expected condition failed: waiting for alert to be present (tried for 4 second(s) with 200 milliseconds interval)","time":{"start":1758861157151,"stop":1758861177986,"duration":20835}},{"uid":"38a7435cbc927e59","reportUrl":"http://172.31.95.175:8080/job/demoblazeProjectSelenide/14/allure/#testresult/38a7435cbc927e59","status":"failed","statusDetails":"Alert not found\nScreenshot: file:/app/target/screenshots/1758859641532.3.png\nPage source: file:/app/target/screenshots/1758859641532.3.html\nTimeout: 4 s.\nCaused by: TimeoutException: Expected condition failed: waiting for alert to be present (tried for 4 second(s) with 200 milliseconds interval)","time":{"start":1758859630501,"stop":1758859642014,"duration":11513}},{"uid":"b9b3faba281515ad","reportUrl":"http://172.31.95.175:8080/job/demoblazeProjectSelenide/12/allure/#testresult/b9b3faba281515ad","status":"failed","statusDetails":"Alert not found\nScreenshot: file:/app/target/screenshots/1758782616741.3.png\nPage source: file:/app/target/screenshots/1758782616741.3.html\nTimeout: 4 s.\nCaused by: TimeoutException: Expected condition failed: waiting for alert to be present (tried for 4 second(s) with 200 milliseconds interval)","time":{"start":1758782604545,"stop":1758782617161,"duration":12616}}]},"tags":[]},"source":"24585c1be28a4f4d.json","parameterValues":[]}