{"uid":"383a143d89343946","name":"Place order successfully with valid details","historyId":"efac0e45c98447b768e549adbf08319b","time":{"start":1758894950657,"stop":1758894968217,"duration":17560},"description":"","status":"failed","statusMessage":"Alert not found\nScreenshot: file:/app/target/screenshots/1758894966874.3.png\nPage source: file:/app/target/screenshots/1758894966874.3.html\nTimeout: 4 s.\nCaused by: TimeoutException: Expected condition failed: waiting for alert to be present (tried for 4 second(s) with 200 milliseconds interval)","statusTrace":"Alert not found\nScreenshot: file:/app/target/screenshots/1758894966874.3.png\nPage source: file:/app/target/screenshots/1758894966874.3.html\nTimeout: 4 s.\nCaused by: TimeoutException: Expected condition failed: waiting for alert to be present (tried for 4 second(s) with 200 milliseconds interval)\n\tat com.codeborne.selenide.SelenideTargetLocator.alertNotFoundError(SelenideTargetLocator.java:308)\n\tat com.codeborne.selenide.SelenideTargetLocator.alert(SelenideTargetLocator.java:182)\n\tat com.codeborne.selenide.SelenideTargetLocator.alert(SelenideTargetLocator.java:172)\n\tat stepDefinitions.OrderPlacementSteps.i_should_see_order_success_message(OrderPlacementSteps.java:103)\n\tat âœ½.I should see order success message(file:///app/src/test/resources/features/OrderPlacement.feature:25)\nCaused by: org.openqa.selenium.TimeoutException: Expected condition failed: waiting for alert to be present (tried for 4 second(s) with 200 milliseconds interval)\nBuild info: version: '4.35.0', revision: '1c58e5028b'\nSystem info: os.name: 'Linux', os.arch: 'amd64', os.version: '6.6.87.2-microsoft-standard-WSL2', java.version: '21'\nDriver info: driver.version: unknown\n\tat org.openqa.selenium.support.ui.FluentWait.timeoutException(FluentWait.java:265)\n\tat org.openqa.selenium.support.ui.FluentWait.until(FluentWait.java:228)\n\tat com.codeborne.selenide.SelenideTargetLocator.alert(SelenideTargetLocator.java:179)\n\tat com.codeborne.selenide.SelenideTargetLocator.alert(SelenideTargetLocator.java:172)\n\tat stepDefinitions.OrderPlacementSteps.i_should_see_order_success_message(OrderPlacementSteps.java:103)\n\tat java.base/java.lang.reflect.Method.invoke(Method.java:580)\n\tat io.cucumber.java.Invoker.doInvoke(Invoker.java:66)\n\tat io.cucumber.java.Invoker.invoke(Invoker.java:24)\n\tat io.cucumber.java.AbstractGlueDefinition.invokeMethod(AbstractGlueDefinition.java:47)\n\tat io.cucumber.java.JavaStepDefinition.execute(JavaStepDefinition.java:29)\n\tat io.cucumber.core.runner.CoreStepDefinition.execute(CoreStepDefinition.java:66)\n\tat io.cucumber.core.runner.PickleStepDefinitionMatch.runStep(PickleStepDefinitionMatch.java:63)\n\tat io.cucumber.core.runner.ExecutionMode$1.execute(ExecutionMode.java:10)\n\tat io.cucumber.core.runner.TestStep.executeStep(TestStep.java:84)\n\tat io.cucumber.core.runner.TestStep.run(TestStep.java:56)\n\tat io.cucumber.core.runner.PickleStepTestStep.run(PickleStepTestStep.java:51)\n\tat io.cucumber.core.runner.TestCase.run(TestCase.java:84)\n\tat io.cucumber.core.runner.Runner.runPickle(Runner.java:75)\n\tat io.cucumber.junit.PickleRunners$NoStepDescriptions.lambda$run$0(PickleRunners.java:151)\n\tat io.cucumber.core.runtime.CucumberExecutionContext.lambda$runTestCase$5(CucumberExecutionContext.java:137)\n\tat io.cucumber.core.runtime.RethrowingThrowableCollector.executeAndThrow(RethrowingThrowableCollector.java:23)\n\tat io.cucumber.core.runtime.CucumberExecutionContext.runTestCase(CucumberExecutionContext.java:137)\n\tat io.cucumber.junit.PickleRunners$NoStepDescriptions.run(PickleRunners.java:148)\n\tat io.cucumber.junit.FeatureRunner.runChild(FeatureRunner.java:144)\n\tat io.cucumber.junit.FeatureRunner.runChild(FeatureRunner.java:28)\n\tat io.cucumber.junit.FeatureRunner.run(FeatureRunner.java:137)\n\tat io.cucumber.junit.Cucumber.runChild(Cucumber.java:196)\n\tat io.cucumber.junit.Cucumber.runChild(Cucumber.java:89)\n\tat io.cucumber.core.runtime.CucumberExecutionContext.lambda$runFeatures$6(CucumberExecutionContext.java:148)\n\tat io.cucumber.core.runtime.CucumberExecutionContext.execute(CucumberExecutionContext.java:163)\n\tat io.cucumber.core.runtime.CucumberExecutionContext.runFeatures(CucumberExecutionContext.java:146)\n\tat io.cucumber.junit.Cucumber$StartAndFinishTestRun.evaluate(Cucumber.java:226)\n","flaky":false,"newFailed":false,"newBroken":false,"newPassed":false,"retriesCount":14,"retriesStatusChange":true,"beforeStages":[],"afterStages":[],"labels":[{"name":"junit.platform.uniqueid","value":"[engine:junit-vintage]/[runner:runners.CucumberTestRunner]/[test:rO0ABXNyAClpby5jdWN1bWJlci5qdW5pdC5GZWF0dXJlUnVubmVyJEZlYXR1cmVJZAAAAAAAAAABAgABTAADdXJpdAAOTGphdmEvbmV0L1VSSTt4cHNyAAxqYXZhLm5ldC5VUkmsAXguQ55JqwMAAUwABnN0cmluZ3QAEkxqYXZhL2xhbmcvU3RyaW5nO3hwdAA%2BZmlsZTovLy9hcHAvc3JjL3Rlc3QvcmVzb3VyY2VzL2ZlYXR1cmVzL09yZGVyUGxhY2VtZW50LmZlYXR1cmV4]/[test:rO0ABXNyAChpby5jdWN1bWJlci5qdW5pdC5QaWNrbGVSdW5uZXJzJFBpY2tsZUlkAAAAAAAAAAECAAJJAApwaWNrbGVMaW5lTAADdXJpdAAOTGphdmEvbmV0L1VSSTt4cAAAAAtzcgAMamF2YS5uZXQuVVJJrAF4LkOeSasDAAFMAAZzdHJpbmd0ABJMamF2YS9sYW5nL1N0cmluZzt4cHQAPmZpbGU6Ly8vYXBwL3NyYy90ZXN0L3Jlc291cmNlcy9mZWF0dXJlcy9PcmRlclBsYWNlbWVudC5mZWF0dXJleA==]"},{"name":"host","value":"3a121e775a8c"},{"name":"thread","value":"99@3a121e775a8c.main(1)"},{"name":"framework","value":"junit-platform"},{"name":"language","value":"java"},{"name":"resultFormat","value":"allure2"}],"parameters":[],"links":[],"hidden":false,"retry":false,"extra":{"severity":"normal","retries":[{"uid":"d2c9ce407afd8dfb","status":"broken","statusDetails":"unknown error: net::ERR_NAME_NOT_RESOLVED\n  (Session info: chrome=140.0.7339.207)\nBuild info: version: '4.35.0', revision: '1c58e5028b'\nSystem info: os.name: 'Linux', os.arch: 'amd64', os.version: '6.6.87.2-microsoft-standard-WSL2', java.version: '21'\nDriver info: org.openqa.selenium.chrome.ChromeDriver\nCommand: [bd80ea48f61ec5d98f9182398b83a4fe, get {url=https://www.demoblaze.com/index.html}]\nselenide.url: https://www.demoblaze.com/index.html\nCapabilities {acceptInsecureCerts: true, browserName: chrome, browserVersion: 140.0.7339.207, chrome: {chromedriverVersion: 140.0.7339.207 (17230b545fd..., userDataDir: /tmp/chrome-user-data-17588...}, fedcm:accounts: true, goog:chromeOptions: {debuggerAddress: localhost:9222}, networkConnectionEnabled: false, pageLoadStrategy: normal, platformName: linux, proxy: Proxy(), se:cdp: ws://localhost:9222/devtool..., se:cdpVersion: 140.0.7339.207, setWindowRect: true, strictFileInteractability: false, timeouts: {implicit: 0, pageLoad: 300000, script: 30000}, unhandledPromptBehavior: accept, webauthn:extension:credBlob: true, webauthn:extension:largeBlob: true, webauthn:extension:minPinLength: true, webauthn:extension:prf: true, webauthn:virtualAuthenticators: true}\nselenide.baseUrl: http://localhost:8080\nSession ID: bd80ea48f61ec5d98f9182398b83a4fe","time":{"start":1758886077129,"stop":1758886078472,"duration":1343}},{"uid":"86ce2fa31cdbbf98","status":"failed","statusDetails":"Alert not found\nScreenshot: file:/app/target/screenshots/1758882285277.3.png\nPage source: file:/app/target/screenshots/1758882285277.3.html\nTimeout: 4 s.\nCaused by: TimeoutException: Expected condition failed: waiting for alert to be present (tried for 4 second(s) with 200 milliseconds interval)","time":{"start":1758882273558,"stop":1758882285819,"duration":12261}},{"uid":"7f5c0bb17ebf5261","status":"failed","statusDetails":"Alert not found\nScreenshot: file:/app/target/screenshots/1758879790566.3.png\nPage source: file:/app/target/screenshots/1758879790566.3.html\nTimeout: 4 s.\nCaused by: TimeoutException: Expected condition failed: waiting for alert to be present (tried for 4 second(s) with 200 milliseconds interval)","time":{"start":1758879773865,"stop":1758879791678,"duration":17813}},{"uid":"584d3b3a3e2d5091","status":"failed","statusDetails":"Alert not found\nScreenshot: file:/app/target/screenshots/1758877618471.2.png\nPage source: file:/app/target/screenshots/1758877618471.2.html\nTimeout: 4 s.\nCaused by: TimeoutException: Expected condition failed: waiting for alert to be present (tried for 4 second(s) with 200 milliseconds interval)","time":{"start":1758877606655,"stop":1758877619040,"duration":12385}},{"uid":"dce811504ed2f9fa","status":"failed","statusDetails":"Alert not found\nScreenshot: file:/app/target/screenshots/1758874808266.3.png\nPage source: file:/app/target/screenshots/1758874808266.3.html\nTimeout: 4 s.\nCaused by: TimeoutException: Expected condition failed: waiting for alert to be present (tried for 4 second(s) with 200 milliseconds interval)","time":{"start":1758874797018,"stop":1758874808795,"duration":11777}},{"uid":"6a9fda5be34af8c5","status":"failed","statusDetails":"Alert not found\nScreenshot: file:/app/target/screenshots/1758873534142.2.png\nPage source: file:/app/target/screenshots/1758873534142.2.html\nTimeout: 4 s.\nCaused by: TimeoutException: Expected condition failed: waiting for alert to be present (tried for 4 second(s) with 200 milliseconds interval)","time":{"start":1758873521262,"stop":1758873534623,"duration":13361}},{"uid":"15292ef3b030bdf6","status":"failed","statusDetails":"Alert not found\nScreenshot: file:/app/target/screenshots/1758865578225.2.png\nPage source: file:/app/target/screenshots/1758865578225.2.html\nTimeout: 4 s.\nCaused by: TimeoutException: Expected condition failed: waiting for alert to be present (tried for 4 second(s) with 200 milliseconds interval)","time":{"start":1758865565408,"stop":1758865578863,"duration":13455}},{"uid":"2d869b7c39717c83","status":"failed","statusDetails":"Alert not found\nScreenshot: file:/app/target/screenshots/1758862778725.2.png\nPage source: file:/app/target/screenshots/1758862778725.2.html\nTimeout: 4 s.\nCaused by: TimeoutException: Expected condition failed: waiting for alert to be present (tried for 4 second(s) with 200 milliseconds interval)","time":{"start":1758862767133,"stop":1758862779258,"duration":12125}},{"uid":"7ce1e417f793c174","status":"failed","statusDetails":"Alert not found\nScreenshot: file:/app/target/screenshots/1758861036636.2.png\nPage source: file:/app/target/screenshots/1758861036636.2.html\nTimeout: 4 s.\nCaused by: TimeoutException: Expected condition failed: waiting for alert to be present (tried for 4 second(s) with 200 milliseconds interval)","time":{"start":1758861011813,"stop":1758861039176,"duration":27363}},{"uid":"59ba8c40409ca564","status":"failed","statusDetails":"Alert not found\nScreenshot: file:/app/target/screenshots/1758859621384.2.png\nPage source: file:/app/target/screenshots/1758859621384.2.html\nTimeout: 4 s.\nCaused by: TimeoutException: Expected condition failed: waiting for alert to be present (tried for 4 second(s) with 200 milliseconds interval)","time":{"start":1758859607955,"stop":1758859621845,"duration":13890}},{"uid":"2b2a864960789119","status":"failed","statusDetails":"Alert not found\nScreenshot: file:/app/target/screenshots/1758782413656.2.png\nPage source: file:/app/target/screenshots/1758782413656.2.html\nTimeout: 4 s.\nCaused by: TimeoutException: Expected condition failed: waiting for alert to be present (tried for 4 second(s) with 200 milliseconds interval)","time":{"start":1758782401824,"stop":1758782414126,"duration":12302}},{"uid":"f0082740686a6c40","status":"failed","statusDetails":"Alert not found\nScreenshot: file:/app/target/screenshots/1758781858706.2.png\nPage source: file:/app/target/screenshots/1758781858706.2.html\nTimeout: 4 s.\nCaused by: TimeoutException: Expected condition failed: waiting for alert to be present (tried for 4 second(s) with 200 milliseconds interval)","time":{"start":1758781847739,"stop":1758781859174,"duration":11435}},{"uid":"27f4701398de2a88","status":"failed","statusDetails":"Alert not found\nScreenshot: file:/app/target/screenshots/1758780645108.3.png\nPage source: file:/app/target/screenshots/1758780645108.3.html\nTimeout: 4 s.\nCaused by: TimeoutException: Expected condition failed: waiting for alert to be present (tried for 4 second(s) with 200 milliseconds interval)","time":{"start":1758780634328,"stop":1758780645580,"duration":11252}},{"uid":"a0afc88b510dc67e","status":"failed","statusDetails":"Alert not found\nScreenshot: file:/app/target/screenshots/1758779773645.2.png\nPage source: file:/app/target/screenshots/1758779773645.2.html\nTimeout: 4 s.\nCaused by: TimeoutException: Expected condition failed: waiting for alert to be present (tried for 4 second(s) with 200 milliseconds interval)","time":{"start":1758779759761,"stop":1758779774048,"duration":14287}}],"categories":[{"name":"Product defects","matchedStatuses":[],"flaky":false}],"history":{"statistic":{"failed":12,"broken":0,"skipped":0,"passed":0,"unknown":0,"total":12},"items":[{"uid":"9c4e7955e6768682","reportUrl":"http://172.31.95.175:8080/job/demoblazeProjectSelenide/25/allure/#testresult/9c4e7955e6768682","status":"failed","statusDetails":"Alert not found\nScreenshot: file:/app/target/screenshots/1758882285277.3.png\nPage source: file:/app/target/screenshots/1758882285277.3.html\nTimeout: 4 s.\nCaused by: TimeoutException: Expected condition failed: waiting for alert to be present (tried for 4 second(s) with 200 milliseconds interval)","time":{"start":1758882273558,"stop":1758882285819,"duration":12261}},{"uid":"b3e1f086b64e00fa","reportUrl":"http://172.31.95.175:8080/job/demoblazeProjectSelenide/24/allure/#testresult/b3e1f086b64e00fa","status":"failed","statusDetails":"Alert not found\nScreenshot: file:/app/target/screenshots/1758879790566.3.png\nPage source: file:/app/target/screenshots/1758879790566.3.html\nTimeout: 4 s.\nCaused by: TimeoutException: Expected condition failed: waiting for alert to be present (tried for 4 second(s) with 200 milliseconds interval)","time":{"start":1758879773865,"stop":1758879791678,"duration":17813}},{"uid":"703a31db574073a2","reportUrl":"http://172.31.95.175:8080/job/demoblazeProjectSelenide/23/allure/#testresult/703a31db574073a2","status":"failed","statusDetails":"Alert not found\nScreenshot: file:/app/target/screenshots/1758877618471.2.png\nPage source: file:/app/target/screenshots/1758877618471.2.html\nTimeout: 4 s.\nCaused by: TimeoutException: Expected condition failed: waiting for alert to be present (tried for 4 second(s) with 200 milliseconds interval)","time":{"start":1758877606655,"stop":1758877619040,"duration":12385}},{"uid":"589ae045b3cde6dd","reportUrl":"http://172.31.95.175:8080/job/demoblazeProjectSelenide/21/allure/#testresult/589ae045b3cde6dd","status":"failed","statusDetails":"Alert not found\nScreenshot: file:/app/target/screenshots/1758874808266.3.png\nPage source: file:/app/target/screenshots/1758874808266.3.html\nTimeout: 4 s.\nCaused by: TimeoutException: Expected condition failed: waiting for alert to be present (tried for 4 second(s) with 200 milliseconds interval)","time":{"start":1758874797018,"stop":1758874808795,"duration":11777}},{"uid":"ff7e6324732794c8","reportUrl":"http://172.31.95.175:8080/job/demoblazeProjectSelenide/20/allure/#testresult/ff7e6324732794c8","status":"failed","statusDetails":"Alert not found\nScreenshot: file:/app/target/screenshots/1758873534142.2.png\nPage source: file:/app/target/screenshots/1758873534142.2.html\nTimeout: 4 s.\nCaused by: TimeoutException: Expected condition failed: waiting for alert to be present (tried for 4 second(s) with 200 milliseconds interval)","time":{"start":1758873521262,"stop":1758873534623,"duration":13361}},{"uid":"10b7598d07108f5d","reportUrl":"http://172.31.95.175:8080/job/demoblazeProjectSelenide/19/allure/#testresult/10b7598d07108f5d","status":"failed","statusDetails":"Alert not found\nScreenshot: file:/app/target/screenshots/1758873534142.2.png\nPage source: file:/app/target/screenshots/1758873534142.2.html\nTimeout: 4 s.\nCaused by: TimeoutException: Expected condition failed: waiting for alert to be present (tried for 4 second(s) with 200 milliseconds interval)","time":{"start":1758873521262,"stop":1758873534623,"duration":13361}},{"uid":"c29380c336fd6084","reportUrl":"http://172.31.95.175:8080/job/demoblazeProjectSelenide/18/allure/#testresult/c29380c336fd6084","status":"failed","statusDetails":"Alert not found\nScreenshot: file:/app/target/screenshots/1758865578225.2.png\nPage source: file:/app/target/screenshots/1758865578225.2.html\nTimeout: 4 s.\nCaused by: TimeoutException: Expected condition failed: waiting for alert to be present (tried for 4 second(s) with 200 milliseconds interval)","time":{"start":1758865565408,"stop":1758865578863,"duration":13455}},{"uid":"edb5a2f0922129b8","reportUrl":"http://172.31.95.175:8080/job/demoblazeProjectSelenide/17/allure/#testresult/edb5a2f0922129b8","status":"failed","statusDetails":"Alert not found\nScreenshot: file:/app/target/screenshots/1758862778725.2.png\nPage source: file:/app/target/screenshots/1758862778725.2.html\nTimeout: 4 s.\nCaused by: TimeoutException: Expected condition failed: waiting for alert to be present (tried for 4 second(s) with 200 milliseconds interval)","time":{"start":1758862767133,"stop":1758862779258,"duration":12125}},{"uid":"ffd448710a581c02","reportUrl":"http://172.31.95.175:8080/job/demoblazeProjectSelenide/16/allure/#testresult/ffd448710a581c02","status":"failed","statusDetails":"Alert not found\nScreenshot: file:/app/target/screenshots/1758861140384.4.png\nPage source: file:/app/target/screenshots/1758861140384.4.html\nTimeout: 4 s.\nCaused by: TimeoutException: Expected condition failed: waiting for alert to be present (tried for 4 second(s) with 200 milliseconds interval)","time":{"start":1758861116014,"stop":1758861142932,"duration":26918}},{"uid":"8382045e2b0842d3","reportUrl":"http://172.31.95.175:8080/job/demoblazeProjectSelenide/14/allure/#testresult/8382045e2b0842d3","status":"failed","statusDetails":"Alert not found\nScreenshot: file:/app/target/screenshots/1758859621384.2.png\nPage source: file:/app/target/screenshots/1758859621384.2.html\nTimeout: 4 s.\nCaused by: TimeoutException: Expected condition failed: waiting for alert to be present (tried for 4 second(s) with 200 milliseconds interval)","time":{"start":1758859607955,"stop":1758859621845,"duration":13890}},{"uid":"24774bece8c6c888","reportUrl":"http://172.31.95.175:8080/job/demoblazeProjectSelenide/12/allure/#testresult/24774bece8c6c888","status":"failed","statusDetails":"Alert not found\nScreenshot: file:/app/target/screenshots/1758782596227.2.png\nPage source: file:/app/target/screenshots/1758782596227.2.html\nTimeout: 4 s.\nCaused by: TimeoutException: Expected condition failed: waiting for alert to be present (tried for 4 second(s) with 200 milliseconds interval)","time":{"start":1758782584678,"stop":1758782596768,"duration":12090}}]},"tags":[]},"source":"383a143d89343946.json","parameterValues":[]}