{"uid":"ddd1929c37a020be","name":"Place order successfully with valid details","fullName":"src/test/resources/features/OrderPlacement.feature:11","historyId":"6ce02e844654dea03d341ce01690e1d0","time":{"start":1759143743085,"stop":1759143758235,"duration":15150},"description":"  As a customer on DemoBlaze e-commerce website\n  I want to place orders for items in my cart\n  So that I can complete my purchase and receive the products","descriptionHtml":"<p>As a customer on DemoBlaze e-commerce website<br />\nI want to place orders for items in my cart<br />\nSo that I can complete my purchase and receive the products</p>\n","status":"failed","statusMessage":"Alert not found\nScreenshot: file:/app/target/screenshots/1759143757806.2.png\nPage source: file:/app/target/screenshots/1759143757806.2.html\nTimeout: 4 s.\nCaused by: TimeoutException: Expected condition failed: waiting for alert to be present (tried for 4 second(s) with 200 milliseconds interval)","statusTrace":"Alert not found\nScreenshot: file:/app/target/screenshots/1759143757806.2.png\nPage source: file:/app/target/screenshots/1759143757806.2.html\nTimeout: 4 s.\nCaused by: TimeoutException: Expected condition failed: waiting for alert to be present (tried for 4 second(s) with 200 milliseconds interval)\n\tat com.codeborne.selenide.SelenideTargetLocator.alertNotFoundError(SelenideTargetLocator.java:308)\n\tat com.codeborne.selenide.SelenideTargetLocator.alert(SelenideTargetLocator.java:182)\n\tat com.codeborne.selenide.SelenideTargetLocator.alert(SelenideTargetLocator.java:172)\n\tat stepDefinitions.OrderPlacementSteps.i_should_see_order_success_message(OrderPlacementSteps.java:103)\n\tat ✽.I should see order success message(file:///app/src/test/resources/features/OrderPlacement.feature:25)\nCaused by: org.openqa.selenium.TimeoutException: Expected condition failed: waiting for alert to be present (tried for 4 second(s) with 200 milliseconds interval)\nBuild info: version: '4.35.0', revision: '1c58e5028b'\nSystem info: os.name: 'Linux', os.arch: 'amd64', os.version: '6.6.87.2-microsoft-standard-WSL2', java.version: '21'\nDriver info: driver.version: unknown\n\tat org.openqa.selenium.support.ui.FluentWait.timeoutException(FluentWait.java:265)\n\tat org.openqa.selenium.support.ui.FluentWait.until(FluentWait.java:228)\n\tat com.codeborne.selenide.SelenideTargetLocator.alert(SelenideTargetLocator.java:179)\n\tat com.codeborne.selenide.SelenideTargetLocator.alert(SelenideTargetLocator.java:172)\n\tat stepDefinitions.OrderPlacementSteps.i_should_see_order_success_message(OrderPlacementSteps.java:103)\n\tat java.base/jdk.internal.reflect.DirectMethodHandleAccessor.invoke(DirectMethodHandleAccessor.java:103)\n\tat java.base/java.lang.reflect.Method.invoke(Method.java:580)\n\tat io.cucumber.java.Invoker.doInvoke(Invoker.java:66)\n\tat io.cucumber.java.Invoker.invoke(Invoker.java:24)\n\tat io.cucumber.java.AbstractGlueDefinition.invokeMethod(AbstractGlueDefinition.java:47)\n\tat io.cucumber.java.JavaStepDefinition.execute(JavaStepDefinition.java:29)\n\tat io.cucumber.core.runner.CoreStepDefinition.execute(CoreStepDefinition.java:66)\n\tat io.cucumber.core.runner.PickleStepDefinitionMatch.runStep(PickleStepDefinitionMatch.java:63)\n\tat io.cucumber.core.runner.ExecutionMode$1.execute(ExecutionMode.java:10)\n\tat io.cucumber.core.runner.TestStep.executeStep(TestStep.java:84)\n\tat io.cucumber.core.runner.TestStep.run(TestStep.java:56)\n\tat io.cucumber.core.runner.PickleStepTestStep.run(PickleStepTestStep.java:51)\n\tat io.cucumber.core.runner.TestCase.run(TestCase.java:84)\n\tat io.cucumber.core.runner.Runner.runPickle(Runner.java:75)\n\tat io.cucumber.junit.PickleRunners$NoStepDescriptions.lambda$run$0(PickleRunners.java:151)\n\tat io.cucumber.core.runtime.CucumberExecutionContext.lambda$runTestCase$5(CucumberExecutionContext.java:137)\n\tat io.cucumber.core.runtime.RethrowingThrowableCollector.executeAndThrow(RethrowingThrowableCollector.java:23)\n\tat io.cucumber.core.runtime.CucumberExecutionContext.runTestCase(CucumberExecutionContext.java:137)\n\tat io.cucumber.junit.PickleRunners$NoStepDescriptions.run(PickleRunners.java:148)\n\tat io.cucumber.junit.FeatureRunner.runChild(FeatureRunner.java:144)\n\tat io.cucumber.junit.FeatureRunner.runChild(FeatureRunner.java:28)\n\tat org.junit.runners.ParentRunner$4.run(ParentRunner.java:331)\n\tat org.junit.runners.ParentRunner$1.schedule(ParentRunner.java:79)\n\tat org.junit.runners.ParentRunner.runChildren(ParentRunner.java:329)\n\tat org.junit.runners.ParentRunner.access$100(ParentRunner.java:66)\n\tat org.junit.runners.ParentRunner$2.evaluate(ParentRunner.java:293)\n\tat org.junit.runners.ParentRunner$3.evaluate(ParentRunner.java:306)\n\tat org.junit.runners.ParentRunner.run(ParentRunner.java:413)\n\tat io.cucumber.junit.FeatureRunner.run(FeatureRunner.java:137)\n\tat io.cucumber.junit.Cucumber.runChild(Cucumber.java:196)\n\tat io.cucumber.junit.Cucumber.runChild(Cucumber.java:89)\n\tat org.junit.runners.ParentRunner$4.run(ParentRunner.java:331)\n\tat org.junit.runners.ParentRunner$1.schedule(ParentRunner.java:79)\n\tat org.junit.runners.ParentRunner.runChildren(ParentRunner.java:329)\n\tat org.junit.runners.ParentRunner.access$100(ParentRunner.java:66)\n\tat org.junit.runners.ParentRunner$2.evaluate(ParentRunner.java:293)\n\tat io.cucumber.core.runtime.CucumberExecutionContext.lambda$runFeatures$6(CucumberExecutionContext.java:148)\n\tat io.cucumber.core.runtime.CucumberExecutionContext.execute(CucumberExecutionContext.java:163)\n\tat io.cucumber.core.runtime.CucumberExecutionContext.runFeatures(CucumberExecutionContext.java:146)\n\tat io.cucumber.junit.Cucumber$StartAndFinishTestRun.evaluate(Cucumber.java:226)\n\tat org.junit.runners.ParentRunner$3.evaluate(ParentRunner.java:306)\n\tat org.junit.runners.ParentRunner.run(ParentRunner.java:413)\n\tat org.junit.runner.JUnitCore.run(JUnitCore.java:137)\n\tat org.junit.runner.JUnitCore.run(JUnitCore.java:115)\n\tat org.junit.vintage.engine.execution.RunnerExecutor.execute(RunnerExecutor.java:42)\n\tat org.junit.vintage.engine.VintageTestEngine.executeAllChildren(VintageTestEngine.java:80)\n\tat org.junit.vintage.engine.VintageTestEngine.execute(VintageTestEngine.java:72)\n\tat org.junit.platform.launcher.core.EngineExecutionOrchestrator.execute(EngineExecutionOrchestrator.java:198)\n\tat org.junit.platform.launcher.core.EngineExecutionOrchestrator.execute(EngineExecutionOrchestrator.java:169)\n\tat org.junit.platform.launcher.core.EngineExecutionOrchestrator.execute(EngineExecutionOrchestrator.java:93)\n\tat org.junit.platform.launcher.core.EngineExecutionOrchestrator.lambda$execute$0(EngineExecutionOrchestrator.java:58)\n\tat org.junit.platform.launcher.core.EngineExecutionOrchestrator.withInterceptedStreams(EngineExecutionOrchestrator.java:141)\n\tat org.junit.platform.launcher.core.EngineExecutionOrchestrator.execute(EngineExecutionOrchestrator.java:57)\n\tat org.junit.platform.launcher.core.DefaultLauncher.execute(DefaultLauncher.java:103)\n\tat org.junit.platform.launcher.core.DefaultLauncher.execute(DefaultLauncher.java:85)\n\tat org.junit.platform.launcher.core.DelegatingLauncher.execute(DelegatingLauncher.java:47)\n\tat org.apache.maven.surefire.junitplatform.LazyLauncher.execute(LazyLauncher.java:55)\n\tat org.apache.maven.surefire.junitplatform.JUnitPlatformProvider.execute(JUnitPlatformProvider.java:223)\n\tat org.apache.maven.surefire.junitplatform.JUnitPlatformProvider.invokeAllTests(JUnitPlatformProvider.java:175)\n\tat org.apache.maven.surefire.junitplatform.JUnitPlatformProvider.invoke(JUnitPlatformProvider.java:139)\n\tat org.apache.maven.surefire.booter.ForkedBooter.runSuitesInProcess(ForkedBooter.java:456)\n\tat org.apache.maven.surefire.booter.ForkedBooter.execute(ForkedBooter.java:169)\n\tat org.apache.maven.surefire.booter.ForkedBooter.run(ForkedBooter.java:595)\n\tat org.apache.maven.surefire.booter.ForkedBooter.main(ForkedBooter.java:581)\n","flaky":false,"newFailed":true,"newBroken":false,"newPassed":false,"retriesCount":21,"retriesStatusChange":true,"beforeStages":[{"name":"hooks.Hooks.setUp(io.cucumber.java.Scenario)","time":{"start":1759143743086,"stop":1759143743086,"duration":0},"status":"passed","steps":[],"attachments":[],"parameters":[],"shouldDisplayMessage":false,"stepsCount":0,"attachmentsCount":0,"hasContent":false,"attachmentStep":false}],"testStage":{"description":"  As a customer on DemoBlaze e-commerce website\n  I want to place orders for items in my cart\n  So that I can complete my purchase and receive the products","status":"failed","statusMessage":"Alert not found\nScreenshot: file:/app/target/screenshots/1759143757806.2.png\nPage source: file:/app/target/screenshots/1759143757806.2.html\nTimeout: 4 s.\nCaused by: TimeoutException: Expected condition failed: waiting for alert to be present (tried for 4 second(s) with 200 milliseconds interval)","statusTrace":"Alert not found\nScreenshot: file:/app/target/screenshots/1759143757806.2.png\nPage source: file:/app/target/screenshots/1759143757806.2.html\nTimeout: 4 s.\nCaused by: TimeoutException: Expected condition failed: waiting for alert to be present (tried for 4 second(s) with 200 milliseconds interval)\n\tat com.codeborne.selenide.SelenideTargetLocator.alertNotFoundError(SelenideTargetLocator.java:308)\n\tat com.codeborne.selenide.SelenideTargetLocator.alert(SelenideTargetLocator.java:182)\n\tat com.codeborne.selenide.SelenideTargetLocator.alert(SelenideTargetLocator.java:172)\n\tat stepDefinitions.OrderPlacementSteps.i_should_see_order_success_message(OrderPlacementSteps.java:103)\n\tat ✽.I should see order success message(file:///app/src/test/resources/features/OrderPlacement.feature:25)\nCaused by: org.openqa.selenium.TimeoutException: Expected condition failed: waiting for alert to be present (tried for 4 second(s) with 200 milliseconds interval)\nBuild info: version: '4.35.0', revision: '1c58e5028b'\nSystem info: os.name: 'Linux', os.arch: 'amd64', os.version: '6.6.87.2-microsoft-standard-WSL2', java.version: '21'\nDriver info: driver.version: unknown\n\tat org.openqa.selenium.support.ui.FluentWait.timeoutException(FluentWait.java:265)\n\tat org.openqa.selenium.support.ui.FluentWait.until(FluentWait.java:228)\n\tat com.codeborne.selenide.SelenideTargetLocator.alert(SelenideTargetLocator.java:179)\n\tat com.codeborne.selenide.SelenideTargetLocator.alert(SelenideTargetLocator.java:172)\n\tat stepDefinitions.OrderPlacementSteps.i_should_see_order_success_message(OrderPlacementSteps.java:103)\n\tat java.base/jdk.internal.reflect.DirectMethodHandleAccessor.invoke(DirectMethodHandleAccessor.java:103)\n\tat java.base/java.lang.reflect.Method.invoke(Method.java:580)\n\tat io.cucumber.java.Invoker.doInvoke(Invoker.java:66)\n\tat io.cucumber.java.Invoker.invoke(Invoker.java:24)\n\tat io.cucumber.java.AbstractGlueDefinition.invokeMethod(AbstractGlueDefinition.java:47)\n\tat io.cucumber.java.JavaStepDefinition.execute(JavaStepDefinition.java:29)\n\tat io.cucumber.core.runner.CoreStepDefinition.execute(CoreStepDefinition.java:66)\n\tat io.cucumber.core.runner.PickleStepDefinitionMatch.runStep(PickleStepDefinitionMatch.java:63)\n\tat io.cucumber.core.runner.ExecutionMode$1.execute(ExecutionMode.java:10)\n\tat io.cucumber.core.runner.TestStep.executeStep(TestStep.java:84)\n\tat io.cucumber.core.runner.TestStep.run(TestStep.java:56)\n\tat io.cucumber.core.runner.PickleStepTestStep.run(PickleStepTestStep.java:51)\n\tat io.cucumber.core.runner.TestCase.run(TestCase.java:84)\n\tat io.cucumber.core.runner.Runner.runPickle(Runner.java:75)\n\tat io.cucumber.junit.PickleRunners$NoStepDescriptions.lambda$run$0(PickleRunners.java:151)\n\tat io.cucumber.core.runtime.CucumberExecutionContext.lambda$runTestCase$5(CucumberExecutionContext.java:137)\n\tat io.cucumber.core.runtime.RethrowingThrowableCollector.executeAndThrow(RethrowingThrowableCollector.java:23)\n\tat io.cucumber.core.runtime.CucumberExecutionContext.runTestCase(CucumberExecutionContext.java:137)\n\tat io.cucumber.junit.PickleRunners$NoStepDescriptions.run(PickleRunners.java:148)\n\tat io.cucumber.junit.FeatureRunner.runChild(FeatureRunner.java:144)\n\tat io.cucumber.junit.FeatureRunner.runChild(FeatureRunner.java:28)\n\tat org.junit.runners.ParentRunner$4.run(ParentRunner.java:331)\n\tat org.junit.runners.ParentRunner$1.schedule(ParentRunner.java:79)\n\tat org.junit.runners.ParentRunner.runChildren(ParentRunner.java:329)\n\tat org.junit.runners.ParentRunner.access$100(ParentRunner.java:66)\n\tat org.junit.runners.ParentRunner$2.evaluate(ParentRunner.java:293)\n\tat org.junit.runners.ParentRunner$3.evaluate(ParentRunner.java:306)\n\tat org.junit.runners.ParentRunner.run(ParentRunner.java:413)\n\tat io.cucumber.junit.FeatureRunner.run(FeatureRunner.java:137)\n\tat io.cucumber.junit.Cucumber.runChild(Cucumber.java:196)\n\tat io.cucumber.junit.Cucumber.runChild(Cucumber.java:89)\n\tat org.junit.runners.ParentRunner$4.run(ParentRunner.java:331)\n\tat org.junit.runners.ParentRunner$1.schedule(ParentRunner.java:79)\n\tat org.junit.runners.ParentRunner.runChildren(ParentRunner.java:329)\n\tat org.junit.runners.ParentRunner.access$100(ParentRunner.java:66)\n\tat org.junit.runners.ParentRunner$2.evaluate(ParentRunner.java:293)\n\tat io.cucumber.core.runtime.CucumberExecutionContext.lambda$runFeatures$6(CucumberExecutionContext.java:148)\n\tat io.cucumber.core.runtime.CucumberExecutionContext.execute(CucumberExecutionContext.java:163)\n\tat io.cucumber.core.runtime.CucumberExecutionContext.runFeatures(CucumberExecutionContext.java:146)\n\tat io.cucumber.junit.Cucumber$StartAndFinishTestRun.evaluate(Cucumber.java:226)\n\tat org.junit.runners.ParentRunner$3.evaluate(ParentRunner.java:306)\n\tat org.junit.runners.ParentRunner.run(ParentRunner.java:413)\n\tat org.junit.runner.JUnitCore.run(JUnitCore.java:137)\n\tat org.junit.runner.JUnitCore.run(JUnitCore.java:115)\n\tat org.junit.vintage.engine.execution.RunnerExecutor.execute(RunnerExecutor.java:42)\n\tat org.junit.vintage.engine.VintageTestEngine.executeAllChildren(VintageTestEngine.java:80)\n\tat org.junit.vintage.engine.VintageTestEngine.execute(VintageTestEngine.java:72)\n\tat org.junit.platform.launcher.core.EngineExecutionOrchestrator.execute(EngineExecutionOrchestrator.java:198)\n\tat org.junit.platform.launcher.core.EngineExecutionOrchestrator.execute(EngineExecutionOrchestrator.java:169)\n\tat org.junit.platform.launcher.core.EngineExecutionOrchestrator.execute(EngineExecutionOrchestrator.java:93)\n\tat org.junit.platform.launcher.core.EngineExecutionOrchestrator.lambda$execute$0(EngineExecutionOrchestrator.java:58)\n\tat org.junit.platform.launcher.core.EngineExecutionOrchestrator.withInterceptedStreams(EngineExecutionOrchestrator.java:141)\n\tat org.junit.platform.launcher.core.EngineExecutionOrchestrator.execute(EngineExecutionOrchestrator.java:57)\n\tat org.junit.platform.launcher.core.DefaultLauncher.execute(DefaultLauncher.java:103)\n\tat org.junit.platform.launcher.core.DefaultLauncher.execute(DefaultLauncher.java:85)\n\tat org.junit.platform.launcher.core.DelegatingLauncher.execute(DelegatingLauncher.java:47)\n\tat org.apache.maven.surefire.junitplatform.LazyLauncher.execute(LazyLauncher.java:55)\n\tat org.apache.maven.surefire.junitplatform.JUnitPlatformProvider.execute(JUnitPlatformProvider.java:223)\n\tat org.apache.maven.surefire.junitplatform.JUnitPlatformProvider.invokeAllTests(JUnitPlatformProvider.java:175)\n\tat org.apache.maven.surefire.junitplatform.JUnitPlatformProvider.invoke(JUnitPlatformProvider.java:139)\n\tat org.apache.maven.surefire.booter.ForkedBooter.runSuitesInProcess(ForkedBooter.java:456)\n\tat org.apache.maven.surefire.booter.ForkedBooter.execute(ForkedBooter.java:169)\n\tat org.apache.maven.surefire.booter.ForkedBooter.run(ForkedBooter.java:595)\n\tat org.apache.maven.surefire.booter.ForkedBooter.main(ForkedBooter.java:581)\n","steps":[{"name":"Given I navigate to the DemoBlaze home page","time":{"start":1759143743087,"stop":1759143744618,"duration":1531},"status":"passed","steps":[{"name":"Navigate to DemoBlaze home page","time":{"start":1759143743087,"stop":1759143744618,"duration":1531},"status":"passed","steps":[{"name":"$(\"open\") https://www.demoblaze.com/index.html","time":{"start":1759143743087,"stop":1759143744618,"duration":1531},"status":"passed","steps":[{"name":"$(\"webdriver\") create()","time":{"start":1759143743087,"stop":1759143743616,"duration":529},"status":"passed","steps":[],"attachments":[],"parameters":[],"shouldDisplayMessage":false,"stepsCount":0,"attachmentsCount":0,"hasContent":false,"attachmentStep":false}],"attachments":[],"parameters":[],"shouldDisplayMessage":false,"stepsCount":1,"attachmentsCount":0,"hasContent":true,"attachmentStep":false}],"attachments":[],"parameters":[],"shouldDisplayMessage":false,"stepsCount":2,"attachmentsCount":0,"hasContent":true,"attachmentStep":false}],"attachments":[],"parameters":[],"shouldDisplayMessage":false,"stepsCount":3,"attachmentsCount":0,"hasContent":true,"attachmentStep":false},{"name":"Given I add \"Samsung galaxy s6\" to cart","time":{"start":1759143744618,"stop":1759143748503,"duration":3885},"status":"passed","steps":[{"name":"Add product Samsung galaxy s6 to cart","time":{"start":1759143744619,"stop":1759143748502,"duration":3883},"status":"passed","steps":[{"name":"$(\".card-title[0]\") click()","time":{"start":1759143744619,"stop":1759143746653,"duration":2034},"status":"passed","steps":[],"attachments":[],"parameters":[],"shouldDisplayMessage":false,"stepsCount":0,"attachmentsCount":0,"hasContent":false,"attachmentStep":false},{"name":"$(\"By.linkText: Add to cart\") click()","time":{"start":1759143746654,"stop":1759143747523,"duration":869},"status":"passed","steps":[],"attachments":[],"parameters":[],"shouldDisplayMessage":false,"stepsCount":0,"attachmentsCount":0,"hasContent":false,"attachmentStep":false},{"name":"$(\"open\") https://www.demoblaze.com/index.html","time":{"start":1759143748167,"stop":1759143748502,"duration":335},"status":"passed","steps":[],"attachments":[],"parameters":[],"shouldDisplayMessage":false,"stepsCount":0,"attachmentsCount":0,"hasContent":false,"attachmentStep":false}],"attachments":[],"parameters":[{"name":"productName","value":"Samsung galaxy s6"}],"shouldDisplayMessage":false,"stepsCount":3,"attachmentsCount":0,"hasContent":true,"attachmentStep":false}],"attachments":[],"parameters":[],"shouldDisplayMessage":false,"stepsCount":4,"attachmentsCount":0,"hasContent":true,"attachmentStep":false},{"name":"When I navigate to cart page","time":{"start":1759143748503,"stop":1759143749254,"duration":751},"status":"passed","steps":[{"name":"Navigate to cart page","time":{"start":1759143748503,"stop":1759143749253,"duration":750},"status":"passed","steps":[{"name":"$(\"#cartur\") click()","time":{"start":1759143748503,"stop":1759143749253,"duration":750},"status":"passed","steps":[],"attachments":[],"parameters":[],"shouldDisplayMessage":false,"stepsCount":0,"attachmentsCount":0,"hasContent":false,"attachmentStep":false}],"attachments":[],"parameters":[],"shouldDisplayMessage":false,"stepsCount":1,"attachmentsCount":0,"hasContent":true,"attachmentStep":false}],"attachments":[],"parameters":[],"shouldDisplayMessage":false,"stepsCount":2,"attachmentsCount":0,"hasContent":true,"attachmentStep":false},{"name":"And I click place order button","time":{"start":1759143749254,"stop":1759143749429,"duration":175},"status":"passed","steps":[{"name":"Click place order button","time":{"start":1759143749255,"stop":1759143749429,"duration":174},"status":"passed","steps":[{"name":"$(\"By.xpath: //button[text()='Place Order']\") click()","time":{"start":1759143749255,"stop":1759143749429,"duration":174},"status":"passed","steps":[],"attachments":[],"parameters":[],"shouldDisplayMessage":false,"stepsCount":0,"attachmentsCount":0,"hasContent":false,"attachmentStep":false}],"attachments":[],"parameters":[],"shouldDisplayMessage":false,"stepsCount":1,"attachmentsCount":0,"hasContent":true,"attachmentStep":false}],"attachments":[],"parameters":[],"shouldDisplayMessage":false,"stepsCount":2,"attachmentsCount":0,"hasContent":true,"attachmentStep":false},{"name":"Then I should see the order placement form","time":{"start":1759143749429,"stop":1759143750162,"duration":733},"status":"passed","steps":[{"name":"Verify order placement form is displayed","time":{"start":1759143749430,"stop":1759143750162,"duration":732},"status":"passed","steps":[{"name":"$(\"#name\") should be(visible)","time":{"start":1759143749430,"stop":1759143749820,"duration":390},"status":"passed","steps":[],"attachments":[],"parameters":[],"shouldDisplayMessage":false,"stepsCount":0,"attachmentsCount":0,"hasContent":false,"attachmentStep":false},{"name":"$(\"#country\") should be(visible)","time":{"start":1759143749820,"stop":1759143749869,"duration":49},"status":"passed","steps":[],"attachments":[],"parameters":[],"shouldDisplayMessage":false,"stepsCount":0,"attachmentsCount":0,"hasContent":false,"attachmentStep":false},{"name":"$(\"#city\") should be(visible)","time":{"start":1759143749869,"stop":1759143749907,"duration":38},"status":"passed","steps":[],"attachments":[],"parameters":[],"shouldDisplayMessage":false,"stepsCount":0,"attachmentsCount":0,"hasContent":false,"attachmentStep":false},{"name":"$(\"#card\") should be(visible)","time":{"start":1759143749907,"stop":1759143749957,"duration":50},"status":"passed","steps":[],"attachments":[],"parameters":[],"shouldDisplayMessage":false,"stepsCount":0,"attachmentsCount":0,"hasContent":false,"attachmentStep":false},{"name":"$(\"#month\") should be(visible)","time":{"start":1759143749957,"stop":1759143750042,"duration":85},"status":"passed","steps":[],"attachments":[],"parameters":[],"shouldDisplayMessage":false,"stepsCount":0,"attachmentsCount":0,"hasContent":false,"attachmentStep":false},{"name":"$(\"#year\") should be(visible)","time":{"start":1759143750042,"stop":1759143750084,"duration":42},"status":"passed","steps":[],"attachments":[],"parameters":[],"shouldDisplayMessage":false,"stepsCount":0,"attachmentsCount":0,"hasContent":false,"attachmentStep":false},{"name":"$(\"By.xpath: //button[text()='Purchase']\") should be(visible)","time":{"start":1759143750084,"stop":1759143750118,"duration":34},"status":"passed","steps":[],"attachments":[],"parameters":[],"shouldDisplayMessage":false,"stepsCount":0,"attachmentsCount":0,"hasContent":false,"attachmentStep":false},{"name":"$(\"By.xpath: //div[@id='orderModal']//button[@type='button'][normalize-space()='Close']\") should be(visible)","time":{"start":1759143750118,"stop":1759143750162,"duration":44},"status":"passed","steps":[],"attachments":[],"parameters":[],"shouldDisplayMessage":false,"stepsCount":0,"attachmentsCount":0,"hasContent":false,"attachmentStep":false}],"attachments":[],"parameters":[],"shouldDisplayMessage":false,"stepsCount":8,"attachmentsCount":0,"hasContent":true,"attachmentStep":false}],"attachments":[],"parameters":[],"shouldDisplayMessage":false,"stepsCount":9,"attachmentsCount":0,"hasContent":true,"attachmentStep":false},{"name":"When I fill order details with valid information:","time":{"start":1759143750162,"stop":1759143751386,"duration":1224},"status":"passed","steps":[{"name":"Fill order details with valid information","time":{"start":1759143750170,"stop":1759143751386,"duration":1216},"status":"passed","steps":[{"name":"$(\"#name\") set value(John Doe)","time":{"start":1759143750170,"stop":1759143750542,"duration":372},"status":"passed","steps":[],"attachments":[],"parameters":[],"shouldDisplayMessage":false,"stepsCount":0,"attachmentsCount":0,"hasContent":false,"attachmentStep":false},{"name":"$(\"#country\") set value(USA)","time":{"start":1759143750542,"stop":1759143750684,"duration":142},"status":"passed","steps":[],"attachments":[],"parameters":[],"shouldDisplayMessage":false,"stepsCount":0,"attachmentsCount":0,"hasContent":false,"attachmentStep":false},{"name":"$(\"#city\") set value(New York)","time":{"start":1759143750685,"stop":1759143750842,"duration":157},"status":"passed","steps":[],"attachments":[],"parameters":[],"shouldDisplayMessage":false,"stepsCount":0,"attachmentsCount":0,"hasContent":false,"attachmentStep":false},{"name":"$(\"#card\") set value(1234567890123456)","time":{"start":1759143750843,"stop":1759143751083,"duration":240},"status":"passed","steps":[],"attachments":[],"parameters":[],"shouldDisplayMessage":false,"stepsCount":0,"attachmentsCount":0,"hasContent":false,"attachmentStep":false},{"name":"$(\"#month\") set value(12)","time":{"start":1759143751083,"stop":1759143751243,"duration":160},"status":"passed","steps":[],"attachments":[],"parameters":[],"shouldDisplayMessage":false,"stepsCount":0,"attachmentsCount":0,"hasContent":false,"attachmentStep":false},{"name":"$(\"#year\") set value(2025)","time":{"start":1759143751243,"stop":1759143751386,"duration":143},"status":"passed","steps":[],"attachments":[],"parameters":[],"shouldDisplayMessage":false,"stepsCount":0,"attachmentsCount":0,"hasContent":false,"attachmentStep":false}],"attachments":[],"parameters":[{"name":"dataTable","value":"| field      | value            |\n| name       | John Doe         |\n| country    | USA              |\n| city       | New York         |\n| creditCard | 1234567890123456 |\n| month      | 12               |\n| year       | 2025             |\n"}],"shouldDisplayMessage":false,"stepsCount":6,"attachmentsCount":0,"hasContent":true,"attachmentStep":false}],"attachments":[{"uid":"4aca710cd7be685","name":"Data table","source":"4aca710cd7be685.csv","type":"text/tab-separated-values","size":99}],"parameters":[],"shouldDisplayMessage":false,"stepsCount":7,"attachmentsCount":1,"hasContent":true,"attachmentStep":false},{"name":"And I click purchase button","time":{"start":1759143751386,"stop":1759143751519,"duration":133},"status":"passed","steps":[{"name":"Click purchase button to complete order","time":{"start":1759143751387,"stop":1759143751519,"duration":132},"status":"passed","steps":[{"name":"$(\"By.xpath: //button[text()='Purchase']\") click()","time":{"start":1759143751387,"stop":1759143751518,"duration":131},"status":"passed","steps":[],"attachments":[],"parameters":[],"shouldDisplayMessage":false,"stepsCount":0,"attachmentsCount":0,"hasContent":false,"attachmentStep":false}],"attachments":[],"parameters":[],"shouldDisplayMessage":false,"stepsCount":1,"attachmentsCount":0,"hasContent":true,"attachmentStep":false}],"attachments":[],"parameters":[],"shouldDisplayMessage":false,"stepsCount":2,"attachmentsCount":0,"hasContent":true,"attachmentStep":false},{"name":"Then I should see order success message","time":{"start":1759143751519,"stop":1759143757957,"duration":6438},"status":"failed","statusMessage":"Alert not found\nScreenshot: file:/app/target/screenshots/1759143757806.2.png\nPage source: file:/app/target/screenshots/1759143757806.2.html\nTimeout: 4 s.\nCaused by: TimeoutException: Expected condition failed: waiting for alert to be present (tried for 4 second(s) with 200 milliseconds interval)","statusTrace":"Alert not found\nScreenshot: file:/app/target/screenshots/1759143757806.2.png\nPage source: file:/app/target/screenshots/1759143757806.2.html\nTimeout: 4 s.\nCaused by: TimeoutException: Expected condition failed: waiting for alert to be present (tried for 4 second(s) with 200 milliseconds interval)\n\tat com.codeborne.selenide.SelenideTargetLocator.alertNotFoundError(SelenideTargetLocator.java:308)\n\tat com.codeborne.selenide.SelenideTargetLocator.alert(SelenideTargetLocator.java:182)\n\tat com.codeborne.selenide.SelenideTargetLocator.alert(SelenideTargetLocator.java:172)\n\tat stepDefinitions.OrderPlacementSteps.i_should_see_order_success_message(OrderPlacementSteps.java:103)\n\tat ✽.I should see order success message(file:///app/src/test/resources/features/OrderPlacement.feature:25)\nCaused by: org.openqa.selenium.TimeoutException: Expected condition failed: waiting for alert to be present (tried for 4 second(s) with 200 milliseconds interval)\nBuild info: version: '4.35.0', revision: '1c58e5028b'\nSystem info: os.name: 'Linux', os.arch: 'amd64', os.version: '6.6.87.2-microsoft-standard-WSL2', java.version: '21'\nDriver info: driver.version: unknown\n\tat org.openqa.selenium.support.ui.FluentWait.timeoutException(FluentWait.java:265)\n\tat org.openqa.selenium.support.ui.FluentWait.until(FluentWait.java:228)\n\tat com.codeborne.selenide.SelenideTargetLocator.alert(SelenideTargetLocator.java:179)\n\tat com.codeborne.selenide.SelenideTargetLocator.alert(SelenideTargetLocator.java:172)\n\tat stepDefinitions.OrderPlacementSteps.i_should_see_order_success_message(OrderPlacementSteps.java:103)\n\tat java.base/jdk.internal.reflect.DirectMethodHandleAccessor.invoke(DirectMethodHandleAccessor.java:103)\n\tat java.base/java.lang.reflect.Method.invoke(Method.java:580)\n\tat io.cucumber.java.Invoker.doInvoke(Invoker.java:66)\n\tat io.cucumber.java.Invoker.invoke(Invoker.java:24)\n\tat io.cucumber.java.AbstractGlueDefinition.invokeMethod(AbstractGlueDefinition.java:47)\n\tat io.cucumber.java.JavaStepDefinition.execute(JavaStepDefinition.java:29)\n\tat io.cucumber.core.runner.CoreStepDefinition.execute(CoreStepDefinition.java:66)\n\tat io.cucumber.core.runner.PickleStepDefinitionMatch.runStep(PickleStepDefinitionMatch.java:63)\n\tat io.cucumber.core.runner.ExecutionMode$1.execute(ExecutionMode.java:10)\n\tat io.cucumber.core.runner.TestStep.executeStep(TestStep.java:84)\n\tat io.cucumber.core.runner.TestStep.run(TestStep.java:56)\n\tat io.cucumber.core.runner.PickleStepTestStep.run(PickleStepTestStep.java:51)\n\tat io.cucumber.core.runner.TestCase.run(TestCase.java:84)\n\tat io.cucumber.core.runner.Runner.runPickle(Runner.java:75)\n\tat io.cucumber.junit.PickleRunners$NoStepDescriptions.lambda$run$0(PickleRunners.java:151)\n\tat io.cucumber.core.runtime.CucumberExecutionContext.lambda$runTestCase$5(CucumberExecutionContext.java:137)\n\tat io.cucumber.core.runtime.RethrowingThrowableCollector.executeAndThrow(RethrowingThrowableCollector.java:23)\n\tat io.cucumber.core.runtime.CucumberExecutionContext.runTestCase(CucumberExecutionContext.java:137)\n\tat io.cucumber.junit.PickleRunners$NoStepDescriptions.run(PickleRunners.java:148)\n\tat io.cucumber.junit.FeatureRunner.runChild(FeatureRunner.java:144)\n\tat io.cucumber.junit.FeatureRunner.runChild(FeatureRunner.java:28)\n\tat org.junit.runners.ParentRunner$4.run(ParentRunner.java:331)\n\tat org.junit.runners.ParentRunner$1.schedule(ParentRunner.java:79)\n\tat org.junit.runners.ParentRunner.runChildren(ParentRunner.java:329)\n\tat org.junit.runners.ParentRunner.access$100(ParentRunner.java:66)\n\tat org.junit.runners.ParentRunner$2.evaluate(ParentRunner.java:293)\n\tat org.junit.runners.ParentRunner$3.evaluate(ParentRunner.java:306)\n\tat org.junit.runners.ParentRunner.run(ParentRunner.java:413)\n\tat io.cucumber.junit.FeatureRunner.run(FeatureRunner.java:137)\n\tat io.cucumber.junit.Cucumber.runChild(Cucumber.java:196)\n\tat io.cucumber.junit.Cucumber.runChild(Cucumber.java:89)\n\tat org.junit.runners.ParentRunner$4.run(ParentRunner.java:331)\n\tat org.junit.runners.ParentRunner$1.schedule(ParentRunner.java:79)\n\tat org.junit.runners.ParentRunner.runChildren(ParentRunner.java:329)\n\tat org.junit.runners.ParentRunner.access$100(ParentRunner.java:66)\n\tat org.junit.runners.ParentRunner$2.evaluate(ParentRunner.java:293)\n\tat io.cucumber.core.runtime.CucumberExecutionContext.lambda$runFeatures$6(CucumberExecutionContext.java:148)\n\tat io.cucumber.core.runtime.CucumberExecutionContext.execute(CucumberExecutionContext.java:163)\n\tat io.cucumber.core.runtime.CucumberExecutionContext.runFeatures(CucumberExecutionContext.java:146)\n\tat io.cucumber.junit.Cucumber$StartAndFinishTestRun.evaluate(Cucumber.java:226)\n\tat org.junit.runners.ParentRunner$3.evaluate(ParentRunner.java:306)\n\tat org.junit.runners.ParentRunner.run(ParentRunner.java:413)\n\tat org.junit.runner.JUnitCore.run(JUnitCore.java:137)\n\tat org.junit.runner.JUnitCore.run(JUnitCore.java:115)\n\tat org.junit.vintage.engine.execution.RunnerExecutor.execute(RunnerExecutor.java:42)\n\tat org.junit.vintage.engine.VintageTestEngine.executeAllChildren(VintageTestEngine.java:80)\n\tat org.junit.vintage.engine.VintageTestEngine.execute(VintageTestEngine.java:72)\n\tat org.junit.platform.launcher.core.EngineExecutionOrchestrator.execute(EngineExecutionOrchestrator.java:198)\n\tat org.junit.platform.launcher.core.EngineExecutionOrchestrator.execute(EngineExecutionOrchestrator.java:169)\n\tat org.junit.platform.launcher.core.EngineExecutionOrchestrator.execute(EngineExecutionOrchestrator.java:93)\n\tat org.junit.platform.launcher.core.EngineExecutionOrchestrator.lambda$execute$0(EngineExecutionOrchestrator.java:58)\n\tat org.junit.platform.launcher.core.EngineExecutionOrchestrator.withInterceptedStreams(EngineExecutionOrchestrator.java:141)\n\tat org.junit.platform.launcher.core.EngineExecutionOrchestrator.execute(EngineExecutionOrchestrator.java:57)\n\tat org.junit.platform.launcher.core.DefaultLauncher.execute(DefaultLauncher.java:103)\n\tat org.junit.platform.launcher.core.DefaultLauncher.execute(DefaultLauncher.java:85)\n\tat org.junit.platform.launcher.core.DelegatingLauncher.execute(DelegatingLauncher.java:47)\n\tat org.apache.maven.surefire.junitplatform.LazyLauncher.execute(LazyLauncher.java:55)\n\tat org.apache.maven.surefire.junitplatform.JUnitPlatformProvider.execute(JUnitPlatformProvider.java:223)\n\tat org.apache.maven.surefire.junitplatform.JUnitPlatformProvider.invokeAllTests(JUnitPlatformProvider.java:175)\n\tat org.apache.maven.surefire.junitplatform.JUnitPlatformProvider.invoke(JUnitPlatformProvider.java:139)\n\tat org.apache.maven.surefire.booter.ForkedBooter.runSuitesInProcess(ForkedBooter.java:456)\n\tat org.apache.maven.surefire.booter.ForkedBooter.execute(ForkedBooter.java:169)\n\tat org.apache.maven.surefire.booter.ForkedBooter.run(ForkedBooter.java:595)\n\tat org.apache.maven.surefire.booter.ForkedBooter.main(ForkedBooter.java:581)\n","steps":[{"name":"Verify order success message","time":{"start":1759143751519,"stop":1759143757956,"duration":6437},"status":"failed","statusMessage":"Alert not found\nScreenshot: file:/app/target/screenshots/1759143757806.2.png\nPage source: file:/app/target/screenshots/1759143757806.2.html\nTimeout: 4 s.\nCaused by: TimeoutException: Expected condition failed: waiting for alert to be present (tried for 4 second(s) with 200 milliseconds interval)","statusTrace":"Alert not found\nScreenshot: file:/app/target/screenshots/1759143757806.2.png\nPage source: file:/app/target/screenshots/1759143757806.2.html\nTimeout: 4 s.\nCaused by: TimeoutException: Expected condition failed: waiting for alert to be present (tried for 4 second(s) with 200 milliseconds interval)\n\tat com.codeborne.selenide.SelenideTargetLocator.alertNotFoundError(SelenideTargetLocator.java:308)\n\tat com.codeborne.selenide.SelenideTargetLocator.alert(SelenideTargetLocator.java:182)\n\tat com.codeborne.selenide.SelenideTargetLocator.alert(SelenideTargetLocator.java:172)\n\tat stepDefinitions.OrderPlacementSteps.i_should_see_order_success_message(OrderPlacementSteps.java:103)\n\tat java.base/jdk.internal.reflect.DirectMethodHandleAccessor.invoke(DirectMethodHandleAccessor.java:103)\n\tat java.base/java.lang.reflect.Method.invoke(Method.java:580)\n\tat io.cucumber.java.Invoker.doInvoke(Invoker.java:66)\n\tat io.cucumber.java.Invoker.invoke(Invoker.java:24)\n\tat io.cucumber.java.AbstractGlueDefinition.invokeMethod(AbstractGlueDefinition.java:47)\n\tat io.cucumber.java.JavaStepDefinition.execute(JavaStepDefinition.java:29)\n\tat io.cucumber.core.runner.CoreStepDefinition.execute(CoreStepDefinition.java:66)\n\tat io.cucumber.core.runner.PickleStepDefinitionMatch.runStep(PickleStepDefinitionMatch.java:63)\n\tat io.cucumber.core.runner.ExecutionMode$1.execute(ExecutionMode.java:10)\n\tat io.cucumber.core.runner.TestStep.executeStep(TestStep.java:84)\n\tat io.cucumber.core.runner.TestStep.run(TestStep.java:56)\n\tat io.cucumber.core.runner.PickleStepTestStep.run(PickleStepTestStep.java:51)\n\tat io.cucumber.core.runner.TestCase.run(TestCase.java:84)\n\tat io.cucumber.core.runner.Runner.runPickle(Runner.java:75)\n\tat io.cucumber.junit.PickleRunners$NoStepDescriptions.lambda$run$0(PickleRunners.java:151)\n\tat io.cucumber.core.runtime.CucumberExecutionContext.lambda$runTestCase$5(CucumberExecutionContext.java:137)\n\tat io.cucumber.core.runtime.RethrowingThrowableCollector.executeAndThrow(RethrowingThrowableCollector.java:23)\n\tat io.cucumber.core.runtime.CucumberExecutionContext.runTestCase(CucumberExecutionContext.java:137)\n\tat io.cucumber.junit.PickleRunners$NoStepDescriptions.run(PickleRunners.java:148)\n\tat io.cucumber.junit.FeatureRunner.runChild(FeatureRunner.java:144)\n\tat io.cucumber.junit.FeatureRunner.runChild(FeatureRunner.java:28)\n\tat org.junit.runners.ParentRunner$4.run(ParentRunner.java:331)\n\tat org.junit.runners.ParentRunner$1.schedule(ParentRunner.java:79)\n\tat org.junit.runners.ParentRunner.runChildren(ParentRunner.java:329)\n\tat org.junit.runners.ParentRunner.access$100(ParentRunner.java:66)\n\tat org.junit.runners.ParentRunner$2.evaluate(ParentRunner.java:293)\n\tat org.junit.runners.ParentRunner$3.evaluate(ParentRunner.java:306)\n\tat org.junit.runners.ParentRunner.run(ParentRunner.java:413)\n\tat io.cucumber.junit.FeatureRunner.run(FeatureRunner.java:137)\n\tat io.cucumber.junit.Cucumber.runChild(Cucumber.java:196)\n\tat io.cucumber.junit.Cucumber.runChild(Cucumber.java:89)\n\tat org.junit.runners.ParentRunner$4.run(ParentRunner.java:331)\n\tat org.junit.runners.ParentRunner$1.schedule(ParentRunner.java:79)\n\tat org.junit.runners.ParentRunner.runChildren(ParentRunner.java:329)\n\tat org.junit.runners.ParentRunner.access$100(ParentRunner.java:66)\n\tat org.junit.runners.ParentRunner$2.evaluate(ParentRunner.java:293)\n\tat io.cucumber.core.runtime.CucumberExecutionContext.lambda$runFeatures$6(CucumberExecutionContext.java:148)\n\tat io.cucumber.core.runtime.CucumberExecutionContext.execute(CucumberExecutionContext.java:163)\n\tat io.cucumber.core.runtime.CucumberExecutionContext.runFeatures(CucumberExecutionContext.java:146)\n\tat io.cucumber.junit.Cucumber$StartAndFinishTestRun.evaluate(Cucumber.java:226)\n\tat org.junit.runners.ParentRunner$3.evaluate(ParentRunner.java:306)\n\tat org.junit.runners.ParentRunner.run(ParentRunner.java:413)\n\tat org.junit.runner.JUnitCore.run(JUnitCore.java:137)\n\tat org.junit.runner.JUnitCore.run(JUnitCore.java:115)\n\tat org.junit.vintage.engine.execution.RunnerExecutor.execute(RunnerExecutor.java:42)\n\tat org.junit.vintage.engine.VintageTestEngine.executeAllChildren(VintageTestEngine.java:80)\n\tat org.junit.vintage.engine.VintageTestEngine.execute(VintageTestEngine.java:72)\n\tat org.junit.platform.launcher.core.EngineExecutionOrchestrator.execute(EngineExecutionOrchestrator.java:198)\n\tat org.junit.platform.launcher.core.EngineExecutionOrchestrator.execute(EngineExecutionOrchestrator.java:169)\n\tat org.junit.platform.launcher.core.EngineExecutionOrchestrator.execute(EngineExecutionOrchestrator.java:93)\n\tat org.junit.platform.launcher.core.EngineExecutionOrchestrator.lambda$execute$0(EngineExecutionOrchestrator.java:58)\n\tat org.junit.platform.launcher.core.EngineExecutionOrchestrator.withInterceptedStreams(EngineExecutionOrchestrator.java:141)\n\tat org.junit.platform.launcher.core.EngineExecutionOrchestrator.execute(EngineExecutionOrchestrator.java:57)\n\tat org.junit.platform.launcher.core.DefaultLauncher.execute(DefaultLauncher.java:103)\n\tat org.junit.platform.launcher.core.DefaultLauncher.execute(DefaultLauncher.java:85)\n\tat org.junit.platform.launcher.core.DelegatingLauncher.execute(DelegatingLauncher.java:47)\n\tat org.apache.maven.surefire.junitplatform.LazyLauncher.execute(LazyLauncher.java:55)\n\tat org.apache.maven.surefire.junitplatform.JUnitPlatformProvider.execute(JUnitPlatformProvider.java:223)\n\tat org.apache.maven.surefire.junitplatform.JUnitPlatformProvider.invokeAllTests(JUnitPlatformProvider.java:175)\n\tat org.apache.maven.surefire.junitplatform.JUnitPlatformProvider.invoke(JUnitPlatformProvider.java:139)\n\tat org.apache.maven.surefire.booter.ForkedBooter.runSuitesInProcess(ForkedBooter.java:456)\n\tat org.apache.maven.surefire.booter.ForkedBooter.execute(ForkedBooter.java:169)\n\tat org.apache.maven.surefire.booter.ForkedBooter.run(ForkedBooter.java:595)\n\tat org.apache.maven.surefire.booter.ForkedBooter.main(ForkedBooter.java:581)\nCaused by: org.openqa.selenium.TimeoutException: Expected condition failed: waiting for alert to be present (tried for 4 second(s) with 200 milliseconds interval)\nBuild info: version: '4.35.0', revision: '1c58e5028b'\nSystem info: os.name: 'Linux', os.arch: 'amd64', os.version: '6.6.87.2-microsoft-standard-WSL2', java.version: '21'\nDriver info: driver.version: unknown\n\tat org.openqa.selenium.support.ui.FluentWait.timeoutException(FluentWait.java:265)\n\tat org.openqa.selenium.support.ui.FluentWait.until(FluentWait.java:228)\n\tat com.codeborne.selenide.SelenideTargetLocator.alert(SelenideTargetLocator.java:179)\n\t... 66 more\n","steps":[],"attachments":[],"parameters":[],"shouldDisplayMessage":true,"stepsCount":0,"attachmentsCount":0,"hasContent":true,"attachmentStep":false}],"attachments":[],"parameters":[],"shouldDisplayMessage":false,"stepsCount":1,"attachmentsCount":0,"hasContent":true,"attachmentStep":false},{"name":"And I should see order confirmation with details","time":{"start":1759143757958,"stop":1759143757958,"duration":0},"status":"skipped","steps":[],"attachments":[],"parameters":[],"shouldDisplayMessage":false,"stepsCount":0,"attachmentsCount":0,"hasContent":false,"attachmentStep":false}],"attachments":[],"parameters":[],"shouldDisplayMessage":false,"stepsCount":39,"attachmentsCount":1,"hasContent":true,"attachmentStep":false},"afterStages":[{"name":"hooks.Hooks.tearDown(io.cucumber.java.Scenario)","time":{"start":1759143757958,"stop":1759143758234,"duration":276},"status":"passed","steps":[],"attachments":[],"parameters":[],"shouldDisplayMessage":false,"stepsCount":0,"attachmentsCount":0,"hasContent":false,"attachmentStep":false}],"labels":[{"name":"tag","value":"OrderPlacement"},{"name":"tag","value":"E2E"},{"name":"tag","value":"regression"},{"name":"tag","value":"PlaceOrder"},{"name":"tag","value":"Smoke"},{"name":"host","value":"3804dd41cded"},{"name":"thread","value":"99@3804dd41cded.main(1)"},{"name":"feature","value":"DemoBlaze Order Placement"},{"name":"story","value":"Place order successfully with valid details"},{"name":"suite","value":"DemoBlaze Order Placement"},{"name":"testClass","value":"Place order successfully with valid details"},{"name":"framework","value":"cucumber4jvm"},{"name":"language","value":"java"},{"name":"gherkin_uri","value":"file:///app/src/test/resources/features/OrderPlacement.feature"},{"name":"package","value":"src.test.resources.features.OrderPlacement_feature.DemoBlaze Order Placement"},{"name":"resultFormat","value":"allure2"}],"parameters":[],"links":[],"hidden":false,"retry":false,"extra":{"severity":"normal","retries":[{"uid":"fc20dc818323e5dc","status":"failed","statusDetails":"Alert not found\nScreenshot: file:/app/target/screenshots/1758995712857.3.png\nPage source: file:/app/target/screenshots/1758995712857.3.html\nTimeout: 4 s.\nCaused by: TimeoutException: Expected condition failed: waiting for alert to be present (tried for 4 second(s) with 200 milliseconds interval)","time":{"start":1758995699357,"stop":1758995713419,"duration":14062}},{"uid":"3ef79351d3694f2e","status":"failed","statusDetails":"Alert not found\nScreenshot: file:/app/target/screenshots/1758993192243.3.png\nPage source: file:/app/target/screenshots/1758993192243.3.html\nTimeout: 4 s.\nCaused by: TimeoutException: Expected condition failed: waiting for alert to be present (tried for 4 second(s) with 200 milliseconds interval)","time":{"start":1758993181283,"stop":1758993192764,"duration":11481}},{"uid":"c55f773adfc71fc5","status":"failed","statusDetails":"Alert not found\nScreenshot: file:/app/target/screenshots/1758990547652.2.png\nPage source: file:/app/target/screenshots/1758990547652.2.html\nTimeout: 4 s.\nCaused by: TimeoutException: Expected condition failed: waiting for alert to be present (tried for 4 second(s) with 200 milliseconds interval)","time":{"start":1758990535601,"stop":1758990548194,"duration":12593}},{"uid":"689042bd814f6c72","status":"failed","statusDetails":"Alert not found\nScreenshot: file:/app/target/screenshots/1758894966874.3.png\nPage source: file:/app/target/screenshots/1758894966874.3.html\nTimeout: 4 s.\nCaused by: TimeoutException: Expected condition failed: waiting for alert to be present (tried for 4 second(s) with 200 milliseconds interval)","time":{"start":1758894950671,"stop":1758894968215,"duration":17544}},{"uid":"837ae1932611cc5","status":"broken","statusDetails":"unknown error: net::ERR_NAME_NOT_RESOLVED\n  (Session info: chrome=140.0.7339.207)\nBuild info: version: '4.35.0', revision: '1c58e5028b'\nSystem info: os.name: 'Linux', os.arch: 'amd64', os.version: '6.6.87.2-microsoft-standard-WSL2', java.version: '21'\nDriver info: org.openqa.selenium.chrome.ChromeDriver\nCommand: [bd80ea48f61ec5d98f9182398b83a4fe, get {url=https://www.demoblaze.com/index.html}]\nselenide.url: https://www.demoblaze.com/index.html\nCapabilities {acceptInsecureCerts: true, browserName: chrome, browserVersion: 140.0.7339.207, chrome: {chromedriverVersion: 140.0.7339.207 (17230b545fd..., userDataDir: /tmp/chrome-user-data-17588...}, fedcm:accounts: true, goog:chromeOptions: {debuggerAddress: localhost:9222}, networkConnectionEnabled: false, pageLoadStrategy: normal, platformName: linux, proxy: Proxy(), se:cdp: ws://localhost:9222/devtool..., se:cdpVersion: 140.0.7339.207, setWindowRect: true, strictFileInteractability: false, timeouts: {implicit: 0, pageLoad: 300000, script: 30000}, unhandledPromptBehavior: accept, webauthn:extension:credBlob: true, webauthn:extension:largeBlob: true, webauthn:extension:minPinLength: true, webauthn:extension:prf: true, webauthn:virtualAuthenticators: true}\nselenide.baseUrl: http://localhost:8080\nSession ID: bd80ea48f61ec5d98f9182398b83a4fe","time":{"start":1758886077144,"stop":1758886078470,"duration":1326}},{"uid":"a92b349efbe6df28","status":"failed","statusDetails":"Alert not found\nScreenshot: file:/app/target/screenshots/1758882285277.3.png\nPage source: file:/app/target/screenshots/1758882285277.3.html\nTimeout: 4 s.\nCaused by: TimeoutException: Expected condition failed: waiting for alert to be present (tried for 4 second(s) with 200 milliseconds interval)","time":{"start":1758882273573,"stop":1758882285816,"duration":12243}},{"uid":"bf610a80595fd9fa","status":"failed","statusDetails":"Alert not found\nScreenshot: file:/app/target/screenshots/1758879790566.3.png\nPage source: file:/app/target/screenshots/1758879790566.3.html\nTimeout: 4 s.\nCaused by: TimeoutException: Expected condition failed: waiting for alert to be present (tried for 4 second(s) with 200 milliseconds interval)","time":{"start":1758879773885,"stop":1758879791675,"duration":17790}},{"uid":"3b482a2eee9f3996","status":"failed","statusDetails":"Alert not found\nScreenshot: file:/app/target/screenshots/1758877618471.2.png\nPage source: file:/app/target/screenshots/1758877618471.2.html\nTimeout: 4 s.\nCaused by: TimeoutException: Expected condition failed: waiting for alert to be present (tried for 4 second(s) with 200 milliseconds interval)","time":{"start":1758877606666,"stop":1758877619037,"duration":12371}},{"uid":"3ec1469a1db336a3","status":"failed","statusDetails":"Alert not found\nScreenshot: file:/app/target/screenshots/1758874808266.3.png\nPage source: file:/app/target/screenshots/1758874808266.3.html\nTimeout: 4 s.\nCaused by: TimeoutException: Expected condition failed: waiting for alert to be present (tried for 4 second(s) with 200 milliseconds interval)","time":{"start":1758874797030,"stop":1758874808793,"duration":11763}},{"uid":"5bfd038ab8d01781","status":"failed","statusDetails":"Alert not found\nScreenshot: file:/app/target/screenshots/1758873534142.2.png\nPage source: file:/app/target/screenshots/1758873534142.2.html\nTimeout: 4 s.\nCaused by: TimeoutException: Expected condition failed: waiting for alert to be present (tried for 4 second(s) with 200 milliseconds interval)","time":{"start":1758873521275,"stop":1758873534620,"duration":13345}},{"uid":"a888a4a87d8f81bf","status":"failed","statusDetails":"Alert not found\nScreenshot: file:/app/target/screenshots/1758865578225.2.png\nPage source: file:/app/target/screenshots/1758865578225.2.html\nTimeout: 4 s.\nCaused by: TimeoutException: Expected condition failed: waiting for alert to be present (tried for 4 second(s) with 200 milliseconds interval)","time":{"start":1758865565437,"stop":1758865578862,"duration":13425}},{"uid":"5141b1e5297141ac","status":"failed","statusDetails":"Alert not found\nScreenshot: file:/app/target/screenshots/1758862778725.2.png\nPage source: file:/app/target/screenshots/1758862778725.2.html\nTimeout: 4 s.\nCaused by: TimeoutException: Expected condition failed: waiting for alert to be present (tried for 4 second(s) with 200 milliseconds interval)","time":{"start":1758862767143,"stop":1758862779256,"duration":12113}},{"uid":"b973d535d3010f34","status":"failed","statusDetails":"Alert not found\nScreenshot: file:/app/target/screenshots/1758861036636.2.png\nPage source: file:/app/target/screenshots/1758861036636.2.html\nTimeout: 4 s.\nCaused by: TimeoutException: Expected condition failed: waiting for alert to be present (tried for 4 second(s) with 200 milliseconds interval)","time":{"start":1758861011865,"stop":1758861039153,"duration":27288}},{"uid":"da1a5a74f9beb906","status":"failed","statusDetails":"Alert not found\nScreenshot: file:/app/target/screenshots/1758859621384.2.png\nPage source: file:/app/target/screenshots/1758859621384.2.html\nTimeout: 4 s.\nCaused by: TimeoutException: Expected condition failed: waiting for alert to be present (tried for 4 second(s) with 200 milliseconds interval)","time":{"start":1758859607970,"stop":1758859621843,"duration":13873}},{"uid":"3725084b0c843108","status":"failed","statusDetails":"Alert not found\nScreenshot: file:/app/target/screenshots/1758782413656.2.png\nPage source: file:/app/target/screenshots/1758782413656.2.html\nTimeout: 4 s.\nCaused by: TimeoutException: Expected condition failed: waiting for alert to be present (tried for 4 second(s) with 200 milliseconds interval)","time":{"start":1758782401835,"stop":1758782414123,"duration":12288}},{"uid":"552f58ac6f0823f1","status":"failed","statusDetails":"Alert not found\nScreenshot: file:/app/target/screenshots/1758781858706.2.png\nPage source: file:/app/target/screenshots/1758781858706.2.html\nTimeout: 4 s.\nCaused by: TimeoutException: Expected condition failed: waiting for alert to be present (tried for 4 second(s) with 200 milliseconds interval)","time":{"start":1758781847747,"stop":1758781859172,"duration":11425}},{"uid":"8444adca80452172","status":"failed","statusDetails":"Alert not found\nScreenshot: file:/home/jenkins/workspace/demoblazeProjectSelenide/target/screenshots/1758781066540.2.png\nPage source: file:/home/jenkins/workspace/demoblazeProjectSelenide/target/screenshots/1758781066540.2.html\nTimeout: 4 s.\nCaused by: TimeoutException: Expected condition failed: waiting for alert to be present (tried for 4 second(s) with 200 milliseconds interval)","time":{"start":1758781055412,"stop":1758781067087,"duration":11675}},{"uid":"c7cb20380d76d11b","status":"failed","statusDetails":"Alert not found\nScreenshot: file:/app/target/screenshots/1758780645108.3.png\nPage source: file:/app/target/screenshots/1758780645108.3.html\nTimeout: 4 s.\nCaused by: TimeoutException: Expected condition failed: waiting for alert to be present (tried for 4 second(s) with 200 milliseconds interval)","time":{"start":1758780634347,"stop":1758780645577,"duration":11230}},{"uid":"38757000237138e2","status":"failed","statusDetails":"Alert not found\nScreenshot: file:/app/target/screenshots/1758779773645.2.png\nPage source: file:/app/target/screenshots/1758779773645.2.html\nTimeout: 4 s.\nCaused by: TimeoutException: Expected condition failed: waiting for alert to be present (tried for 4 second(s) with 200 milliseconds interval)","time":{"start":1758779759774,"stop":1758779774045,"duration":14271}},{"uid":"652a904b4a851485","status":"failed","statusDetails":"Alert not found\r\nScreenshot: file:/E:/Courses/Amalitech%20GTP/Projects/demoblazeProjectPlaywright/target/screenshots/1758775723302.3.png\r\nPage source: file:/E:/Courses/Amalitech%20GTP/Projects/demoblazeProjectPlaywright/target/screenshots/1758775723302.3.html\r\nTimeout: 4 s.\r\nCaused by: TimeoutException: Expected condition failed: waiting for alert to be present (tried for 4 second(s) with 200 milliseconds interval)","time":{"start":1758775704604,"stop":1758775726013,"duration":21409}},{"uid":"22a6cd0b6b52b4ff","status":"failed","statusDetails":"Alert not found\nScreenshot: file:/mnt/e/Courses/Amalitech%20GTP/Projects/demoblazeProjectPlaywright/target/screenshots/1758768593235.3.png\nPage source: file:/mnt/e/Courses/Amalitech%20GTP/Projects/demoblazeProjectPlaywright/target/screenshots/1758768593235.3.html\nTimeout: 4 s.\nCaused by: TimeoutException: Expected condition failed: waiting for alert to be present (tried for 4 second(s) with 200 milliseconds interval)","time":{"start":1758768576612,"stop":1758768594472,"duration":17860}}],"categories":[{"name":"Product defects","matchedStatuses":[],"flaky":false}],"history":{"statistic":{"failed":12,"broken":1,"skipped":0,"passed":0,"unknown":0,"total":13},"items":[{"uid":"7251f0fe0937c3c9","reportUrl":"http://172.31.95.175:8080/job/demoblazeProjectSelenide/26/allure/#testresult/7251f0fe0937c3c9","status":"broken","statusDetails":"unknown error: net::ERR_NAME_NOT_RESOLVED\n  (Session info: chrome=140.0.7339.207)\nBuild info: version: '4.35.0', revision: '1c58e5028b'\nSystem info: os.name: 'Linux', os.arch: 'amd64', os.version: '6.6.87.2-microsoft-standard-WSL2', java.version: '21'\nDriver info: org.openqa.selenium.chrome.ChromeDriver\nCommand: [bd80ea48f61ec5d98f9182398b83a4fe, get {url=https://www.demoblaze.com/index.html}]\nselenide.url: https://www.demoblaze.com/index.html\nCapabilities {acceptInsecureCerts: true, browserName: chrome, browserVersion: 140.0.7339.207, chrome: {chromedriverVersion: 140.0.7339.207 (17230b545fd..., userDataDir: /tmp/chrome-user-data-17588...}, fedcm:accounts: true, goog:chromeOptions: {debuggerAddress: localhost:9222}, networkConnectionEnabled: false, pageLoadStrategy: normal, platformName: linux, proxy: Proxy(), se:cdp: ws://localhost:9222/devtool..., se:cdpVersion: 140.0.7339.207, setWindowRect: true, strictFileInteractability: false, timeouts: {implicit: 0, pageLoad: 300000, script: 30000}, unhandledPromptBehavior: accept, webauthn:extension:credBlob: true, webauthn:extension:largeBlob: true, webauthn:extension:minPinLength: true, webauthn:extension:prf: true, webauthn:virtualAuthenticators: true}\nselenide.baseUrl: http://localhost:8080\nSession ID: bd80ea48f61ec5d98f9182398b83a4fe","time":{"start":1758886077144,"stop":1758886078470,"duration":1326}},{"uid":"701c89daf476b78d","reportUrl":"http://172.31.95.175:8080/job/demoblazeProjectSelenide/25/allure/#testresult/701c89daf476b78d","status":"failed","statusDetails":"Alert not found\nScreenshot: file:/app/target/screenshots/1758882285277.3.png\nPage source: file:/app/target/screenshots/1758882285277.3.html\nTimeout: 4 s.\nCaused by: TimeoutException: Expected condition failed: waiting for alert to be present (tried for 4 second(s) with 200 milliseconds interval)","time":{"start":1758882273573,"stop":1758882285816,"duration":12243}},{"uid":"7f7b94fc4e119274","reportUrl":"http://172.31.95.175:8080/job/demoblazeProjectSelenide/24/allure/#testresult/7f7b94fc4e119274","status":"failed","statusDetails":"Alert not found\nScreenshot: file:/app/target/screenshots/1758879790566.3.png\nPage source: file:/app/target/screenshots/1758879790566.3.html\nTimeout: 4 s.\nCaused by: TimeoutException: Expected condition failed: waiting for alert to be present (tried for 4 second(s) with 200 milliseconds interval)","time":{"start":1758879773885,"stop":1758879791675,"duration":17790}},{"uid":"162441d8fd7b22d0","reportUrl":"http://172.31.95.175:8080/job/demoblazeProjectSelenide/23/allure/#testresult/162441d8fd7b22d0","status":"failed","statusDetails":"Alert not found\nScreenshot: file:/app/target/screenshots/1758877618471.2.png\nPage source: file:/app/target/screenshots/1758877618471.2.html\nTimeout: 4 s.\nCaused by: TimeoutException: Expected condition failed: waiting for alert to be present (tried for 4 second(s) with 200 milliseconds interval)","time":{"start":1758877606666,"stop":1758877619037,"duration":12371}},{"uid":"2e032612e76b95bf","reportUrl":"http://172.31.95.175:8080/job/demoblazeProjectSelenide/21/allure/#testresult/2e032612e76b95bf","status":"failed","statusDetails":"Alert not found\nScreenshot: file:/app/target/screenshots/1758874808266.3.png\nPage source: file:/app/target/screenshots/1758874808266.3.html\nTimeout: 4 s.\nCaused by: TimeoutException: Expected condition failed: waiting for alert to be present (tried for 4 second(s) with 200 milliseconds interval)","time":{"start":1758874797030,"stop":1758874808793,"duration":11763}},{"uid":"f868ad0a176fddc7","reportUrl":"http://172.31.95.175:8080/job/demoblazeProjectSelenide/20/allure/#testresult/f868ad0a176fddc7","status":"failed","statusDetails":"Alert not found\nScreenshot: file:/app/target/screenshots/1758873534142.2.png\nPage source: file:/app/target/screenshots/1758873534142.2.html\nTimeout: 4 s.\nCaused by: TimeoutException: Expected condition failed: waiting for alert to be present (tried for 4 second(s) with 200 milliseconds interval)","time":{"start":1758873521275,"stop":1758873534620,"duration":13345}},{"uid":"8997d5797cd29bca","reportUrl":"http://172.31.95.175:8080/job/demoblazeProjectSelenide/19/allure/#testresult/8997d5797cd29bca","status":"failed","statusDetails":"Alert not found\nScreenshot: file:/app/target/screenshots/1758873534142.2.png\nPage source: file:/app/target/screenshots/1758873534142.2.html\nTimeout: 4 s.\nCaused by: TimeoutException: Expected condition failed: waiting for alert to be present (tried for 4 second(s) with 200 milliseconds interval)","time":{"start":1758873521275,"stop":1758873534620,"duration":13345}},{"uid":"baaf8c0a7157871a","reportUrl":"http://172.31.95.175:8080/job/demoblazeProjectSelenide/18/allure/#testresult/baaf8c0a7157871a","status":"failed","statusDetails":"Alert not found\nScreenshot: file:/app/target/screenshots/1758865578225.2.png\nPage source: file:/app/target/screenshots/1758865578225.2.html\nTimeout: 4 s.\nCaused by: TimeoutException: Expected condition failed: waiting for alert to be present (tried for 4 second(s) with 200 milliseconds interval)","time":{"start":1758865565437,"stop":1758865578862,"duration":13425}},{"uid":"197c30abb37dc548","reportUrl":"http://172.31.95.175:8080/job/demoblazeProjectSelenide/17/allure/#testresult/197c30abb37dc548","status":"failed","statusDetails":"Alert not found\nScreenshot: file:/app/target/screenshots/1758862778725.2.png\nPage source: file:/app/target/screenshots/1758862778725.2.html\nTimeout: 4 s.\nCaused by: TimeoutException: Expected condition failed: waiting for alert to be present (tried for 4 second(s) with 200 milliseconds interval)","time":{"start":1758862767143,"stop":1758862779256,"duration":12113}},{"uid":"47e7f8b85d8acc80","reportUrl":"http://172.31.95.175:8080/job/demoblazeProjectSelenide/16/allure/#testresult/47e7f8b85d8acc80","status":"failed","statusDetails":"Alert not found\nScreenshot: file:/app/target/screenshots/1758861140384.4.png\nPage source: file:/app/target/screenshots/1758861140384.4.html\nTimeout: 4 s.\nCaused by: TimeoutException: Expected condition failed: waiting for alert to be present (tried for 4 second(s) with 200 milliseconds interval)","time":{"start":1758861116066,"stop":1758861142927,"duration":26861}},{"uid":"d068a312c81fbf8","reportUrl":"http://172.31.95.175:8080/job/demoblazeProjectSelenide/14/allure/#testresult/d068a312c81fbf8","status":"failed","statusDetails":"Alert not found\nScreenshot: file:/app/target/screenshots/1758859621384.2.png\nPage source: file:/app/target/screenshots/1758859621384.2.html\nTimeout: 4 s.\nCaused by: TimeoutException: Expected condition failed: waiting for alert to be present (tried for 4 second(s) with 200 milliseconds interval)","time":{"start":1758859607970,"stop":1758859621843,"duration":13873}},{"uid":"a2e6e65ba189b640","reportUrl":"http://172.31.95.175:8080/job/demoblazeProjectSelenide/12/allure/#testresult/a2e6e65ba189b640","status":"failed","statusDetails":"Alert not found\nScreenshot: file:/app/target/screenshots/1758782596227.2.png\nPage source: file:/app/target/screenshots/1758782596227.2.html\nTimeout: 4 s.\nCaused by: TimeoutException: Expected condition failed: waiting for alert to be present (tried for 4 second(s) with 200 milliseconds interval)","time":{"start":1758782584691,"stop":1758782596765,"duration":12074}}]},"tags":["PlaceOrder","regression","E2E","OrderPlacement","Smoke"]},"source":"ddd1929c37a020be.json","parameterValues":[]}