{"uid":"fdd508c864529b1f","name":"Validate order form with different data combinations","fullName":"src/test/resources/features/OrderPlacement.feature:63","historyId":"9bc16aba663f1409866776e236045ea1","time":{"start":1758894981322,"stop":1758895003047,"duration":21725},"description":"  As a customer on DemoBlaze e-commerce website\n  I want to place orders for items in my cart\n  So that I can complete my purchase and receive the products","descriptionHtml":"<p>As a customer on DemoBlaze e-commerce website<br />\nI want to place orders for items in my cart<br />\nSo that I can complete my purchase and receive the products</p>\n","status":"failed","statusMessage":"Alert not found\nScreenshot: file:/app/target/screenshots/1758895001605.4.png\nPage source: file:/app/target/screenshots/1758895001605.4.html\nTimeout: 4 s.\nCaused by: TimeoutException: Expected condition failed: waiting for alert to be present (tried for 4 second(s) with 200 milliseconds interval)","statusTrace":"Alert not found\nScreenshot: file:/app/target/screenshots/1758895001605.4.png\nPage source: file:/app/target/screenshots/1758895001605.4.html\nTimeout: 4 s.\nCaused by: TimeoutException: Expected condition failed: waiting for alert to be present (tried for 4 second(s) with 200 milliseconds interval)\n\tat com.codeborne.selenide.SelenideTargetLocator.alertNotFoundError(SelenideTargetLocator.java:308)\n\tat com.codeborne.selenide.SelenideTargetLocator.alert(SelenideTargetLocator.java:182)\n\tat com.codeborne.selenide.SelenideTargetLocator.alert(SelenideTargetLocator.java:172)\n\tat stepDefinitions.OrderPlacementSteps.i_should_see_appropriate_response_for_order(OrderPlacementSteps.java:162)\n\tat ✽.I should see appropriate response for order \"valid_order\"(file:///app/src/test/resources/features/OrderPlacement.feature:59)\nCaused by: org.openqa.selenium.TimeoutException: Expected condition failed: waiting for alert to be present (tried for 4 second(s) with 200 milliseconds interval)\nBuild info: version: '4.35.0', revision: '1c58e5028b'\nSystem info: os.name: 'Linux', os.arch: 'amd64', os.version: '6.6.87.2-microsoft-standard-WSL2', java.version: '21'\nDriver info: driver.version: unknown\n\tat org.openqa.selenium.support.ui.FluentWait.timeoutException(FluentWait.java:265)\n\tat org.openqa.selenium.support.ui.FluentWait.until(FluentWait.java:228)\n\tat com.codeborne.selenide.SelenideTargetLocator.alert(SelenideTargetLocator.java:179)\n\tat com.codeborne.selenide.SelenideTargetLocator.alert(SelenideTargetLocator.java:172)\n\tat stepDefinitions.OrderPlacementSteps.i_should_see_appropriate_response_for_order(OrderPlacementSteps.java:162)\n\tat java.base/jdk.internal.reflect.DirectMethodHandleAccessor.invoke(DirectMethodHandleAccessor.java:103)\n\tat java.base/java.lang.reflect.Method.invoke(Method.java:580)\n\tat io.cucumber.java.Invoker.doInvoke(Invoker.java:66)\n\tat io.cucumber.java.Invoker.invoke(Invoker.java:24)\n\tat io.cucumber.java.AbstractGlueDefinition.invokeMethod(AbstractGlueDefinition.java:47)\n\tat io.cucumber.java.JavaStepDefinition.execute(JavaStepDefinition.java:29)\n\tat io.cucumber.core.runner.CoreStepDefinition.execute(CoreStepDefinition.java:66)\n\tat io.cucumber.core.runner.PickleStepDefinitionMatch.runStep(PickleStepDefinitionMatch.java:63)\n\tat io.cucumber.core.runner.ExecutionMode$1.execute(ExecutionMode.java:10)\n\tat io.cucumber.core.runner.TestStep.executeStep(TestStep.java:84)\n\tat io.cucumber.core.runner.TestStep.run(TestStep.java:56)\n\tat io.cucumber.core.runner.PickleStepTestStep.run(PickleStepTestStep.java:51)\n\tat io.cucumber.core.runner.TestCase.run(TestCase.java:84)\n\tat io.cucumber.core.runner.Runner.runPickle(Runner.java:75)\n\tat io.cucumber.junit.PickleRunners$NoStepDescriptions.lambda$run$0(PickleRunners.java:151)\n\tat io.cucumber.core.runtime.CucumberExecutionContext.lambda$runTestCase$5(CucumberExecutionContext.java:137)\n\tat io.cucumber.core.runtime.RethrowingThrowableCollector.executeAndThrow(RethrowingThrowableCollector.java:23)\n\tat io.cucumber.core.runtime.CucumberExecutionContext.runTestCase(CucumberExecutionContext.java:137)\n\tat io.cucumber.junit.PickleRunners$NoStepDescriptions.run(PickleRunners.java:148)\n\tat io.cucumber.junit.FeatureRunner.runChild(FeatureRunner.java:144)\n\tat io.cucumber.junit.FeatureRunner.runChild(FeatureRunner.java:28)\n\tat org.junit.runners.ParentRunner$4.run(ParentRunner.java:331)\n\tat org.junit.runners.ParentRunner$1.schedule(ParentRunner.java:79)\n\tat org.junit.runners.ParentRunner.runChildren(ParentRunner.java:329)\n\tat org.junit.runners.ParentRunner.access$100(ParentRunner.java:66)\n\tat org.junit.runners.ParentRunner$2.evaluate(ParentRunner.java:293)\n\tat org.junit.runners.ParentRunner$3.evaluate(ParentRunner.java:306)\n\tat org.junit.runners.ParentRunner.run(ParentRunner.java:413)\n\tat io.cucumber.junit.FeatureRunner.run(FeatureRunner.java:137)\n\tat io.cucumber.junit.Cucumber.runChild(Cucumber.java:196)\n\tat io.cucumber.junit.Cucumber.runChild(Cucumber.java:89)\n\tat org.junit.runners.ParentRunner$4.run(ParentRunner.java:331)\n\tat org.junit.runners.ParentRunner$1.schedule(ParentRunner.java:79)\n\tat org.junit.runners.ParentRunner.runChildren(ParentRunner.java:329)\n\tat org.junit.runners.ParentRunner.access$100(ParentRunner.java:66)\n\tat org.junit.runners.ParentRunner$2.evaluate(ParentRunner.java:293)\n\tat io.cucumber.core.runtime.CucumberExecutionContext.lambda$runFeatures$6(CucumberExecutionContext.java:148)\n\tat io.cucumber.core.runtime.CucumberExecutionContext.execute(CucumberExecutionContext.java:163)\n\tat io.cucumber.core.runtime.CucumberExecutionContext.runFeatures(CucumberExecutionContext.java:146)\n\tat io.cucumber.junit.Cucumber$StartAndFinishTestRun.evaluate(Cucumber.java:226)\n\tat org.junit.runners.ParentRunner$3.evaluate(ParentRunner.java:306)\n\tat org.junit.runners.ParentRunner.run(ParentRunner.java:413)\n\tat org.junit.runner.JUnitCore.run(JUnitCore.java:137)\n\tat org.junit.runner.JUnitCore.run(JUnitCore.java:115)\n\tat org.junit.vintage.engine.execution.RunnerExecutor.execute(RunnerExecutor.java:42)\n\tat org.junit.vintage.engine.VintageTestEngine.executeAllChildren(VintageTestEngine.java:80)\n\tat org.junit.vintage.engine.VintageTestEngine.execute(VintageTestEngine.java:72)\n\tat org.junit.platform.launcher.core.EngineExecutionOrchestrator.execute(EngineExecutionOrchestrator.java:198)\n\tat org.junit.platform.launcher.core.EngineExecutionOrchestrator.execute(EngineExecutionOrchestrator.java:169)\n\tat org.junit.platform.launcher.core.EngineExecutionOrchestrator.execute(EngineExecutionOrchestrator.java:93)\n\tat org.junit.platform.launcher.core.EngineExecutionOrchestrator.lambda$execute$0(EngineExecutionOrchestrator.java:58)\n\tat org.junit.platform.launcher.core.EngineExecutionOrchestrator.withInterceptedStreams(EngineExecutionOrchestrator.java:141)\n\tat org.junit.platform.launcher.core.EngineExecutionOrchestrator.execute(EngineExecutionOrchestrator.java:57)\n\tat org.junit.platform.launcher.core.DefaultLauncher.execute(DefaultLauncher.java:103)\n\tat org.junit.platform.launcher.core.DefaultLauncher.execute(DefaultLauncher.java:85)\n\tat org.junit.platform.launcher.core.DelegatingLauncher.execute(DelegatingLauncher.java:47)\n\tat org.apache.maven.surefire.junitplatform.LazyLauncher.execute(LazyLauncher.java:55)\n\tat org.apache.maven.surefire.junitplatform.JUnitPlatformProvider.execute(JUnitPlatformProvider.java:223)\n\tat org.apache.maven.surefire.junitplatform.JUnitPlatformProvider.invokeAllTests(JUnitPlatformProvider.java:175)\n\tat org.apache.maven.surefire.junitplatform.JUnitPlatformProvider.invoke(JUnitPlatformProvider.java:139)\n\tat org.apache.maven.surefire.booter.ForkedBooter.runSuitesInProcess(ForkedBooter.java:456)\n\tat org.apache.maven.surefire.booter.ForkedBooter.execute(ForkedBooter.java:169)\n\tat org.apache.maven.surefire.booter.ForkedBooter.run(ForkedBooter.java:595)\n\tat org.apache.maven.surefire.booter.ForkedBooter.main(ForkedBooter.java:581)\n","flaky":false,"newFailed":false,"newBroken":false,"newPassed":false,"retriesCount":15,"retriesStatusChange":true,"beforeStages":[{"name":"hooks.Hooks.setUp(io.cucumber.java.Scenario)","time":{"start":1758894981322,"stop":1758894981323,"duration":1},"status":"passed","steps":[],"attachments":[],"parameters":[],"shouldDisplayMessage":false,"stepsCount":0,"attachmentsCount":0,"hasContent":false,"attachmentStep":false}],"testStage":{"description":"  As a customer on DemoBlaze e-commerce website\n  I want to place orders for items in my cart\n  So that I can complete my purchase and receive the products","status":"failed","statusMessage":"Alert not found\nScreenshot: file:/app/target/screenshots/1758895001605.4.png\nPage source: file:/app/target/screenshots/1758895001605.4.html\nTimeout: 4 s.\nCaused by: TimeoutException: Expected condition failed: waiting for alert to be present (tried for 4 second(s) with 200 milliseconds interval)","statusTrace":"Alert not found\nScreenshot: file:/app/target/screenshots/1758895001605.4.png\nPage source: file:/app/target/screenshots/1758895001605.4.html\nTimeout: 4 s.\nCaused by: TimeoutException: Expected condition failed: waiting for alert to be present (tried for 4 second(s) with 200 milliseconds interval)\n\tat com.codeborne.selenide.SelenideTargetLocator.alertNotFoundError(SelenideTargetLocator.java:308)\n\tat com.codeborne.selenide.SelenideTargetLocator.alert(SelenideTargetLocator.java:182)\n\tat com.codeborne.selenide.SelenideTargetLocator.alert(SelenideTargetLocator.java:172)\n\tat stepDefinitions.OrderPlacementSteps.i_should_see_appropriate_response_for_order(OrderPlacementSteps.java:162)\n\tat ✽.I should see appropriate response for order \"valid_order\"(file:///app/src/test/resources/features/OrderPlacement.feature:59)\nCaused by: org.openqa.selenium.TimeoutException: Expected condition failed: waiting for alert to be present (tried for 4 second(s) with 200 milliseconds interval)\nBuild info: version: '4.35.0', revision: '1c58e5028b'\nSystem info: os.name: 'Linux', os.arch: 'amd64', os.version: '6.6.87.2-microsoft-standard-WSL2', java.version: '21'\nDriver info: driver.version: unknown\n\tat org.openqa.selenium.support.ui.FluentWait.timeoutException(FluentWait.java:265)\n\tat org.openqa.selenium.support.ui.FluentWait.until(FluentWait.java:228)\n\tat com.codeborne.selenide.SelenideTargetLocator.alert(SelenideTargetLocator.java:179)\n\tat com.codeborne.selenide.SelenideTargetLocator.alert(SelenideTargetLocator.java:172)\n\tat stepDefinitions.OrderPlacementSteps.i_should_see_appropriate_response_for_order(OrderPlacementSteps.java:162)\n\tat java.base/jdk.internal.reflect.DirectMethodHandleAccessor.invoke(DirectMethodHandleAccessor.java:103)\n\tat java.base/java.lang.reflect.Method.invoke(Method.java:580)\n\tat io.cucumber.java.Invoker.doInvoke(Invoker.java:66)\n\tat io.cucumber.java.Invoker.invoke(Invoker.java:24)\n\tat io.cucumber.java.AbstractGlueDefinition.invokeMethod(AbstractGlueDefinition.java:47)\n\tat io.cucumber.java.JavaStepDefinition.execute(JavaStepDefinition.java:29)\n\tat io.cucumber.core.runner.CoreStepDefinition.execute(CoreStepDefinition.java:66)\n\tat io.cucumber.core.runner.PickleStepDefinitionMatch.runStep(PickleStepDefinitionMatch.java:63)\n\tat io.cucumber.core.runner.ExecutionMode$1.execute(ExecutionMode.java:10)\n\tat io.cucumber.core.runner.TestStep.executeStep(TestStep.java:84)\n\tat io.cucumber.core.runner.TestStep.run(TestStep.java:56)\n\tat io.cucumber.core.runner.PickleStepTestStep.run(PickleStepTestStep.java:51)\n\tat io.cucumber.core.runner.TestCase.run(TestCase.java:84)\n\tat io.cucumber.core.runner.Runner.runPickle(Runner.java:75)\n\tat io.cucumber.junit.PickleRunners$NoStepDescriptions.lambda$run$0(PickleRunners.java:151)\n\tat io.cucumber.core.runtime.CucumberExecutionContext.lambda$runTestCase$5(CucumberExecutionContext.java:137)\n\tat io.cucumber.core.runtime.RethrowingThrowableCollector.executeAndThrow(RethrowingThrowableCollector.java:23)\n\tat io.cucumber.core.runtime.CucumberExecutionContext.runTestCase(CucumberExecutionContext.java:137)\n\tat io.cucumber.junit.PickleRunners$NoStepDescriptions.run(PickleRunners.java:148)\n\tat io.cucumber.junit.FeatureRunner.runChild(FeatureRunner.java:144)\n\tat io.cucumber.junit.FeatureRunner.runChild(FeatureRunner.java:28)\n\tat org.junit.runners.ParentRunner$4.run(ParentRunner.java:331)\n\tat org.junit.runners.ParentRunner$1.schedule(ParentRunner.java:79)\n\tat org.junit.runners.ParentRunner.runChildren(ParentRunner.java:329)\n\tat org.junit.runners.ParentRunner.access$100(ParentRunner.java:66)\n\tat org.junit.runners.ParentRunner$2.evaluate(ParentRunner.java:293)\n\tat org.junit.runners.ParentRunner$3.evaluate(ParentRunner.java:306)\n\tat org.junit.runners.ParentRunner.run(ParentRunner.java:413)\n\tat io.cucumber.junit.FeatureRunner.run(FeatureRunner.java:137)\n\tat io.cucumber.junit.Cucumber.runChild(Cucumber.java:196)\n\tat io.cucumber.junit.Cucumber.runChild(Cucumber.java:89)\n\tat org.junit.runners.ParentRunner$4.run(ParentRunner.java:331)\n\tat org.junit.runners.ParentRunner$1.schedule(ParentRunner.java:79)\n\tat org.junit.runners.ParentRunner.runChildren(ParentRunner.java:329)\n\tat org.junit.runners.ParentRunner.access$100(ParentRunner.java:66)\n\tat org.junit.runners.ParentRunner$2.evaluate(ParentRunner.java:293)\n\tat io.cucumber.core.runtime.CucumberExecutionContext.lambda$runFeatures$6(CucumberExecutionContext.java:148)\n\tat io.cucumber.core.runtime.CucumberExecutionContext.execute(CucumberExecutionContext.java:163)\n\tat io.cucumber.core.runtime.CucumberExecutionContext.runFeatures(CucumberExecutionContext.java:146)\n\tat io.cucumber.junit.Cucumber$StartAndFinishTestRun.evaluate(Cucumber.java:226)\n\tat org.junit.runners.ParentRunner$3.evaluate(ParentRunner.java:306)\n\tat org.junit.runners.ParentRunner.run(ParentRunner.java:413)\n\tat org.junit.runner.JUnitCore.run(JUnitCore.java:137)\n\tat org.junit.runner.JUnitCore.run(JUnitCore.java:115)\n\tat org.junit.vintage.engine.execution.RunnerExecutor.execute(RunnerExecutor.java:42)\n\tat org.junit.vintage.engine.VintageTestEngine.executeAllChildren(VintageTestEngine.java:80)\n\tat org.junit.vintage.engine.VintageTestEngine.execute(VintageTestEngine.java:72)\n\tat org.junit.platform.launcher.core.EngineExecutionOrchestrator.execute(EngineExecutionOrchestrator.java:198)\n\tat org.junit.platform.launcher.core.EngineExecutionOrchestrator.execute(EngineExecutionOrchestrator.java:169)\n\tat org.junit.platform.launcher.core.EngineExecutionOrchestrator.execute(EngineExecutionOrchestrator.java:93)\n\tat org.junit.platform.launcher.core.EngineExecutionOrchestrator.lambda$execute$0(EngineExecutionOrchestrator.java:58)\n\tat org.junit.platform.launcher.core.EngineExecutionOrchestrator.withInterceptedStreams(EngineExecutionOrchestrator.java:141)\n\tat org.junit.platform.launcher.core.EngineExecutionOrchestrator.execute(EngineExecutionOrchestrator.java:57)\n\tat org.junit.platform.launcher.core.DefaultLauncher.execute(DefaultLauncher.java:103)\n\tat org.junit.platform.launcher.core.DefaultLauncher.execute(DefaultLauncher.java:85)\n\tat org.junit.platform.launcher.core.DelegatingLauncher.execute(DelegatingLauncher.java:47)\n\tat org.apache.maven.surefire.junitplatform.LazyLauncher.execute(LazyLauncher.java:55)\n\tat org.apache.maven.surefire.junitplatform.JUnitPlatformProvider.execute(JUnitPlatformProvider.java:223)\n\tat org.apache.maven.surefire.junitplatform.JUnitPlatformProvider.invokeAllTests(JUnitPlatformProvider.java:175)\n\tat org.apache.maven.surefire.junitplatform.JUnitPlatformProvider.invoke(JUnitPlatformProvider.java:139)\n\tat org.apache.maven.surefire.booter.ForkedBooter.runSuitesInProcess(ForkedBooter.java:456)\n\tat org.apache.maven.surefire.booter.ForkedBooter.execute(ForkedBooter.java:169)\n\tat org.apache.maven.surefire.booter.ForkedBooter.run(ForkedBooter.java:595)\n\tat org.apache.maven.surefire.booter.ForkedBooter.main(ForkedBooter.java:581)\n","steps":[{"name":"Given I navigate to the DemoBlaze home page","time":{"start":1758894981323,"stop":1758894989521,"duration":8198},"status":"passed","steps":[{"name":"Navigate to DemoBlaze home page","time":{"start":1758894981324,"stop":1758894989521,"duration":8197},"status":"passed","steps":[{"name":"$(\"open\") https://www.demoblaze.com/index.html","time":{"start":1758894981324,"stop":1758894989521,"duration":8197},"status":"passed","steps":[{"name":"$(\"webdriver\") create()","time":{"start":1758894981324,"stop":1758894984520,"duration":3196},"status":"passed","steps":[],"attachments":[],"parameters":[],"shouldDisplayMessage":false,"stepsCount":0,"attachmentsCount":0,"hasContent":false,"attachmentStep":false}],"attachments":[],"parameters":[],"shouldDisplayMessage":false,"stepsCount":1,"attachmentsCount":0,"hasContent":true,"attachmentStep":false}],"attachments":[],"parameters":[],"shouldDisplayMessage":false,"stepsCount":2,"attachmentsCount":0,"hasContent":true,"attachmentStep":false}],"attachments":[],"parameters":[],"shouldDisplayMessage":false,"stepsCount":3,"attachmentsCount":0,"hasContent":true,"attachmentStep":false},{"name":"Given I add \"Nexus 6\" to cart","time":{"start":1758894989521,"stop":1758894995693,"duration":6172},"status":"passed","steps":[{"name":"Add product Nexus 6 to cart","time":{"start":1758894989522,"stop":1758894995692,"duration":6170},"status":"passed","steps":[{"name":"$(\".card-title[0]\") click()","time":{"start":1758894989522,"stop":1758894992877,"duration":3355},"status":"passed","steps":[],"attachments":[],"parameters":[],"shouldDisplayMessage":false,"stepsCount":0,"attachmentsCount":0,"hasContent":false,"attachmentStep":false},{"name":"$(\"By.linkText: Add to cart\") click()","time":{"start":1758894992878,"stop":1758894994019,"duration":1141},"status":"passed","steps":[],"attachments":[],"parameters":[],"shouldDisplayMessage":false,"stepsCount":0,"attachmentsCount":0,"hasContent":false,"attachmentStep":false},{"name":"$(\"open\") https://www.demoblaze.com/index.html","time":{"start":1758894994657,"stop":1758894995692,"duration":1035},"status":"passed","steps":[],"attachments":[],"parameters":[],"shouldDisplayMessage":false,"stepsCount":0,"attachmentsCount":0,"hasContent":false,"attachmentStep":false}],"attachments":[],"parameters":[{"name":"productName","value":"Nexus 6"}],"shouldDisplayMessage":false,"stepsCount":3,"attachmentsCount":0,"hasContent":true,"attachmentStep":false}],"attachments":[],"parameters":[],"shouldDisplayMessage":false,"stepsCount":4,"attachmentsCount":0,"hasContent":true,"attachmentStep":false},{"name":"When I navigate to cart page","time":{"start":1758894995693,"stop":1758894996512,"duration":819},"status":"passed","steps":[{"name":"Navigate to cart page","time":{"start":1758894995693,"stop":1758894996512,"duration":819},"status":"passed","steps":[{"name":"$(\"#cartur\") click()","time":{"start":1758894995693,"stop":1758894996512,"duration":819},"status":"passed","steps":[],"attachments":[],"parameters":[],"shouldDisplayMessage":false,"stepsCount":0,"attachmentsCount":0,"hasContent":false,"attachmentStep":false}],"attachments":[],"parameters":[],"shouldDisplayMessage":false,"stepsCount":1,"attachmentsCount":0,"hasContent":true,"attachmentStep":false}],"attachments":[],"parameters":[],"shouldDisplayMessage":false,"stepsCount":2,"attachmentsCount":0,"hasContent":true,"attachmentStep":false},{"name":"And I click place order button","time":{"start":1758894996513,"stop":1758894996857,"duration":344},"status":"passed","steps":[{"name":"Click place order button","time":{"start":1758894996513,"stop":1758894996857,"duration":344},"status":"passed","steps":[{"name":"$(\"By.xpath: //button[text()='Place Order']\") click()","time":{"start":1758894996513,"stop":1758894996856,"duration":343},"status":"passed","steps":[],"attachments":[],"parameters":[],"shouldDisplayMessage":false,"stepsCount":0,"attachmentsCount":0,"hasContent":false,"attachmentStep":false}],"attachments":[],"parameters":[],"shouldDisplayMessage":false,"stepsCount":1,"attachmentsCount":0,"hasContent":true,"attachmentStep":false}],"attachments":[],"parameters":[],"shouldDisplayMessage":false,"stepsCount":2,"attachmentsCount":0,"hasContent":true,"attachmentStep":false},{"name":"And I fill order details:","time":{"start":1758894996857,"stop":1758894997254,"duration":397},"status":"passed","steps":[{"name":"Fill order details with specified data","time":{"start":1758894996858,"stop":1758894997254,"duration":396},"status":"passed","steps":[{"name":"$(\"#name\") set value(John Doe)","time":{"start":1758894996859,"stop":1758894996981,"duration":122},"status":"passed","steps":[],"attachments":[],"parameters":[],"shouldDisplayMessage":false,"stepsCount":0,"attachmentsCount":0,"hasContent":false,"attachmentStep":false},{"name":"$(\"#country\") set value(USA)","time":{"start":1758894996981,"stop":1758894997031,"duration":50},"status":"passed","steps":[],"attachments":[],"parameters":[],"shouldDisplayMessage":false,"stepsCount":0,"attachmentsCount":0,"hasContent":false,"attachmentStep":false},{"name":"$(\"#city\") set value(New York)","time":{"start":1758894997032,"stop":1758894997093,"duration":61},"status":"passed","steps":[],"attachments":[],"parameters":[],"shouldDisplayMessage":false,"stepsCount":0,"attachmentsCount":0,"hasContent":false,"attachmentStep":false},{"name":"$(\"#card\") set value(1234567890123456)","time":{"start":1758894997093,"stop":1758894997157,"duration":64},"status":"passed","steps":[],"attachments":[],"parameters":[],"shouldDisplayMessage":false,"stepsCount":0,"attachmentsCount":0,"hasContent":false,"attachmentStep":false},{"name":"$(\"#month\") set value(12)","time":{"start":1758894997157,"stop":1758894997201,"duration":44},"status":"passed","steps":[],"attachments":[],"parameters":[],"shouldDisplayMessage":false,"stepsCount":0,"attachmentsCount":0,"hasContent":false,"attachmentStep":false},{"name":"$(\"#year\") set value(2025)","time":{"start":1758894997202,"stop":1758894997254,"duration":52},"status":"passed","steps":[],"attachments":[],"parameters":[],"shouldDisplayMessage":false,"stepsCount":0,"attachmentsCount":0,"hasContent":false,"attachmentStep":false}],"attachments":[],"parameters":[{"name":"dataTable","value":"| field      | value            |\n| name       | John Doe         |\n| country    | USA              |\n| city       | New York         |\n| creditCard | 1234567890123456 |\n| month      | 12               |\n| year       | 2025             |\n"}],"shouldDisplayMessage":false,"stepsCount":6,"attachmentsCount":0,"hasContent":true,"attachmentStep":false}],"attachments":[{"uid":"6ff4db0ae4538385","name":"Data table","source":"6ff4db0ae4538385.csv","type":"text/tab-separated-values","size":99}],"parameters":[],"shouldDisplayMessage":false,"stepsCount":7,"attachmentsCount":1,"hasContent":true,"attachmentStep":false},{"name":"And I click purchase button","time":{"start":1758894997255,"stop":1758894997529,"duration":274},"status":"passed","steps":[{"name":"Click purchase button to complete order","time":{"start":1758894997255,"stop":1758894997529,"duration":274},"status":"passed","steps":[{"name":"$(\"By.xpath: //button[text()='Purchase']\") click()","time":{"start":1758894997255,"stop":1758894997529,"duration":274},"status":"passed","steps":[],"attachments":[],"parameters":[],"shouldDisplayMessage":false,"stepsCount":0,"attachmentsCount":0,"hasContent":false,"attachmentStep":false}],"attachments":[],"parameters":[],"shouldDisplayMessage":false,"stepsCount":1,"attachmentsCount":0,"hasContent":true,"attachmentStep":false}],"attachments":[],"parameters":[],"shouldDisplayMessage":false,"stepsCount":2,"attachmentsCount":0,"hasContent":true,"attachmentStep":false},{"name":"Then I should see appropriate response for order \"valid_order\"","time":{"start":1758894997529,"stop":1758895001729,"duration":4200},"status":"failed","statusMessage":"Alert not found\nScreenshot: file:/app/target/screenshots/1758895001605.4.png\nPage source: file:/app/target/screenshots/1758895001605.4.html\nTimeout: 4 s.\nCaused by: TimeoutException: Expected condition failed: waiting for alert to be present (tried for 4 second(s) with 200 milliseconds interval)","statusTrace":"Alert not found\nScreenshot: file:/app/target/screenshots/1758895001605.4.png\nPage source: file:/app/target/screenshots/1758895001605.4.html\nTimeout: 4 s.\nCaused by: TimeoutException: Expected condition failed: waiting for alert to be present (tried for 4 second(s) with 200 milliseconds interval)\n\tat com.codeborne.selenide.SelenideTargetLocator.alertNotFoundError(SelenideTargetLocator.java:308)\n\tat com.codeborne.selenide.SelenideTargetLocator.alert(SelenideTargetLocator.java:182)\n\tat com.codeborne.selenide.SelenideTargetLocator.alert(SelenideTargetLocator.java:172)\n\tat stepDefinitions.OrderPlacementSteps.i_should_see_appropriate_response_for_order(OrderPlacementSteps.java:162)\n\tat ✽.I should see appropriate response for order \"valid_order\"(file:///app/src/test/resources/features/OrderPlacement.feature:59)\nCaused by: org.openqa.selenium.TimeoutException: Expected condition failed: waiting for alert to be present (tried for 4 second(s) with 200 milliseconds interval)\nBuild info: version: '4.35.0', revision: '1c58e5028b'\nSystem info: os.name: 'Linux', os.arch: 'amd64', os.version: '6.6.87.2-microsoft-standard-WSL2', java.version: '21'\nDriver info: driver.version: unknown\n\tat org.openqa.selenium.support.ui.FluentWait.timeoutException(FluentWait.java:265)\n\tat org.openqa.selenium.support.ui.FluentWait.until(FluentWait.java:228)\n\tat com.codeborne.selenide.SelenideTargetLocator.alert(SelenideTargetLocator.java:179)\n\tat com.codeborne.selenide.SelenideTargetLocator.alert(SelenideTargetLocator.java:172)\n\tat stepDefinitions.OrderPlacementSteps.i_should_see_appropriate_response_for_order(OrderPlacementSteps.java:162)\n\tat java.base/jdk.internal.reflect.DirectMethodHandleAccessor.invoke(DirectMethodHandleAccessor.java:103)\n\tat java.base/java.lang.reflect.Method.invoke(Method.java:580)\n\tat io.cucumber.java.Invoker.doInvoke(Invoker.java:66)\n\tat io.cucumber.java.Invoker.invoke(Invoker.java:24)\n\tat io.cucumber.java.AbstractGlueDefinition.invokeMethod(AbstractGlueDefinition.java:47)\n\tat io.cucumber.java.JavaStepDefinition.execute(JavaStepDefinition.java:29)\n\tat io.cucumber.core.runner.CoreStepDefinition.execute(CoreStepDefinition.java:66)\n\tat io.cucumber.core.runner.PickleStepDefinitionMatch.runStep(PickleStepDefinitionMatch.java:63)\n\tat io.cucumber.core.runner.ExecutionMode$1.execute(ExecutionMode.java:10)\n\tat io.cucumber.core.runner.TestStep.executeStep(TestStep.java:84)\n\tat io.cucumber.core.runner.TestStep.run(TestStep.java:56)\n\tat io.cucumber.core.runner.PickleStepTestStep.run(PickleStepTestStep.java:51)\n\tat io.cucumber.core.runner.TestCase.run(TestCase.java:84)\n\tat io.cucumber.core.runner.Runner.runPickle(Runner.java:75)\n\tat io.cucumber.junit.PickleRunners$NoStepDescriptions.lambda$run$0(PickleRunners.java:151)\n\tat io.cucumber.core.runtime.CucumberExecutionContext.lambda$runTestCase$5(CucumberExecutionContext.java:137)\n\tat io.cucumber.core.runtime.RethrowingThrowableCollector.executeAndThrow(RethrowingThrowableCollector.java:23)\n\tat io.cucumber.core.runtime.CucumberExecutionContext.runTestCase(CucumberExecutionContext.java:137)\n\tat io.cucumber.junit.PickleRunners$NoStepDescriptions.run(PickleRunners.java:148)\n\tat io.cucumber.junit.FeatureRunner.runChild(FeatureRunner.java:144)\n\tat io.cucumber.junit.FeatureRunner.runChild(FeatureRunner.java:28)\n\tat org.junit.runners.ParentRunner$4.run(ParentRunner.java:331)\n\tat org.junit.runners.ParentRunner$1.schedule(ParentRunner.java:79)\n\tat org.junit.runners.ParentRunner.runChildren(ParentRunner.java:329)\n\tat org.junit.runners.ParentRunner.access$100(ParentRunner.java:66)\n\tat org.junit.runners.ParentRunner$2.evaluate(ParentRunner.java:293)\n\tat org.junit.runners.ParentRunner$3.evaluate(ParentRunner.java:306)\n\tat org.junit.runners.ParentRunner.run(ParentRunner.java:413)\n\tat io.cucumber.junit.FeatureRunner.run(FeatureRunner.java:137)\n\tat io.cucumber.junit.Cucumber.runChild(Cucumber.java:196)\n\tat io.cucumber.junit.Cucumber.runChild(Cucumber.java:89)\n\tat org.junit.runners.ParentRunner$4.run(ParentRunner.java:331)\n\tat org.junit.runners.ParentRunner$1.schedule(ParentRunner.java:79)\n\tat org.junit.runners.ParentRunner.runChildren(ParentRunner.java:329)\n\tat org.junit.runners.ParentRunner.access$100(ParentRunner.java:66)\n\tat org.junit.runners.ParentRunner$2.evaluate(ParentRunner.java:293)\n\tat io.cucumber.core.runtime.CucumberExecutionContext.lambda$runFeatures$6(CucumberExecutionContext.java:148)\n\tat io.cucumber.core.runtime.CucumberExecutionContext.execute(CucumberExecutionContext.java:163)\n\tat io.cucumber.core.runtime.CucumberExecutionContext.runFeatures(CucumberExecutionContext.java:146)\n\tat io.cucumber.junit.Cucumber$StartAndFinishTestRun.evaluate(Cucumber.java:226)\n\tat org.junit.runners.ParentRunner$3.evaluate(ParentRunner.java:306)\n\tat org.junit.runners.ParentRunner.run(ParentRunner.java:413)\n\tat org.junit.runner.JUnitCore.run(JUnitCore.java:137)\n\tat org.junit.runner.JUnitCore.run(JUnitCore.java:115)\n\tat org.junit.vintage.engine.execution.RunnerExecutor.execute(RunnerExecutor.java:42)\n\tat org.junit.vintage.engine.VintageTestEngine.executeAllChildren(VintageTestEngine.java:80)\n\tat org.junit.vintage.engine.VintageTestEngine.execute(VintageTestEngine.java:72)\n\tat org.junit.platform.launcher.core.EngineExecutionOrchestrator.execute(EngineExecutionOrchestrator.java:198)\n\tat org.junit.platform.launcher.core.EngineExecutionOrchestrator.execute(EngineExecutionOrchestrator.java:169)\n\tat org.junit.platform.launcher.core.EngineExecutionOrchestrator.execute(EngineExecutionOrchestrator.java:93)\n\tat org.junit.platform.launcher.core.EngineExecutionOrchestrator.lambda$execute$0(EngineExecutionOrchestrator.java:58)\n\tat org.junit.platform.launcher.core.EngineExecutionOrchestrator.withInterceptedStreams(EngineExecutionOrchestrator.java:141)\n\tat org.junit.platform.launcher.core.EngineExecutionOrchestrator.execute(EngineExecutionOrchestrator.java:57)\n\tat org.junit.platform.launcher.core.DefaultLauncher.execute(DefaultLauncher.java:103)\n\tat org.junit.platform.launcher.core.DefaultLauncher.execute(DefaultLauncher.java:85)\n\tat org.junit.platform.launcher.core.DelegatingLauncher.execute(DelegatingLauncher.java:47)\n\tat org.apache.maven.surefire.junitplatform.LazyLauncher.execute(LazyLauncher.java:55)\n\tat org.apache.maven.surefire.junitplatform.JUnitPlatformProvider.execute(JUnitPlatformProvider.java:223)\n\tat org.apache.maven.surefire.junitplatform.JUnitPlatformProvider.invokeAllTests(JUnitPlatformProvider.java:175)\n\tat org.apache.maven.surefire.junitplatform.JUnitPlatformProvider.invoke(JUnitPlatformProvider.java:139)\n\tat org.apache.maven.surefire.booter.ForkedBooter.runSuitesInProcess(ForkedBooter.java:456)\n\tat org.apache.maven.surefire.booter.ForkedBooter.execute(ForkedBooter.java:169)\n\tat org.apache.maven.surefire.booter.ForkedBooter.run(ForkedBooter.java:595)\n\tat org.apache.maven.surefire.booter.ForkedBooter.main(ForkedBooter.java:581)\n","steps":[{"name":"Verify appropriate response for order scenario valid_order","time":{"start":1758894997530,"stop":1758895001728,"duration":4198},"status":"failed","statusMessage":"Alert not found\nScreenshot: file:/app/target/screenshots/1758895001605.4.png\nPage source: file:/app/target/screenshots/1758895001605.4.html\nTimeout: 4 s.\nCaused by: TimeoutException: Expected condition failed: waiting for alert to be present (tried for 4 second(s) with 200 milliseconds interval)","statusTrace":"Alert not found\nScreenshot: file:/app/target/screenshots/1758895001605.4.png\nPage source: file:/app/target/screenshots/1758895001605.4.html\nTimeout: 4 s.\nCaused by: TimeoutException: Expected condition failed: waiting for alert to be present (tried for 4 second(s) with 200 milliseconds interval)\n\tat com.codeborne.selenide.SelenideTargetLocator.alertNotFoundError(SelenideTargetLocator.java:308)\n\tat com.codeborne.selenide.SelenideTargetLocator.alert(SelenideTargetLocator.java:182)\n\tat com.codeborne.selenide.SelenideTargetLocator.alert(SelenideTargetLocator.java:172)\n\tat stepDefinitions.OrderPlacementSteps.i_should_see_appropriate_response_for_order(OrderPlacementSteps.java:162)\n\tat java.base/jdk.internal.reflect.DirectMethodHandleAccessor.invoke(DirectMethodHandleAccessor.java:103)\n\tat java.base/java.lang.reflect.Method.invoke(Method.java:580)\n\tat io.cucumber.java.Invoker.doInvoke(Invoker.java:66)\n\tat io.cucumber.java.Invoker.invoke(Invoker.java:24)\n\tat io.cucumber.java.AbstractGlueDefinition.invokeMethod(AbstractGlueDefinition.java:47)\n\tat io.cucumber.java.JavaStepDefinition.execute(JavaStepDefinition.java:29)\n\tat io.cucumber.core.runner.CoreStepDefinition.execute(CoreStepDefinition.java:66)\n\tat io.cucumber.core.runner.PickleStepDefinitionMatch.runStep(PickleStepDefinitionMatch.java:63)\n\tat io.cucumber.core.runner.ExecutionMode$1.execute(ExecutionMode.java:10)\n\tat io.cucumber.core.runner.TestStep.executeStep(TestStep.java:84)\n\tat io.cucumber.core.runner.TestStep.run(TestStep.java:56)\n\tat io.cucumber.core.runner.PickleStepTestStep.run(PickleStepTestStep.java:51)\n\tat io.cucumber.core.runner.TestCase.run(TestCase.java:84)\n\tat io.cucumber.core.runner.Runner.runPickle(Runner.java:75)\n\tat io.cucumber.junit.PickleRunners$NoStepDescriptions.lambda$run$0(PickleRunners.java:151)\n\tat io.cucumber.core.runtime.CucumberExecutionContext.lambda$runTestCase$5(CucumberExecutionContext.java:137)\n\tat io.cucumber.core.runtime.RethrowingThrowableCollector.executeAndThrow(RethrowingThrowableCollector.java:23)\n\tat io.cucumber.core.runtime.CucumberExecutionContext.runTestCase(CucumberExecutionContext.java:137)\n\tat io.cucumber.junit.PickleRunners$NoStepDescriptions.run(PickleRunners.java:148)\n\tat io.cucumber.junit.FeatureRunner.runChild(FeatureRunner.java:144)\n\tat io.cucumber.junit.FeatureRunner.runChild(FeatureRunner.java:28)\n\tat org.junit.runners.ParentRunner$4.run(ParentRunner.java:331)\n\tat org.junit.runners.ParentRunner$1.schedule(ParentRunner.java:79)\n\tat org.junit.runners.ParentRunner.runChildren(ParentRunner.java:329)\n\tat org.junit.runners.ParentRunner.access$100(ParentRunner.java:66)\n\tat org.junit.runners.ParentRunner$2.evaluate(ParentRunner.java:293)\n\tat org.junit.runners.ParentRunner$3.evaluate(ParentRunner.java:306)\n\tat org.junit.runners.ParentRunner.run(ParentRunner.java:413)\n\tat io.cucumber.junit.FeatureRunner.run(FeatureRunner.java:137)\n\tat io.cucumber.junit.Cucumber.runChild(Cucumber.java:196)\n\tat io.cucumber.junit.Cucumber.runChild(Cucumber.java:89)\n\tat org.junit.runners.ParentRunner$4.run(ParentRunner.java:331)\n\tat org.junit.runners.ParentRunner$1.schedule(ParentRunner.java:79)\n\tat org.junit.runners.ParentRunner.runChildren(ParentRunner.java:329)\n\tat org.junit.runners.ParentRunner.access$100(ParentRunner.java:66)\n\tat org.junit.runners.ParentRunner$2.evaluate(ParentRunner.java:293)\n\tat io.cucumber.core.runtime.CucumberExecutionContext.lambda$runFeatures$6(CucumberExecutionContext.java:148)\n\tat io.cucumber.core.runtime.CucumberExecutionContext.execute(CucumberExecutionContext.java:163)\n\tat io.cucumber.core.runtime.CucumberExecutionContext.runFeatures(CucumberExecutionContext.java:146)\n\tat io.cucumber.junit.Cucumber$StartAndFinishTestRun.evaluate(Cucumber.java:226)\n\tat org.junit.runners.ParentRunner$3.evaluate(ParentRunner.java:306)\n\tat org.junit.runners.ParentRunner.run(ParentRunner.java:413)\n\tat org.junit.runner.JUnitCore.run(JUnitCore.java:137)\n\tat org.junit.runner.JUnitCore.run(JUnitCore.java:115)\n\tat org.junit.vintage.engine.execution.RunnerExecutor.execute(RunnerExecutor.java:42)\n\tat org.junit.vintage.engine.VintageTestEngine.executeAllChildren(VintageTestEngine.java:80)\n\tat org.junit.vintage.engine.VintageTestEngine.execute(VintageTestEngine.java:72)\n\tat org.junit.platform.launcher.core.EngineExecutionOrchestrator.execute(EngineExecutionOrchestrator.java:198)\n\tat org.junit.platform.launcher.core.EngineExecutionOrchestrator.execute(EngineExecutionOrchestrator.java:169)\n\tat org.junit.platform.launcher.core.EngineExecutionOrchestrator.execute(EngineExecutionOrchestrator.java:93)\n\tat org.junit.platform.launcher.core.EngineExecutionOrchestrator.lambda$execute$0(EngineExecutionOrchestrator.java:58)\n\tat org.junit.platform.launcher.core.EngineExecutionOrchestrator.withInterceptedStreams(EngineExecutionOrchestrator.java:141)\n\tat org.junit.platform.launcher.core.EngineExecutionOrchestrator.execute(EngineExecutionOrchestrator.java:57)\n\tat org.junit.platform.launcher.core.DefaultLauncher.execute(DefaultLauncher.java:103)\n\tat org.junit.platform.launcher.core.DefaultLauncher.execute(DefaultLauncher.java:85)\n\tat org.junit.platform.launcher.core.DelegatingLauncher.execute(DelegatingLauncher.java:47)\n\tat org.apache.maven.surefire.junitplatform.LazyLauncher.execute(LazyLauncher.java:55)\n\tat org.apache.maven.surefire.junitplatform.JUnitPlatformProvider.execute(JUnitPlatformProvider.java:223)\n\tat org.apache.maven.surefire.junitplatform.JUnitPlatformProvider.invokeAllTests(JUnitPlatformProvider.java:175)\n\tat org.apache.maven.surefire.junitplatform.JUnitPlatformProvider.invoke(JUnitPlatformProvider.java:139)\n\tat org.apache.maven.surefire.booter.ForkedBooter.runSuitesInProcess(ForkedBooter.java:456)\n\tat org.apache.maven.surefire.booter.ForkedBooter.execute(ForkedBooter.java:169)\n\tat org.apache.maven.surefire.booter.ForkedBooter.run(ForkedBooter.java:595)\n\tat org.apache.maven.surefire.booter.ForkedBooter.main(ForkedBooter.java:581)\nCaused by: org.openqa.selenium.TimeoutException: Expected condition failed: waiting for alert to be present (tried for 4 second(s) with 200 milliseconds interval)\nBuild info: version: '4.35.0', revision: '1c58e5028b'\nSystem info: os.name: 'Linux', os.arch: 'amd64', os.version: '6.6.87.2-microsoft-standard-WSL2', java.version: '21'\nDriver info: driver.version: unknown\n\tat org.openqa.selenium.support.ui.FluentWait.timeoutException(FluentWait.java:265)\n\tat org.openqa.selenium.support.ui.FluentWait.until(FluentWait.java:228)\n\tat com.codeborne.selenide.SelenideTargetLocator.alert(SelenideTargetLocator.java:179)\n\t... 66 more\n","steps":[],"attachments":[],"parameters":[{"name":"scenario","value":"valid_order"}],"shouldDisplayMessage":true,"stepsCount":0,"attachmentsCount":0,"hasContent":true,"attachmentStep":false}],"attachments":[],"parameters":[],"shouldDisplayMessage":false,"stepsCount":1,"attachmentsCount":0,"hasContent":true,"attachmentStep":false}],"attachments":[],"parameters":[],"shouldDisplayMessage":false,"stepsCount":28,"attachmentsCount":1,"hasContent":true,"attachmentStep":false},"afterStages":[{"name":"hooks.Hooks.tearDown(io.cucumber.java.Scenario)","time":{"start":1758895001730,"stop":1758895003046,"duration":1316},"status":"passed","steps":[],"attachments":[],"parameters":[],"shouldDisplayMessage":false,"stepsCount":0,"attachmentsCount":0,"hasContent":false,"attachmentStep":false}],"labels":[{"name":"tag","value":"OrderPlacement"},{"name":"tag","value":"E2E"},{"name":"tag","value":"regression"},{"name":"tag","value":"OrderFormValidation"},{"name":"tag","value":"Edge"},{"name":"host","value":"3a121e775a8c"},{"name":"thread","value":"99@3a121e775a8c.main(1)"},{"name":"feature","value":"DemoBlaze Order Placement"},{"name":"story","value":"Validate order form with different data combinations"},{"name":"suite","value":"DemoBlaze Order Placement"},{"name":"testClass","value":"Validate order form with different data combinations"},{"name":"framework","value":"cucumber4jvm"},{"name":"language","value":"java"},{"name":"gherkin_uri","value":"file:///app/src/test/resources/features/OrderPlacement.feature"},{"name":"package","value":"src.test.resources.features.OrderPlacement_feature.DemoBlaze Order Placement"},{"name":"resultFormat","value":"allure2"}],"parameters":[{"name":"city","value":"New York"},{"name":"country","value":"USA"},{"name":"creditCard","value":"1234567890123456"},{"name":"month","value":"12"},{"name":"name","value":"John Doe"},{"name":"scenario","value":"valid_order"},{"name":"year","value":"2025"}],"links":[],"hidden":false,"retry":false,"extra":{"severity":"normal","retries":[{"uid":"f32b736313277567","status":"broken","statusDetails":"unknown error: net::ERR_NAME_NOT_RESOLVED\n  (Session info: chrome=140.0.7339.207)\nBuild info: version: '4.35.0', revision: '1c58e5028b'\nSystem info: os.name: 'Linux', os.arch: 'amd64', os.version: '6.6.87.2-microsoft-standard-WSL2', java.version: '21'\nDriver info: org.openqa.selenium.chrome.ChromeDriver\nCommand: [fcae814c454b6205aab31c1c9645f160, get {url=https://www.demoblaze.com/index.html}]\nselenide.url: https://www.demoblaze.com/index.html\nCapabilities {acceptInsecureCerts: true, browserName: chrome, browserVersion: 140.0.7339.207, chrome: {chromedriverVersion: 140.0.7339.207 (17230b545fd..., userDataDir: /tmp/chrome-user-data-17588...}, fedcm:accounts: true, goog:chromeOptions: {debuggerAddress: localhost:9222}, networkConnectionEnabled: false, pageLoadStrategy: normal, platformName: linux, proxy: Proxy(), se:cdp: ws://localhost:9222/devtool..., se:cdpVersion: 140.0.7339.207, setWindowRect: true, strictFileInteractability: false, timeouts: {implicit: 0, pageLoad: 300000, script: 30000}, unhandledPromptBehavior: accept, webauthn:extension:credBlob: true, webauthn:extension:largeBlob: true, webauthn:extension:minPinLength: true, webauthn:extension:prf: true, webauthn:virtualAuthenticators: true}\nselenide.baseUrl: http://localhost:8080\nSession ID: fcae814c454b6205aab31c1c9645f160","time":{"start":1758886083868,"stop":1758886086415,"duration":2547}},{"uid":"243eae70c1095557","status":"failed","statusDetails":"Alert not found\nScreenshot: file:/app/target/screenshots/1758882305280.4.png\nPage source: file:/app/target/screenshots/1758882305280.4.html\nTimeout: 4 s.\nCaused by: TimeoutException: Expected condition failed: waiting for alert to be present (tried for 4 second(s) with 200 milliseconds interval)","time":{"start":1758882294461,"stop":1758882305781,"duration":11320}},{"uid":"197ad2601c9cb664","status":"failed","statusDetails":"Alert not found\nScreenshot: file:/app/target/screenshots/1758879819424.4.png\nPage source: file:/app/target/screenshots/1758879819424.4.html\nTimeout: 4 s.\nCaused by: TimeoutException: Expected condition failed: waiting for alert to be present (tried for 4 second(s) with 200 milliseconds interval)","time":{"start":1758879803122,"stop":1758879820734,"duration":17612}},{"uid":"e7271070f2b2d9b9","status":"failed","statusDetails":"Alert not found\nScreenshot: file:/app/target/screenshots/1758877637165.3.png\nPage source: file:/app/target/screenshots/1758877637165.3.html\nTimeout: 4 s.\nCaused by: TimeoutException: Expected condition failed: waiting for alert to be present (tried for 4 second(s) with 200 milliseconds interval)","time":{"start":1758877626662,"stop":1758877637746,"duration":11084}},{"uid":"c2012c557675cee5","status":"failed","statusDetails":"Alert not found\nScreenshot: file:/app/target/screenshots/1758874827076.4.png\nPage source: file:/app/target/screenshots/1758874827076.4.html\nTimeout: 4 s.\nCaused by: TimeoutException: Expected condition failed: waiting for alert to be present (tried for 4 second(s) with 200 milliseconds interval)","time":{"start":1758874816663,"stop":1758874827555,"duration":10892}},{"uid":"43721540e8fae1ec","status":"failed","statusDetails":"Alert not found\nScreenshot: file:/app/target/screenshots/1758873553571.3.png\nPage source: file:/app/target/screenshots/1758873553571.3.html\nTimeout: 4 s.\nCaused by: TimeoutException: Expected condition failed: waiting for alert to be present (tried for 4 second(s) with 200 milliseconds interval)","time":{"start":1758873542378,"stop":1758873554357,"duration":11979}},{"uid":"f48e48b26b25e135","status":"failed","statusDetails":"Alert not found\nScreenshot: file:/app/target/screenshots/1758865595178.3.png\nPage source: file:/app/target/screenshots/1758865595178.3.html\nTimeout: 4 s.\nCaused by: TimeoutException: Expected condition failed: waiting for alert to be present (tried for 4 second(s) with 200 milliseconds interval)","time":{"start":1758865586128,"stop":1758865595750,"duration":9622}},{"uid":"89737e6a5df091ad","status":"failed","statusDetails":"Alert not found\nScreenshot: file:/app/target/screenshots/1758862798250.3.png\nPage source: file:/app/target/screenshots/1758862798250.3.html\nTimeout: 4 s.\nCaused by: TimeoutException: Expected condition failed: waiting for alert to be present (tried for 4 second(s) with 200 milliseconds interval)","time":{"start":1758862787584,"stop":1758862798793,"duration":11209}},{"uid":"d8cd381aac48c253","status":"failed","statusDetails":"Alert not found\nScreenshot: file:/app/target/screenshots/1758861077440.3.png\nPage source: file:/app/target/screenshots/1758861077440.3.html\nTimeout: 4 s.\nCaused by: TimeoutException: Expected condition failed: waiting for alert to be present (tried for 4 second(s) with 200 milliseconds interval)","time":{"start":1758861055137,"stop":1758861079593,"duration":24456}},{"uid":"8f14518c15bbeb4","status":"failed","statusDetails":"Alert not found\nScreenshot: file:/app/target/screenshots/1758859641532.3.png\nPage source: file:/app/target/screenshots/1758859641532.3.html\nTimeout: 4 s.\nCaused by: TimeoutException: Expected condition failed: waiting for alert to be present (tried for 4 second(s) with 200 milliseconds interval)","time":{"start":1758859630505,"stop":1758859642011,"duration":11506}},{"uid":"a1155a885d95439a","status":"failed","statusDetails":"Alert not found\nScreenshot: file:/app/target/screenshots/1758782436474.3.png\nPage source: file:/app/target/screenshots/1758782436474.3.html\nTimeout: 4 s.\nCaused by: TimeoutException: Expected condition failed: waiting for alert to be present (tried for 4 second(s) with 200 milliseconds interval)","time":{"start":1758782424614,"stop":1758782437000,"duration":12386}},{"uid":"66aa7bbf6511d79f","status":"failed","statusDetails":"Alert not found\nScreenshot: file:/app/target/screenshots/1758781879038.3.png\nPage source: file:/app/target/screenshots/1758781879038.3.html\nTimeout: 4 s.\nCaused by: TimeoutException: Expected condition failed: waiting for alert to be present (tried for 4 second(s) with 200 milliseconds interval)","time":{"start":1758781869380,"stop":1758781879436,"duration":10056}},{"uid":"9c000d3c0ce641cf","status":"failed","statusDetails":"Alert not found\nScreenshot: file:/home/jenkins/workspace/demoblazeProjectSelenide/target/screenshots/1758781090193.3.png\nPage source: file:/home/jenkins/workspace/demoblazeProjectSelenide/target/screenshots/1758781090193.3.html\nTimeout: 4 s.\nCaused by: TimeoutException: Expected condition failed: waiting for alert to be present (tried for 4 second(s) with 200 milliseconds interval)","time":{"start":1758781075206,"stop":1758781090729,"duration":15523}},{"uid":"de7fe28c3c774e7f","status":"failed","statusDetails":"Alert not found\nScreenshot: file:/app/target/screenshots/1758780665260.4.png\nPage source: file:/app/target/screenshots/1758780665260.4.html\nTimeout: 4 s.\nCaused by: TimeoutException: Expected condition failed: waiting for alert to be present (tried for 4 second(s) with 200 milliseconds interval)","time":{"start":1758780655365,"stop":1758780665706,"duration":10341}},{"uid":"286da9e86898f1b7","status":"failed","statusDetails":"Alert not found\nScreenshot: file:/app/target/screenshots/1758779791063.3.png\nPage source: file:/app/target/screenshots/1758779791063.3.html\nTimeout: 4 s.\nCaused by: TimeoutException: Expected condition failed: waiting for alert to be present (tried for 4 second(s) with 200 milliseconds interval)","time":{"start":1758779781630,"stop":1758779791488,"duration":9858}}],"categories":[{"name":"Product defects","matchedStatuses":[],"flaky":false}],"history":{"statistic":{"failed":12,"broken":0,"skipped":0,"passed":0,"unknown":0,"total":12},"items":[{"uid":"25f4df608c9f2ef2","reportUrl":"http://172.31.95.175:8080/job/demoblazeProjectSelenide/25/allure/#testresult/25f4df608c9f2ef2","status":"failed","statusDetails":"Alert not found\nScreenshot: file:/app/target/screenshots/1758882305280.4.png\nPage source: file:/app/target/screenshots/1758882305280.4.html\nTimeout: 4 s.\nCaused by: TimeoutException: Expected condition failed: waiting for alert to be present (tried for 4 second(s) with 200 milliseconds interval)","time":{"start":1758882294461,"stop":1758882305781,"duration":11320}},{"uid":"8f9cb5b10c1af6b5","reportUrl":"http://172.31.95.175:8080/job/demoblazeProjectSelenide/24/allure/#testresult/8f9cb5b10c1af6b5","status":"failed","statusDetails":"Alert not found\nScreenshot: file:/app/target/screenshots/1758879819424.4.png\nPage source: file:/app/target/screenshots/1758879819424.4.html\nTimeout: 4 s.\nCaused by: TimeoutException: Expected condition failed: waiting for alert to be present (tried for 4 second(s) with 200 milliseconds interval)","time":{"start":1758879803122,"stop":1758879820734,"duration":17612}},{"uid":"4a03338c3017bfc8","reportUrl":"http://172.31.95.175:8080/job/demoblazeProjectSelenide/23/allure/#testresult/4a03338c3017bfc8","status":"failed","statusDetails":"Alert not found\nScreenshot: file:/app/target/screenshots/1758877637165.3.png\nPage source: file:/app/target/screenshots/1758877637165.3.html\nTimeout: 4 s.\nCaused by: TimeoutException: Expected condition failed: waiting for alert to be present (tried for 4 second(s) with 200 milliseconds interval)","time":{"start":1758877626662,"stop":1758877637746,"duration":11084}},{"uid":"7e029847c9176abd","reportUrl":"http://172.31.95.175:8080/job/demoblazeProjectSelenide/21/allure/#testresult/7e029847c9176abd","status":"failed","statusDetails":"Alert not found\nScreenshot: file:/app/target/screenshots/1758874827076.4.png\nPage source: file:/app/target/screenshots/1758874827076.4.html\nTimeout: 4 s.\nCaused by: TimeoutException: Expected condition failed: waiting for alert to be present (tried for 4 second(s) with 200 milliseconds interval)","time":{"start":1758874816663,"stop":1758874827555,"duration":10892}},{"uid":"d73e9cb720d2cd12","reportUrl":"http://172.31.95.175:8080/job/demoblazeProjectSelenide/20/allure/#testresult/d73e9cb720d2cd12","status":"failed","statusDetails":"Alert not found\nScreenshot: file:/app/target/screenshots/1758873553571.3.png\nPage source: file:/app/target/screenshots/1758873553571.3.html\nTimeout: 4 s.\nCaused by: TimeoutException: Expected condition failed: waiting for alert to be present (tried for 4 second(s) with 200 milliseconds interval)","time":{"start":1758873542378,"stop":1758873554357,"duration":11979}},{"uid":"c8eda74f4d8fb7ad","reportUrl":"http://172.31.95.175:8080/job/demoblazeProjectSelenide/19/allure/#testresult/c8eda74f4d8fb7ad","status":"failed","statusDetails":"Alert not found\nScreenshot: file:/app/target/screenshots/1758873553571.3.png\nPage source: file:/app/target/screenshots/1758873553571.3.html\nTimeout: 4 s.\nCaused by: TimeoutException: Expected condition failed: waiting for alert to be present (tried for 4 second(s) with 200 milliseconds interval)","time":{"start":1758873542378,"stop":1758873554357,"duration":11979}},{"uid":"b0cf08bb75b23c62","reportUrl":"http://172.31.95.175:8080/job/demoblazeProjectSelenide/18/allure/#testresult/b0cf08bb75b23c62","status":"failed","statusDetails":"Alert not found\nScreenshot: file:/app/target/screenshots/1758865595178.3.png\nPage source: file:/app/target/screenshots/1758865595178.3.html\nTimeout: 4 s.\nCaused by: TimeoutException: Expected condition failed: waiting for alert to be present (tried for 4 second(s) with 200 milliseconds interval)","time":{"start":1758865586128,"stop":1758865595750,"duration":9622}},{"uid":"f56b6f83c6dff37c","reportUrl":"http://172.31.95.175:8080/job/demoblazeProjectSelenide/17/allure/#testresult/f56b6f83c6dff37c","status":"failed","statusDetails":"Alert not found\nScreenshot: file:/app/target/screenshots/1758862798250.3.png\nPage source: file:/app/target/screenshots/1758862798250.3.html\nTimeout: 4 s.\nCaused by: TimeoutException: Expected condition failed: waiting for alert to be present (tried for 4 second(s) with 200 milliseconds interval)","time":{"start":1758862787584,"stop":1758862798793,"duration":11209}},{"uid":"2838d90d0cc0f37f","reportUrl":"http://172.31.95.175:8080/job/demoblazeProjectSelenide/16/allure/#testresult/2838d90d0cc0f37f","status":"failed","statusDetails":"Alert not found\nScreenshot: file:/app/target/screenshots/1758861175992.5.png\nPage source: file:/app/target/screenshots/1758861175992.5.html\nTimeout: 4 s.\nCaused by: TimeoutException: Expected condition failed: waiting for alert to be present (tried for 4 second(s) with 200 milliseconds interval)","time":{"start":1758861157174,"stop":1758861177982,"duration":20808}},{"uid":"649e6ceac2360ed9","reportUrl":"http://172.31.95.175:8080/job/demoblazeProjectSelenide/14/allure/#testresult/649e6ceac2360ed9","status":"failed","statusDetails":"Alert not found\nScreenshot: file:/app/target/screenshots/1758859641532.3.png\nPage source: file:/app/target/screenshots/1758859641532.3.html\nTimeout: 4 s.\nCaused by: TimeoutException: Expected condition failed: waiting for alert to be present (tried for 4 second(s) with 200 milliseconds interval)","time":{"start":1758859630505,"stop":1758859642011,"duration":11506}},{"uid":"3f2dd4ed967fa1e9","reportUrl":"http://172.31.95.175:8080/job/demoblazeProjectSelenide/12/allure/#testresult/3f2dd4ed967fa1e9","status":"failed","statusDetails":"Alert not found\nScreenshot: file:/app/target/screenshots/1758782616741.3.png\nPage source: file:/app/target/screenshots/1758782616741.3.html\nTimeout: 4 s.\nCaused by: TimeoutException: Expected condition failed: waiting for alert to be present (tried for 4 second(s) with 200 milliseconds interval)","time":{"start":1758782604548,"stop":1758782617160,"duration":12612}}]},"tags":["regression","E2E","OrderPlacement","OrderFormValidation","Edge"]},"source":"fdd508c864529b1f.json","parameterValues":["New York","USA","1234567890123456","12","John Doe","valid_order","2025"]}