{"uuid":"50d41f6e-1432-410c-be21-a6883fae65f9","historyId":"92e583fd674f5f3290e1e23772567577","testCaseId":"[engine:junit-vintage]/[runner:runners.CucumberTestRunner]/[test:rO0ABXNyAClpby5jdWN1bWJlci5qdW5pdC5GZWF0dXJlUnVubmVyJEZlYXR1cmVJZAAAAAAAAAABAgABTAADdXJpdAAOTGphdmEvbmV0L1VSSTt4cHNyAAxqYXZhLm5ldC5VUkmsAXguQ55JqwMAAUwABnN0cmluZ3QAEkxqYXZhL2xhbmcvU3RyaW5nO3hwdABqZmlsZTovLy9ob21lL2plbmtpbnMvd29ya3NwYWNlL2RlbW9ibGF6ZVByb2plY3RTZWxlbmlkZS9zcmMvdGVzdC9yZXNvdXJjZXMvZmVhdHVyZXMvT3JkZXJQbGFjZW1lbnQuZmVhdHVyZXg=]/[test:rO0ABXNyAChpby5jdWN1bWJlci5qdW5pdC5QaWNrbGVSdW5uZXJzJFBpY2tsZUlkAAAAAAAAAAECAAJJAApwaWNrbGVMaW5lTAADdXJpdAAOTGphdmEvbmV0L1VSSTt4cAAAAFFzcgAMamF2YS5uZXQuVVJJrAF4LkOeSasDAAFMAAZzdHJpbmd0ABJMamF2YS9sYW5nL1N0cmluZzt4cHQAamZpbGU6Ly8vaG9tZS9qZW5raW5zL3dvcmtzcGFjZS9kZW1vYmxhemVQcm9qZWN0U2VsZW5pZGUvc3JjL3Rlc3QvcmVzb3VyY2VzL2ZlYXR1cmVzL09yZGVyUGxhY2VtZW50LmZlYXR1cmV4]","testCaseName":"Place order with multiple products","labels":[{"name":"junit.platform.uniqueid","value":"[engine:junit-vintage]/[runner:runners.CucumberTestRunner]/[test:rO0ABXNyAClpby5jdWN1bWJlci5qdW5pdC5GZWF0dXJlUnVubmVyJEZlYXR1cmVJZAAAAAAAAAABAgABTAADdXJpdAAOTGphdmEvbmV0L1VSSTt4cHNyAAxqYXZhLm5ldC5VUkmsAXguQ55JqwMAAUwABnN0cmluZ3QAEkxqYXZhL2xhbmcvU3RyaW5nO3hwdABqZmlsZTovLy9ob21lL2plbmtpbnMvd29ya3NwYWNlL2RlbW9ibGF6ZVByb2plY3RTZWxlbmlkZS9zcmMvdGVzdC9yZXNvdXJjZXMvZmVhdHVyZXMvT3JkZXJQbGFjZW1lbnQuZmVhdHVyZXg=]/[test:rO0ABXNyAChpby5jdWN1bWJlci5qdW5pdC5QaWNrbGVSdW5uZXJzJFBpY2tsZUlkAAAAAAAAAAECAAJJAApwaWNrbGVMaW5lTAADdXJpdAAOTGphdmEvbmV0L1VSSTt4cAAAAFFzcgAMamF2YS5uZXQuVVJJrAF4LkOeSasDAAFMAAZzdHJpbmd0ABJMamF2YS9sYW5nL1N0cmluZzt4cHQAamZpbGU6Ly8vaG9tZS9qZW5raW5zL3dvcmtzcGFjZS9kZW1vYmxhemVQcm9qZWN0U2VsZW5pZGUvc3JjL3Rlc3QvcmVzb3VyY2VzL2ZlYXR1cmVzL09yZGVyUGxhY2VtZW50LmZlYXR1cmV4]"},{"name":"host","value":"EMMANUEL-LAPTOP"},{"name":"thread","value":"6291@EMMANUEL-LAPTOP.main(1)"},{"name":"framework","value":"junit-platform"},{"name":"language","value":"java"}],"links":[],"name":"Place order with multiple products","status":"failed","statusDetails":{"known":false,"muted":false,"flaky":false,"message":"Alert not found\nScreenshot: file:/home/jenkins/workspace/demoblazeProjectSelenide/target/screenshots/1758781177174.6.png\nPage source: file:/home/jenkins/workspace/demoblazeProjectSelenide/target/screenshots/1758781177174.6.html\nTimeout: 4 s.\nCaused by: TimeoutException: Expected condition failed: waiting for alert to be present (tried for 4 second(s) with 200 milliseconds interval)","trace":"Alert not found\nScreenshot: file:/home/jenkins/workspace/demoblazeProjectSelenide/target/screenshots/1758781177174.6.png\nPage source: file:/home/jenkins/workspace/demoblazeProjectSelenide/target/screenshots/1758781177174.6.html\nTimeout: 4 s.\nCaused by: TimeoutException: Expected condition failed: waiting for alert to be present (tried for 4 second(s) with 200 milliseconds interval)\n\tat com.codeborne.selenide.SelenideTargetLocator.alertNotFoundError(SelenideTargetLocator.java:308)\n\tat com.codeborne.selenide.SelenideTargetLocator.alert(SelenideTargetLocator.java:182)\n\tat com.codeborne.selenide.SelenideTargetLocator.alert(SelenideTargetLocator.java:172)\n\tat stepDefinitions.CartSteps.i_add_to_cart(CartSteps.java:84)\n\tat âœ½.I add \"Nokia lumia 1520\" to cart(file:///home/jenkins/workspace/demoblazeProjectSelenide/src/test/resources/features/OrderPlacement.feature:83)\nCaused by: org.openqa.selenium.TimeoutException: Expected condition failed: waiting for alert to be present (tried for 4 second(s) with 200 milliseconds interval)\nBuild info: version: '4.35.0', revision: '1c58e5028b'\nSystem info: os.name: 'Linux', os.arch: 'amd64', os.version: '6.6.87.2-microsoft-standard-WSL2', java.version: '21.0.8'\nDriver info: driver.version: unknown\n\tat org.openqa.selenium.support.ui.FluentWait.timeoutException(FluentWait.java:265)\n\tat org.openqa.selenium.support.ui.FluentWait.until(FluentWait.java:228)\n\tat com.codeborne.selenide.SelenideTargetLocator.alert(SelenideTargetLocator.java:179)\n\tat com.codeborne.selenide.SelenideTargetLocator.alert(SelenideTargetLocator.java:172)\n\tat stepDefinitions.CartSteps.i_add_to_cart(CartSteps.java:84)\n\tat java.base/java.lang.reflect.Method.invoke(Method.java:580)\n\tat io.cucumber.java.Invoker.doInvoke(Invoker.java:66)\n\tat io.cucumber.java.Invoker.invoke(Invoker.java:24)\n\tat io.cucumber.java.AbstractGlueDefinition.invokeMethod(AbstractGlueDefinition.java:47)\n\tat io.cucumber.java.JavaStepDefinition.execute(JavaStepDefinition.java:29)\n\tat io.cucumber.core.runner.CoreStepDefinition.execute(CoreStepDefinition.java:66)\n\tat io.cucumber.core.runner.PickleStepDefinitionMatch.runStep(PickleStepDefinitionMatch.java:63)\n\tat io.cucumber.core.runner.ExecutionMode$1.execute(ExecutionMode.java:10)\n\tat io.cucumber.core.runner.TestStep.executeStep(TestStep.java:84)\n\tat io.cucumber.core.runner.TestStep.run(TestStep.java:56)\n\tat io.cucumber.core.runner.PickleStepTestStep.run(PickleStepTestStep.java:51)\n\tat io.cucumber.core.runner.TestCase.run(TestCase.java:84)\n\tat io.cucumber.core.runner.Runner.runPickle(Runner.java:75)\n\tat io.cucumber.junit.PickleRunners$NoStepDescriptions.lambda$run$0(PickleRunners.java:151)\n\tat io.cucumber.core.runtime.CucumberExecutionContext.lambda$runTestCase$5(CucumberExecutionContext.java:137)\n\tat io.cucumber.core.runtime.RethrowingThrowableCollector.executeAndThrow(RethrowingThrowableCollector.java:23)\n\tat io.cucumber.core.runtime.CucumberExecutionContext.runTestCase(CucumberExecutionContext.java:137)\n\tat io.cucumber.junit.PickleRunners$NoStepDescriptions.run(PickleRunners.java:148)\n\tat io.cucumber.junit.FeatureRunner.runChild(FeatureRunner.java:144)\n\tat io.cucumber.junit.FeatureRunner.runChild(FeatureRunner.java:28)\n\tat io.cucumber.junit.FeatureRunner.run(FeatureRunner.java:137)\n\tat io.cucumber.junit.Cucumber.runChild(Cucumber.java:196)\n\tat io.cucumber.junit.Cucumber.runChild(Cucumber.java:89)\n\tat io.cucumber.core.runtime.CucumberExecutionContext.lambda$runFeatures$6(CucumberExecutionContext.java:148)\n\tat io.cucumber.core.runtime.CucumberExecutionContext.execute(CucumberExecutionContext.java:163)\n\tat io.cucumber.core.runtime.CucumberExecutionContext.runFeatures(CucumberExecutionContext.java:146)\n\tat io.cucumber.junit.Cucumber$StartAndFinishTestRun.evaluate(Cucumber.java:226)\n"},"stage":"finished","description":"","steps":[],"attachments":[],"parameters":[],"start":1758781159030,"stop":1758781177933}