{"uuid":"176dc600-1d6f-447c-ab9a-109126aadad7","historyId":"dea83b2a24fde5e604990e155f9df6df","testCaseId":"[engine:junit-jupiter]/[class:tests.OrderPlacementTest]/[method:testOrderPlacementWithValidData()]","testCaseName":"Test order placement with valid data","fullName":"tests.OrderPlacementTest.testOrderPlacementWithValidData","labels":[{"name":"junit.platform.uniqueid","value":"[engine:junit-jupiter]/[class:tests.OrderPlacementTest]/[method:testOrderPlacementWithValidData()]"},{"name":"host","value":"EMMANUEL-LAPTOP"},{"name":"thread","value":"29168@EMMANUEL-LAPTOP.main(1)"},{"name":"framework","value":"junit-platform"},{"name":"language","value":"java"},{"name":"package","value":"tests.OrderPlacementTest"},{"name":"testClass","value":"tests.OrderPlacementTest"},{"name":"testMethod","value":"testOrderPlacementWithValidData"},{"name":"suite","value":"tests.OrderPlacementTest"}],"links":[],"name":"Test order placement with valid data","status":"failed","statusDetails":{"known":false,"muted":false,"flaky":false,"message":"Invalid element state [li[class='nav-item active'] a[class='nav-link']]: element click intercepted: Element <a class=\"nav-link\" href=\"index.html\">...</a> is not clickable at point (492, 37). Other element would receive the click: <div class=\"modal-backdrop fade\"></div>\r\nScreenshot: file:/E:/Courses/Amalitech%20GTP/Projects/demoblazeProjectPlaywright/build/reports/tests/1758712224557.0.png\r\nPage source: file:/E:/Courses/Amalitech%20GTP/Projects/demoblazeProjectPlaywright/build/reports/tests/1758712224557.0.html\r\nTimeout: 4 s.\r\nCaused by: ElementClickInterceptedException: element click intercepted: Element <a class=\"nav-link\" href=\"index.html\">...</a> is not clickable at point (492, 37). Other element would receive the click: <div class=\"modal-backdrop fade\"></div>","trace":"Invalid element state [li[class='nav-item active'] a[class='nav-link']]: element click intercepted: Element <a class=\"nav-link\" href=\"index.html\">...</a> is not clickable at point (492, 37). Other element would receive the click: <div class=\"modal-backdrop fade\"></div>\r\nScreenshot: file:/E:/Courses/Amalitech%20GTP/Projects/demoblazeProjectPlaywright/build/reports/tests/1758712224557.0.png\r\nPage source: file:/E:/Courses/Amalitech%20GTP/Projects/demoblazeProjectPlaywright/build/reports/tests/1758712224557.0.html\r\nTimeout: 4 s.\r\nCaused by: ElementClickInterceptedException: element click intercepted: Element <a class=\"nav-link\" href=\"index.html\">...</a> is not clickable at point (492, 37). Other element would receive the click: <div class=\"modal-backdrop fade\"></div>\r\n\tat com.codeborne.selenide.impl.ExceptionWrapper.wrap(ExceptionWrapper.java:19)\r\n\tat com.codeborne.selenide.impl.SelenideElementProxy.dispatchAndRetry(SelenideElementProxy.java:153)\r\n\tat com.codeborne.selenide.impl.SelenideElementProxy.invoke(SelenideElementProxy.java:83)\r\n\tat jdk.proxy1/jdk.proxy1.$Proxy14.click(Unknown Source)\r\n\tat pages.CartPage.navigateToHome(CartPage.java:96)\r\n\tat tests.OrderPlacementTest.testOrderPlacementWithValidData(OrderPlacementTest.java:64)\r\n\tat java.base/java.lang.reflect.Method.invoke(Method.java:580)\r\n\tat java.base/java.util.ArrayList.forEach(ArrayList.java:1596)\r\n\tat java.base/java.util.ArrayList.forEach(ArrayList.java:1596)\r\nCaused by: org.openqa.selenium.ElementClickInterceptedException: element click intercepted: Element <a class=\"nav-link\" href=\"index.html\">...</a> is not clickable at point (492, 37). Other element would receive the click: <div class=\"modal-backdrop fade\"></div>\n  (Session info: chrome=140.0.7339.185)\nBuild info: version: '4.35.0', revision: '1c58e5028b'\nSystem info: os.name: 'Windows 11', os.arch: 'amd64', os.version: '10.0', java.version: '21.0.6'\nDriver info: org.openqa.selenium.chrome.ChromeDriver\nCommand: [f662b012998899e5561c8de3ddc6cd2d, clickElement {id=f.F1B6E70A134A63A28207DFB0FD2F2036.d.C0C476F4302A31B4D2F8E590DFFB1708.e.245}]\nCapabilities {acceptInsecureCerts: true, browserName: chrome, browserVersion: 140.0.7339.185, chrome: {chromedriverVersion: 140.0.7339.207 (17230b545fd..., userDataDir: C:\\Users\\EMMANU~1\\AppData\\L...}, fedcm:accounts: true, goog:chromeOptions: {debuggerAddress: localhost:14418}, networkConnectionEnabled: false, pageLoadStrategy: normal, platformName: windows, proxy: Proxy(), se:cdp: ws://localhost:14418/devtoo..., se:cdpVersion: 140.0.7339.185, setWindowRect: true, strictFileInteractability: false, timeouts: {implicit: 0, pageLoad: 300000, script: 30000}, unhandledPromptBehavior: accept, webauthn:extension:credBlob: true, webauthn:extension:largeBlob: true, webauthn:extension:minPinLength: true, webauthn:extension:prf: true, webauthn:virtualAuthenticators: true}\nElement: [[ChromeDriver: chrome on windows (f662b012998899e5561c8de3ddc6cd2d)] -> css selector: li[class='nav-item active'] a[class='nav-link']]\nSession ID: f662b012998899e5561c8de3ddc6cd2d\r\n\tat java.base/jdk.internal.reflect.DirectConstructorHandleAccessor.newInstance(DirectConstructorHandleAccessor.java:62)\r\n\tat java.base/java.lang.reflect.Constructor.newInstanceWithCaller(Constructor.java:502)\r\n\tat java.base/java.lang.reflect.Constructor.newInstance(Constructor.java:486)\r\n\tat org.openqa.selenium.remote.ErrorCodec.decode(ErrorCodec.java:167)\r\n\tat org.openqa.selenium.remote.codec.w3c.W3CHttpResponseCodec.decode(W3CHttpResponseCodec.java:138)\r\n\tat org.openqa.selenium.remote.codec.w3c.W3CHttpResponseCodec.decode(W3CHttpResponseCodec.java:50)\r\n\tat org.openqa.selenium.remote.HttpCommandExecutor.execute(HttpCommandExecutor.java:215)\r\n\tat org.openqa.selenium.remote.service.DriverCommandExecutor.invokeExecute(DriverCommandExecutor.java:216)\r\n\tat org.openqa.selenium.remote.service.DriverCommandExecutor.execute(DriverCommandExecutor.java:174)\r\n\tat org.openqa.selenium.remote.RemoteWebDriver.execute(RemoteWebDriver.java:557)\r\n\tat org.openqa.selenium.remote.RemoteWebElement.execute(RemoteWebElement.java:223)\r\n\tat org.openqa.selenium.remote.RemoteWebElement.click(RemoteWebElement.java:76)\r\n\tat com.codeborne.selenide.commands.Click.defaultClick(Click.java:105)\r\n\tat com.codeborne.selenide.commands.Click.doClick(Click.java:83)\r\n\tat com.codeborne.selenide.commands.Click.click(Click.java:59)\r\n\tat com.codeborne.selenide.commands.Click.execute(Click.java:39)\r\n\tat com.codeborne.selenide.FluentCommand.execute(FluentCommand.java:27)\r\n\tat com.codeborne.selenide.FluentCommand.execute(FluentCommand.java:19)\r\n\tat com.codeborne.selenide.commands.Commands.execute(Commands.java:160)\r\n\tat com.codeborne.selenide.impl.SelenideElementProxy.dispatchAndRetry(SelenideElementProxy.java:131)\r\n\t... 7 more\r\n"},"stage":"finished","description":"","steps":[],"attachments":[],"parameters":[],"start":1758712207735,"stop":1758712224838}