{"uid":"ad584d0570e315d9","name":"Test sending invalid contact data","fullName":"ContactModalTest.testSendInvalidContactData","historyId":"ab332b038d69773ae387f700e188859","time":{"start":1758697187193,"stop":1758697193686,"duration":6493},"description":"","status":"passed","flaky":false,"newFailed":false,"newBroken":false,"newPassed":false,"retriesCount":2,"retriesStatusChange":true,"beforeStages":[],"afterStages":[],"labels":[{"name":"junit.platform.uniqueid","value":"[engine:junit-jupiter]/[class:ContactModalTest]/[method:testSendInvalidContactData()]"},{"name":"host","value":"EMMANUEL-LAPTOP"},{"name":"thread","value":"27696@EMMANUEL-LAPTOP.main(1)"},{"name":"framework","value":"junit-platform"},{"name":"language","value":"java"},{"name":"package","value":"ContactModalTest"},{"name":"testClass","value":"ContactModalTest"},{"name":"testMethod","value":"testSendInvalidContactData"},{"name":"suite","value":"ContactModalTest"},{"name":"resultFormat","value":"allure2"}],"parameters":[],"links":[],"hidden":false,"retry":false,"extra":{"severity":"normal","retries":[{"uid":"b60e37a320bb4b97","status":"failed","statusDetails":"Element not found {#modal-header}\r\nExpected: exist\r\nScreenshot: file:/E:/Courses/Amalitech%20GTP/Projects/demoblazeProjectPlaywright/build/reports/tests/1758696806825.0.png\r\nPage source: file:/E:/Courses/Amalitech%20GTP/Projects/demoblazeProjectPlaywright/build/reports/tests/1758696806825.0.html\r\nTimeout: 4 s.\r\nCaused by: NoSuchElementException: no such element: Unable to locate element: {\"method\":\"css selector\",\"selector\":\"#modal\\-header\"}","time":{"start":1758696798542,"stop":1758696807031,"duration":8489}},{"uid":"a976f29491f200f0","status":"failed","statusDetails":"Element not found {By.xpath: //h4[text()='New message']}\r\nExpected: visible\r\nScreenshot: file:/E:/Courses/Amalitech%20GTP/Projects/demoblazeProjectPlaywright/build/reports/tests/1758696312520.0.png\r\nPage source: file:/E:/Courses/Amalitech%20GTP/Projects/demoblazeProjectPlaywright/build/reports/tests/1758696312520.0.html\r\nTimeout: 4 s.\r\nCaused by: NoSuchElementException: no such element: Unable to locate element: {\"method\":\"xpath\",\"selector\":\"//h4[text()='New message']\"}","time":{"start":1758696304771,"stop":1758696312720,"duration":7949}}],"categories":[],"tags":[]},"source":"ad584d0570e315d9.json","parameterValues":[]}